IQ-TREE multicore version 2.0.3 for Linux 64-bit built Apr 26 2020
Developed by Bui Quang Minh, Nguyen Lam Tung, Olga Chernomor,
Heiko Schmidt, Dominik Schrempf, Michael Woodhams.

Host:    microb191 (AVX2, FMA3, 188 GB RAM)
Command: iqtree -ninit 2 -n 2 -me 0.05 -nt 30 -s results/aligned-delim.fasta -m GTR
Seed:    954972 (Using SPRNG - Scalable Parallel Random Number Generator)
Time:    Thu Sep 17 18:59:32 2020
Kernel:  AVX+FMA - 30 threads (48 CPU cores detected)

Reading alignment file results/aligned-delim.fasta ... Fasta format detected
Alignment most likely contains DNA/RNA sequences
Alignment has 101 sequences with 29903 columns, 368 distinct patterns
42 parsimony-informative, 106 singleton sites, 29755 constant sites
                                                 Gap/Ambiguity  Composition  p-value
   1  NC_045512.2                                        0.00%    passed     99.75%
   2  Sichuan_X_X_SC-WCH4-287_X_X_2020                   0.00%    passed     99.75%
   3  Sichuan_X_X_SC-GA-062_X_X_2020                     0.00%    passed     99.75%
   4  Australia_X_X_SA01_X_X_2020                        0.48%    passed     99.89%
   5  Australia_X_X_SAP305_X_X_2020                      0.08%    passed     99.79%
   6  HongKong_X_X_HKPU12_2201_X_X_2020                  5.15%    passed     97.46%
   7  Italy_X_X_SPL1_X_X_2020                            0.00%    passed     99.74%
   8  Sweden_X_X_20-02114_X_X_2020                       0.00%    passed     99.79%
   9  Australia_X_X_SA04_X_X_2020                        0.89%    passed     99.83%
  10  Singapore_X_X_1_X_X_2020                           0.19%    passed     99.97%
  11  Australia_X_X_VIC03_X_X_2020                       0.05%    passed     99.83%
  12  HongKong_X_X_HKPU2_1801_X_X_2020                   3.34%    passed     99.57%
  13  France_X_X_IDF0386-islP1_X_X_2020                  0.10%    passed     99.99%
  14  USA_X_X_CA2_X_X_2020                               0.07%    passed    100.00%
  15  Canada_X_X_ON_ON-VIDO-01-2_X_X_2020                0.25%    passed     99.91%
  16  Ganzhou_X_X_JX81_X_X_2020                          0.12%    passed     99.97%
  17  HongKong_X_X_HKU-907a_X_X_2020                     0.12%    passed     99.96%
  18  HongKong_X_X_HKU-902a_X_X_2020                     0.05%    passed     99.97%
  19  Taiwan_X_X_4_X_X_2020                              0.04%    passed     99.97%
  20  HongKong_X_X_HKU-902b_X_X_2020                     0.04%    passed     99.97%
  21  Thailand_X_X_Nonthaburi_59_X_X_2020                0.05%    passed     99.97%
  22  Thailand_X_X_Nonthaburi_68_X_X_2020                0.15%    passed     99.97%
  23  Thailand_X_X_Phuket_247_X_X_2020                   0.12%    passed     99.98%
  24  HongKong_X_X_HKU-911a_X_X_2020                     0.04%    passed     99.97%
  25  Vietnam_X_X_19-01S_X_X_2020                        0.04%    passed     99.97%
  26  Taiwan_X_X_3_X_X_2020                              0.04%    passed     99.98%
  27  Yunnan_X_X_IVDC-YN-003_X_X_2020                    0.06%    passed     99.99%
  28  Thailand_X_X_Bangkok_238_X_X_2020                  0.13%    passed     99.98%
  29  Thailand_X_X_Bangkok_323_X_X_2020                  0.16%    passed     99.96%
  30  HongKong_X_X_HKU-913a_X_X_2020                     0.04%    passed     99.98%
  31  Singapore_X_X_7_X_X_2020                           0.04%    passed     99.97%
  32  Thailand_X_X_Bangkok_269_X_X_2020                  0.06%    passed     99.99%
  33  Thailand_X_X_Nonthaburi_363_X_X_2020               0.14%    passed     99.99%
  34  Singapore_X_X_466_X_X_2020                         0.80%    passed     99.85%
  35  HongKong_X_X_HKU-903a_X_X_2020                     0.04%    passed     99.94%
  36  Taiwan_X_X_8_X_X_2020                              0.05%    passed     99.98%
  37  HongKong_X_X_VB20017970-2_X_X_2020                 0.23%    passed     99.97%
  38  Wuhan_X_X_WIV02_X_X_2019                           0.26%    passed     99.95%
  39  Vietnam_X_X_19-02S_X_X_2020                        0.04%    passed     99.97%
  40  Guangdong_X_X_20SF629_X_X_2020                     0.12%    passed     99.99%
  41  USA_X_X_AZ1_X_X_2020                               0.07%    passed    100.00%
  42  USA_X_X_CA1_X_X_2020                               0.07%    passed    100.00%
  43  USA_X_X_IL1_X_X_2020                               0.10%    passed     99.99%
  44  USA_X_X_IL2_X_X_2020                               0.07%    passed    100.00%
  45  HongKong_X_X_HKU-001a_X_X_2020                     0.04%    passed     99.96%
  46  Singapore_X_X_15_X_X_2020                          1.39%    passed     99.82%
  47  Malaysia_X_X_MKAK-CL-2020-5047_X_X_2020            0.16%    passed     99.97%
  48  Shanghai_X_X_SH0009_X_X_2020                       0.22%    passed     99.97%
  49  Shanghai_X_X_SH0022_X_X_2020                       0.22%    passed     99.97%
  50  France_X_X_IDF0372_X_X_2020                        0.17%    passed     99.96%
  51  Thailand_X_X_61_X_X_2020                           0.18%    passed     99.95%
  52  Thailand_X_X_NIH-162_X_X_2020                      0.21%    passed     99.98%
  53  France_X_X_IDF0373_X_X_2020                        0.31%    passed     99.99%
  54  Japan_X_X_NA-20-05-1_X_X_2020                      0.08%    passed    100.00%
  55  Japan_X_X_TY-WK-501_X_X_2020                       0.08%    passed    100.00%
  56  Japan_X_X_TY-WK-521_X_X_2020                       0.08%    passed    100.00%
  57  Taiwan_X_X_2_X_X_2020                              0.08%    passed    100.00%
  58  Thailand_X_X_SI200040-NT_X_X_2020                  0.33%    passed     99.94%
  59  Thailand_X_X_SI200383-NT_X_X_2020                  0.31%    passed     99.94%
  60  Thailand_X_X_SI200478-NST_X_X_2020                 0.23%    passed     99.94%
  61  Thailand_X_X_SI200468-NT_X_X_2020                  0.25%    passed     99.91%
  62  Thailand_X_X_SI203285-NT_X_X_2020                  0.28%    passed     99.90%
  63  France_X_X_IDF0515_X_X_2020                        0.13%    passed     99.96%
  64  Wuhan_X_X_WIV05_X_X_2019                           0.17%    passed     99.96%
  65  Germany_X_X_BavPat4-ChVir1019_X_X_2020             0.23%    passed     99.95%
  66  Australia_X_X_NSW01_X_X_2020                       0.40%    passed     99.97%
  67  Australia_X_X_NSW04_X_X_2020                       0.40%    passed     99.96%
  68  Australia_X_X_NSW03_X_X_2020                       0.40%    passed     99.97%
  69  HongKong_X_X_HKU-200723-004_X_X_2020               0.40%    passed     99.97%
  70  Germany_X_X_BavPat1-ChVir929_X_X_2020              0.40%    passed     99.94%
  71  Australia_X_X_NSW2153_X_X_2020                     0.41%    passed     99.91%
  72  Germany_X_X_BavPat2-ChVir984-ChVir1017_X_X_2020    0.15%    passed     99.98%
  73  Nepal_X_X_61_X_X_2020                              0.31%    passed     99.98%
  74  Taiwan_X_X_NTU01_X_X_2020                          1.44%    passed     99.85%
  75  Australia_X_X_QLD01_X_X_2020                       0.20%    passed     99.99%
  76  Australia_X_X_QLD02_X_X_2020                       0.13%    passed     99.98%
  77  SouthKorea_X_X_KCDC03_X_X_2020                     0.28%    passed     99.97%
  78  England_X_X_01_X_X_2020                            0.22%    passed     99.93%
  79  England_X_X_02_X_X_2020                            0.22%    passed     99.92%
  80  Singapore_X_X_20_X_X_2020                          0.07%    passed     99.98%
  81  Wuhan_X_X_0126-C106_X_X_2020                       0.23%    passed     99.95%
  82  HongKong_X_X_VB20024950-2_X_X_2020                 0.37%    passed     99.95%
  83  Italy_X_X_INMI1-cs_X_X_2020                        0.39%    passed     99.97%
  84  India_X_X_1-31_X_X_2020                            0.17%    passed     99.97%
  85  Australia_X_X_VIC02_X_X_2020                       1.04%    passed     99.76%
  86  Australia_X_X_VIC13_X_X_2020                       0.25%    passed     99.91%
  87  SouthKorea_X_X_KCDC2062_X_X_2020                   0.02%    passed     99.85%
  88  SouthKorea_X_X_KCDC2002_X_X_2020                   0.06%    passed     99.74%
  89  HongKong_X_X_VM20001061-2_X_X_2020                 0.18%    passed     99.96%
  90  Malaysia_X_X_IMR_WC119_X_X_2020                    0.78%    passed     99.77%
  91  Malaysia_X_X_IMR_WC085_X_X_2020                    0.06%    passed     99.90%
  92  Australia_X_X_VIC01_X_X_2020                       0.03%    passed     99.69%
  93  Jiangsu_X_X_IVDC-JS-001_X_X_2020                   0.29%    passed     99.94%
  94  Shanghai_X_X_SH0035_X_X_2020                       2.94%    passed     94.39%
  95  SouthKorea_X_X_KCDC06_X_X_2020                     0.38%    passed     99.97%
  96  SouthKorea_X_X_KCDC07_X_X_2020                     0.38%    passed     99.96%
  97  India_X_X_1-27_X_X_2020                            0.16%    passed     99.98%
  98  Malaysia_X_X_MKAK-CL-2020-5096_X_X_2020            0.84%    passed     99.86%
  99  USA_X_X_CA6_X_X_2020                               0.15%    passed     99.99%
 100  Thailand_X_X_NIH-190_X_X_2020                      7.40%    passed     91.51%
 101  Wuhan_X_X_WHUH020_X_X_2020                         0.75%    passed     99.52%
****  TOTAL                                              0.41%  0 sequences failed composition chi2 test (p-value<5%; df=3)

Create initial parsimony tree by phylogenetic likelihood library (PLL)... 0.004 seconds

NOTE: 1 MB RAM (0 GB) is required!
WARNING: Number of threads seems too high for short alignments. Use -nt AUTO to determine best number of threads.
Estimate model parameters (epsilon = 0.500)
1. Initial log-likelihood: -42412.924
2. Current log-likelihood: -42346.773
Optimal log-likelihood: -42346.707
Rate parameters:  A-C: 0.51026  A-G: 1.90023  A-T: 0.37373  C-G: 0.39619  C-T: 3.56086  G-T: 1.00000
Base frequencies:  A: 0.299  C: 0.184  G: 0.196  T: 0.321
Parameters optimization took 2 rounds (0.094 sec)
Computing ML distances based on estimated model parameters... 0.156 sec
Computing BIONJ tree...
0.010 seconds
Log-likelihood of BIONJ tree: -42402.350
--------------------------------------------------------------------
|             INITIALIZING CANDIDATE TREE SET                      |
--------------------------------------------------------------------

Do NNI search on 2 best initial trees
Estimate model parameters (epsilon = 0.500)
BETTER TREE FOUND at iteration 1: -42346.428
Finish initializing candidate tree set (4)
Current best tree score: -42346.428 / CPU time: 0.918
Number of iterations: 2
TREE SEARCH COMPLETED AFTER 2 ITERATIONS / Time: 0h:0m:1s

--------------------------------------------------------------------
|                    FINALIZING TREE SEARCH                        |
--------------------------------------------------------------------
Performs final model parameters optimization
Estimate model parameters (epsilon = 0.050)
1. Initial log-likelihood: -42346.428
Optimal log-likelihood: -42346.420
Rate parameters:  A-C: 0.52082  A-G: 1.89761  A-T: 0.37478  C-G: 0.39565  C-T: 3.59298  G-T: 1.00000
Base frequencies:  A: 0.299  C: 0.184  G: 0.196  T: 0.321
Parameters optimization took 1 rounds (0.041 sec)
BEST SCORE FOUND : -42346.420
Total tree length: 0.006

Total number of iterations: 2
CPU time used for tree search: 27.436 sec (0h:0m:27s)
Wall-clock time used for tree search: 0.919 sec (0h:0m:0s)
Total CPU time used: 32.756 sec (0h:0m:32s)
Total wall-clock time used: 1.147 sec (0h:0m:1s)

Analysis results written to: 
  IQ-TREE report:                results/aligned-delim.fasta.iqtree
  Maximum-likelihood tree:       results/aligned-delim.fasta.treefile
  Likelihood distances:          results/aligned-delim.fasta.mldist
  Screen log file:               results/aligned-delim.fasta.log

Date and Time: Thu Sep 17 18:59:34 2020
