IQ-TREE multicore version 2.0.3 for Linux 64-bit built Apr 26 2020
Developed by Bui Quang Minh, Nguyen Lam Tung, Olga Chernomor,
Heiko Schmidt, Dominik Schrempf, Michael Woodhams.

Host:    microb191 (AVX2, FMA3, 188 GB RAM)
Command: iqtree -ninit 2 -n 2 -me 0.05 -nt 30 -s results/aligned-delim.fasta -m GTR
Seed:    286904 (Using SPRNG - Scalable Parallel Random Number Generator)
Time:    Fri Aug 14 13:51:37 2020
Kernel:  AVX+FMA - 30 threads (48 CPU cores detected)

Reading alignment file results/aligned-delim.fasta ... Fasta format detected
Alignment most likely contains DNA/RNA sequences
Alignment has 917 sequences with 29903 columns, 15308 distinct patterns
686 parsimony-informative, 10260 singleton sites, 18957 constant sites
                                                 Gap/Ambiguity  Composition  p-value
   1  NC_045512.2                                        0.00%    passed     99.16%
   2  USA_X_X_CA-UCSF-UC33_X_X_2020                      2.63%    passed     99.41%
   3  Sichuan_X_X_SC-WCH4-287_X_X_2020                   0.00%    passed     99.16%
   4  USA_X_X_CA-SCCPHD-UC155_X_X_2020                   0.13%    passed    100.00%
   5  Sichuan_X_X_SC-GA-062_X_X_2020                     0.00%    passed     99.18%
   6  Germany_X_X_NRW-03_X_X_2020                        1.38%    passed     99.97%
   7  Germany_X_X_NRW-06_X_X_2020                        0.40%    passed    100.00%
   8  USA_X_X_UT-010_X_X_2020                            0.00%    passed     98.91%
   9  Germany_X_X_NRW-04_X_X_2020                        0.41%    passed    100.00%
  10  Germany_X_X_NRW-07_X_X_2020                        3.24%    passed     99.94%
  11  USA_X_X_CA-SCCPHD-UC116_X_X_2020                   5.60%    passed     99.71%
  12  USA_X_X_CA-SCCPHD-UC13_X_X_2020                    0.47%    passed     99.53%
  13  Brazil_X_X_SP-02_X_X_2020                          0.40%    passed    100.00%
  14  Oman_X_X_RESP-20-4400_X_X_2020                     0.00%    passed     99.15%
  15  USA_X_X_TX-HMH037_X_X_2020                         1.14%    passed     99.98%
  16  USA_X_X_NJ-NYUMC682_X_X_2020                       0.00%    passed     99.23%
  17  USA_X_X_NY-NYUMC210_X_X_2020                       0.10%    passed     99.42%
  18  Italy_X_X_SPL1_X_X_2020                            0.00%    passed     99.15%
  19  USA_X_X_NY-NYUMC99_X_X_2020                        0.29%    passed     99.26%
  20  Sweden_X_X_20-02114_X_X_2020                       0.00%    passed     99.27%
  21  USA_X_X_OR-PROV-001_X_X_2020                       0.00%    passed     99.27%
  22  England_X_X_20078003804_X_X_2020                   0.33%    passed    100.00%
  23  USA_X_X_MD-HP00032_X_X_2020                        0.41%    passed     99.99%
  24  USA_X_X_MD-HP00055_X_X_2020                        0.41%    passed     99.99%
  25  USA_X_X_NY-NYUMC712_X_X_2020                       0.01%    passed     99.46%
  26  USA_X_X_NY-NYUMC31_X_X_2020                        0.16%    passed    100.00%
  27  USA_X_X_CA-CZB-1252_X_X_2020                       0.02%    passed     99.55%
  28  Australia_X_X_SA01_X_X_2020                        0.48%    passed     99.98%
  29  Australia_X_X_SAP305_X_X_2020                      0.08%    passed     99.28%
  30  Australia_X_X_SA04_X_X_2020                        0.89%    passed     99.95%
  31  USA_X_X_CA-SCCPHD-UC124_X_X_2020                   7.13%    passed     96.49%
  32  USA_X_X_NY-NYUMC102_X_X_2020                       0.07%    passed     98.97%
  33  USA_X_X_NY-NYUMC37_X_X_2020                        0.00%    passed     99.14%
  34  USA_X_X_NY-NYUMC535_X_X_2020                       0.00%    passed     99.04%
  35  SouthKorea_X_X_KCDC2120_X_X_2020                   0.00%    passed     99.09%
  36  USA_X_X_CA-SCCPHD-UC139_X_X_2020                   1.69%    passed     99.58%
  37  Australia_X_X_VIC03_X_X_2020                       0.05%    passed     99.35%
  38  SouthKorea_X_X_KCDC2045_X_X_2020                   0.05%    passed     99.38%
  39  SouthKorea_X_X_KCDC2087_X_X_2020                   0.06%    passed     99.24%
  40  SouthKorea_X_X_KCDC2048_X_X_2020                   0.04%    passed     99.25%
  41  USA_X_X_CA-CZB-1051_X_X_2020                       0.03%    passed     99.12%
  42  USA_X_X_CA-CZB016_X_X_2020                         0.04%    passed     99.18%
  43  Wales_X_X_PHWC-36687_X_X_2020                      2.85%    passed     98.40%
  44  USA_X_X_CA-SR0425_X_X_2020                         0.38%    passed     99.59%
  45  USA_X_X_MD-MDH-0067_X_X_2020                       0.00%    passed     99.12%
  46  USA_X_X_MD-MDH-0073_X_X_2020                       0.16%    passed     99.37%
  47  USA_X_X_NM-UNM-00046_X_X_2020                      4.82%    passed     96.01%
  48  USA_X_X_MD-MDH-0019_X_X_2020                       0.03%    passed     99.26%
  49  USA_X_X_NY-QDX-105_X_X_2020                        0.07%    passed     99.22%
  50  SouthKorea_X_X_KCDC2002_X_X_2020                   0.06%    passed     99.13%
  51  Australia_X_X_VIC13_X_X_2020                       0.25%    passed     99.56%
  52  SouthKorea_X_X_KCDC2062_X_X_2020                   0.02%    passed     99.42%
  53  USA_X_X_CT-Yale-003_X_X_2020                      10.65%    passed     86.08%
  54  Ecuador_X_X_USFQ-133_X_X_2020                      0.25%    passed     99.37%
  55  USA_X_X_CA-ALSR-1660_X_X_2020                      0.06%    passed     99.43%
  56  USA_X_X_UT-02222_X_X_2020                          1.03%    passed     99.48%
  57  USA_X_X_CA-ALSR-1566_X_X_2020                      0.10%    passed     99.50%
  58  SouthKorea_X_X_KCDC2196_X_X_2020                   0.20%    passed     99.66%
  59  USA_X_X_CA-CZB-1196_X_X_2020                       0.04%    passed     99.32%
  60  USA_X_X_MD-MDH-0033_X_X_2020                       0.01%    passed     99.24%
  61  USA_X_X_MD-MDH-0020_X_X_2020                       0.08%    passed     99.34%
  62  USA_X_X_MD-MDH-0025_X_X_2020                       0.10%    passed     99.29%
  63  USA_X_X_NY-Wadsworth-10495-01_X_X_2020             0.27%    passed    100.00%
  64  USA_X_X_NY-Wadsworth-10496-01_X_X_2020             0.27%    passed    100.00%
  65  USA_X_X_NY-Wadsworth-11291-01_X_X_2020             0.27%    passed    100.00%
  66  USA_X_X_NY-Wadsworth-11380-01_X_X_2020             0.27%    passed    100.00%
  67  USA_X_X_NY-Wadsworth-10707-01_X_X_2020             0.27%    passed    100.00%
  68  USA_X_X_NY-Wadsworth-10528-01_X_X_2020             0.27%    passed    100.00%
  69  USA_X_X_NY-Wadsworth-11202-01_X_X_2020             0.27%    passed    100.00%
  70  USA_X_X_NY-Wadsworth-11207-01_X_X_2020             0.27%    passed    100.00%
  71  USA_X_X_NY-Wadsworth-12883-02_X_X_2020             0.27%    passed    100.00%
  72  USA_X_X_NY-Wadsworth-10690-01_X_X_2020             0.27%    passed    100.00%
  73  USA_X_X_NY-Wadsworth-16080-01_X_X_2020             0.27%    passed    100.00%
  74  USA_X_X_MD-MDH-0041_X_X_2020                       0.02%    passed     99.45%
  75  USA_X_X_VA-DCLS-0075_X_X_2020                      0.03%    passed     99.37%
  76  USA_X_X_VA-DCLS-0020_X_X_2020                      0.05%    passed     99.35%
  77  USA_X_X_WA-UW29_X_X_2020                           0.71%    passed     98.87%
  78  USA_X_X_CA-CZB-2051_X_X_2020                       0.12%    passed     99.44%
  79  USA_X_X_CA-CZB-2076_X_X_2020                       0.01%    passed     99.43%
  80  USA_X_X_CA-ALSR-0800-SAN_X_X_2020                  1.69%    passed     97.05%
  81  USA_X_X_CA-CZB-2057_X_X_2020                       0.04%    passed     99.40%
  82  SouthKorea_X_X_KCDC2192_X_X_2020                   0.10%    passed     99.34%
  83  Australia_X_X_VIC02_X_X_2020                       1.04%    passed     99.21%
  84  USA_X_X_UT-02525_X_X_2020                          8.59%    passed     94.29%
  85  USA_X_X_MD-MDH-0039_X_X_2020                       0.10%    passed     99.19%
  86  USA_X_X_MD-MDH-0086_X_X_2020                       0.12%    passed     99.29%
  87  USA_X_X_UT-01898_X_X_2020                          3.96%    passed     99.56%
  88  Luxembourg_X_X_LNS9102295_X_X_2020                 0.67%    passed     99.99%
  89  USA_X_X_VA-DCLS-0466_X_X_2020                      0.12%    passed     99.46%
  90  Turkey_X_X_KU-019_X_X_2020                         0.51%    passed     99.97%
  91  USA_X_X_WA-UW-1750_X_X_2020                        0.11%    passed     99.46%
  92  Luxembourg_X_X_LNS7438855_X_X_2020                 0.21%    passed    100.00%
  93  SouthAfrica_X_X_KRISP-0111_X_X_2020                0.66%    passed     99.81%
  94  197_Y_Y_ETA_Y_Y_20200330                           0.07%    passed     99.93%
  95  203_Y_Y_ETA_Y_Y_20200408                           0.07%    passed     99.92%
  96  210_Y_Y_ETA_Y_Y_20200408                           0.07%    passed     99.91%
  97  228_Y_Y_NP_Y_Y_20200422                            0.07%    passed     99.95%
  98  228_Y_Y_NP-OP_Y_Y_20200529                         0.07%    passed     99.94%
  99  228_Y_Y_NP-OP_Y_Y_20200424                         0.07%    passed     99.97%
 100  209_Y_Y_ETA_Y_Y_20200408                           0.07%    passed     99.96%
 101  237_Y_Y_OP_Y_Y_20200429                            0.07%    passed     99.95%
 102  235_Y_Y_NP-OP_Y_Y_20200424                         0.07%    passed     99.95%
 103  USA_X_X_NJ-CDC-7300_X_X_2020                       0.07%    passed     99.97%
 104  USA_X_X_NH_0004_X_X_2020                           0.07%    passed     99.95%
 105  USA_X_X_NY-SURV0162_X_X_2020                       0.07%    passed     99.95%
 106  USA_X_X_NY-SURV0444_X_X_2020                       0.07%    passed     99.95%
 107  USA_X_X_TX-CDC-3008_X_X_2020                       0.07%    passed     99.94%
 108  257_Y_Y_NP-OP_Y_Y_20200508                         0.07%    passed     99.95%
 109  USA_X_X_FL_1177_X_X_2020                           0.07%    passed     99.95%
 110  USA_X_X_FL_7169_X_X_2020                           0.07%    passed     99.95%
 111  USA_X_X_KS_4126_X_X_2020                           0.07%    passed     99.95%
 112  USA_X_X_TX-CDC-3009_X_X_2020                       0.07%    passed     99.95%
 113  USA_X_X_IL_0087_X_X_2020                           0.07%    passed     99.95%
 114  USA_X_X_MD_0026_X_X_2020                           0.07%    passed     99.95%
 115  251_Y_Y_ETA_Y_Y_20200506                           0.07%    passed     99.95%
 116  251_Y_Y_NP-OP_Y_Y_20200504                         0.07%    passed     99.95%
 117  251_Y_Y_NP-OP_Y_Y_20200506                         0.07%    passed     99.97%
 118  272_Y_Y_ETA_Y_Y_20200529                           0.07%    passed     99.94%
 119  USA_X_X_LA-CDC-0757_X_X_2020                       0.07%    passed     99.93%
 120  USA_X_X_TX_2967_X_X_2020                           0.09%    passed     99.92%
 121  USA_X_X_MD-CDC-0025_X_X_2020                       0.08%    passed     99.92%
 122  242_Y_Y_ETA_Y_Y_20200504                           0.07%    passed     99.96%
 123  USA_X_X_RI_0556_X_X_2020                           0.07%    passed     99.97%
 124  USA_X_X_IA_6391_X_X_2020                           0.07%    passed     99.96%
 125  USA_X_X_RI_0520_X_X_2020                           0.07%    passed     99.96%
 126  USA_X_X_SC_3572_X_X_2020                           0.07%    passed     99.97%
 127  227_Y_Y_OP_Y_Y_20200422                            0.07%    passed     99.94%
 128  USA_X_X_NY-SURV0171_X_X_2020                       0.07%    passed     99.94%
 129  USA_X_X_NJ_3201_X_X_2020                           0.07%    passed     99.95%
 130  211_Y_Y_ET_Y_Y_20200413                            0.07%    passed     99.89%
 131  211_Y_Y_OP_Y_Y_20200413                            0.07%    passed     99.85%
 132  222_Y_Y_NP_Y_Y_20200417                            0.07%    passed     99.92%
 133  222_Y_Y_OP_Y_Y_20200420                            0.07%    passed     99.94%
 134  USA_X_X_NY-SURV0302_X_X_2020                       0.07%    passed     99.93%
 135  USA_X_X_NY-SURV076_X_X_2020                        0.07%    passed     99.92%
 136  213_Y_Y_ETA_Y_Y_20200415                           0.07%    passed     99.90%
 137  239_Y_Y_NP_Y_Y_20200429                            0.07%    passed     99.93%
 138  237_Y_Y_NP-OP_Y_Y_20200427                         0.07%    passed     99.94%
 139  261_Y_Y_ETA_Y_Y_20200515                           0.07%    passed     99.92%
 140  262_Y_Y_NP-OP_Y_Y_20200515                         0.07%    passed     99.94%
 141  269_Y_Y_ETA_Y_Y_20200527                           0.07%    passed     99.93%
 142  237_Y_Y_NP_Y_Y_20200429                            0.07%    passed     99.93%
 143  USA_X_X_NJ_3592_X_X_2020                           0.09%    passed     99.93%
 144  USA_X_X_UT_8906_X_X_2020                           0.08%    passed     99.92%
 145  USA_X_X_MD_0027_X_X_2020                           0.09%    passed     99.92%
 146  USA_X_X_LA_0842_X_X_2020                           0.07%    passed     99.94%
 147  247_Y_Y_NP-OP_Y_Y_20200501                         0.07%    passed     99.93%
 148  211_Y_Y_ETA_Y_Y_20200413                           0.07%    passed     99.85%
 149  USA_X_X_MI-MDHHS-SC20437_X_X_2020                  0.35%    passed     99.99%
 150  USA_X_X_NY-WCMP10C04P_X_X_2020                     0.11%    passed    100.00%
 151  USA_X_X_NY-WCMP4C01P_X_X_2020                      0.11%    passed    100.00%
 152  USA_X_X_NY-WCMP10H04P_X_X_2020                     0.13%    passed    100.00%
 153  USA_X_X_MI-MDHHS-SC20192_X_X_2020                  1.22%    passed     99.99%
 154  307_Y_Y_NP-OP_Y_Y_20200717                         0.07%    passed     99.97%
 155  Argentina_X_X_Heritas_HG015_X_X_2020               0.15%    passed     99.97%
 156  NewZealand_X_X_20VR1809_X_X_2020                   0.40%    passed     99.98%
 157  NewZealand_X_X_20VR1865_X_X_2020                   2.27%    passed     99.99%
 158  USA_X_X_NY-NYUMC542_X_X_2020                       0.00%    passed     99.24%
 159  USA_X_X_NY-NYUMC309_X_X_2020                       0.00%    passed     99.20%
 160  USA_X_X_NY-NYUMC77_X_X_2020                        0.27%    passed     99.25%
 161  USA_X_X_NY-NYUMC619_X_X_2020                       0.00%    passed     99.12%
 162  USA_X_X_MD-HP00010_X_X_2020                        0.43%    passed     99.98%
 163  USA_X_X_NJ-NYUMC815_X_X_2020                       0.01%    passed     99.39%
 164  USA_X_X_MD-HP00016_X_X_2020                        0.42%    passed     99.99%
 165  USA_X_X_MD-HP00075_X_X_2020                        0.42%    passed     99.99%
 166  USA_X_X_NJ-NYUMC663_X_X_2020                       0.00%    passed     99.32%
 167  USA_X_X_NJ-NYUMC84_X_X_2020                        0.00%    passed     99.32%
 168  USA_X_X_NY-NYUMC760_X_X_2020                       0.01%    passed     99.30%
 169  USA_X_X_MD-HP00041_X_X_2020                        0.40%    passed    100.00%
 170  USA_X_X_NJ-NYUMC329_X_X_2020                       0.01%    passed     99.29%
 171  USA_X_X_NY-NYUMC913_X_X_2020                       2.67%    passed     94.77%
 172  USA_X_X_NJ-NYUMC401_X_X_2020                       0.04%    passed     99.34%
 173  USA_X_X_NJ-NYUMC831_X_X_2020                      12.96%    passed     88.04%
 174  USA_X_X_NY-NYUMC133_X_X_2020                       0.00%    passed     99.32%
 175  USA_X_X_NY-NYUMC481_X_X_2020                       0.29%    passed     99.66%
 176  USA_X_X_NY-NYUMC693_X_X_2020                       0.07%    passed     99.21%
 177  USA_X_X_MD-HP00129_X_X_2020                        0.41%    passed     99.98%
 178  USA_X_X_NY-NYUMC582_X_X_2020                       0.00%    passed     99.27%
 179  USA_X_X_NJ-NYUMC106_X_X_2020                       0.00%    passed     99.32%
 180  USA_X_X_NY-NYUMC350_X_X_2020                       0.00%    passed     99.49%
 181  USA_X_X_NY-NYUMC828_X_X_2020                       4.40%    passed     76.83%
 182  USA_X_X_MD-HP00060_X_X_2020                        1.14%    passed     99.93%
 183  USA_X_X_NY-NYUMC820_X_X_2020                       0.01%    passed     99.39%
 184  USA_X_X_TX-HMH035_X_X_2020                         0.40%    passed     99.99%
 185  USA_X_X_MD-HP00069_X_X_2020                        1.25%    passed     99.38%
 186  USA_X_X_NY-NYUMC609_X_X_2020                       0.00%    passed     99.40%
 187  USA_X_X_NY-NYUMC621_X_X_2020                       0.01%    passed     99.39%
 188  USA_X_X_NY-NYUMC829_X_X_2020                       0.01%    passed     99.46%
 189  USA_X_X_NY-NYUMC462_X_X_2020                       0.00%    passed     99.48%
 190  USA_X_X_NY-NYUMC597_X_X_2020                       0.13%    passed     99.53%
 191  USA_X_X_VA-DCLS-0295_X_X_2020                      0.02%    passed     99.46%
 192  USA_X_X_MD-MDH-0021_X_X_2020                       0.01%    passed     99.29%
 193  USA_X_X_NJ-NYUMC367_X_X_2020                       0.20%    passed     99.37%
 194  USA_X_X_NJ-NYUMC625_X_X_2020                       0.45%    passed     99.61%
 195  USA_X_X_NY-NYUMC370_X_X_2020                       0.39%    passed     98.64%
 196  USA_X_X_NY-NYUMC275_X_X_2020                       0.00%    passed     99.14%
 197  USA_X_X_NY-NYUMC731_X_X_2020                       0.01%    passed     99.27%
 198  USA_X_X_MD-HP00077_X_X_2020                        1.15%    passed     99.90%
 199  USA_X_X_NJ-NYUMC421_X_X_2020                       0.00%    passed     99.39%
 200  USA_X_X_NY-NYUMC550_X_X_2020                       0.06%    passed     99.27%
 201  USA_X_X_MD-HP00036_X_X_2020                        0.40%    passed     99.99%
 202  USA_X_X_NJ-NYUMC378_X_X_2020                       0.00%    passed     99.32%
 203  SaudiArabia_X_X_509_X_X_2020                       0.00%    passed     99.11%
 204  SaudiArabia_X_X_583_X_X_2020                       0.00%    passed     99.33%
 205  SaudiArabia_X_X_627_X_X_2020                       0.00%    passed     99.24%
 206  USA_X_X_MI-MDHHS-SC20417_X_X_2020                  1.25%    passed     99.97%
 207  SaudiArabia_X_X_671_X_X_2020                       0.00%    passed     99.24%
 208  USA_X_X_MD-HP00067_X_X_2020                        0.41%    passed     99.95%
 209  USA_X_X_MD-HP00039_X_X_2020                        0.42%    passed     99.98%
 210  USA_X_X_MD-HP00119_X_X_2020                        0.41%    passed     99.99%
 211  USA_X_X_MD-HP00097_X_X_2020                        1.14%    passed     99.82%
 212  USA_X_X_MD-HP00140_X_X_2020                        6.32%    passed     99.83%
 213  USA_X_X_NJ-NYUMC452_X_X_2020                       0.00%    passed     99.14%
 214  USA_X_X_NJ-NYUMC638_X_X_2020                       0.15%    passed     99.32%
 215  USA_X_X_NY-NYUMC231_X_X_2020                       0.00%    passed     99.14%
 216  USA_X_X_NY-NYUMC166_X_X_2020                       0.00%    passed     99.12%
 217  USA_X_X_NJ-NYUMC83_X_X_2020                        0.00%    passed     99.18%
 218  USA_X_X_NY-NYUMC641_X_X_2020                       0.00%    passed     99.22%
 219  USA_X_X_MD-HP00131_X_X_2020                        0.41%    passed     99.98%
 220  USA_X_X_NJ-NYUMC627_X_X_2020                       0.01%    passed     99.34%
 221  USA_X_X_MD-HP00017_X_X_2020                        0.42%    passed     99.98%
 222  USA_X_X_MD-HP00156_X_X_2020                        1.26%    passed     99.34%
 223  USA_X_X_MD-HP00127_X_X_2020                        0.41%    passed     99.97%
 224  USA_X_X_MD-MDH-0050_X_X_2020                       0.03%    passed     99.21%
 225  SaudiArabia_X_X_518_X_X_2020                       0.00%    passed     99.32%
 226  SaudiArabia_X_X_562_X_X_2020                       0.00%    passed     99.10%
 227  SaudiArabia_X_X_578_X_X_2020                       0.00%    passed     99.14%
 228  Canada_X_X_ON-UHTC_0066_X_X_2020                   1.25%    passed     99.80%
 229  Canada_X_X_ON-UHTC_0069_X_X_2020                   0.40%    passed     99.99%
 230  NewZealand_X_X_20VR2556_X_X_2020                   0.40%    passed     99.98%
 231  USA_X_X_TX-HMH0314_X_X_2020                        1.38%    passed     99.82%
 232  USA_X_X_NJ-NYUMC416_X_X_2020                       0.08%    passed     99.31%
 233  USA_X_X_NJ-NYUMC538_X_X_2020                       0.00%    passed     99.28%
 234  USA_X_X_NJ-NYUMC553_X_X_2020                       0.04%    passed     99.32%
 235  USA_X_X_MI-MDHHS-SC20810_X_X_2020                  0.30%    passed     99.90%
 236  USA_X_X_MI-MDHHS-SC20811_X_X_2020                  0.30%    passed     99.89%
 237  Denmark_X_X_ALAB-HH-224_X_X_2020                   0.41%    passed     99.91%
 238  USA_X_X_MD-HP00018_X_X_2020                        2.99%    passed     99.40%
 239  SaudiArabia_X_X_677_X_X_2020                       0.00%    passed     99.34%
 240  Australia_X_X_VIC1798_X_X_2020                     0.93%    passed     99.88%
 241  USA_X_X_VA-DCLS-0138_X_X_2020                      0.03%    passed     99.44%
 242  Beijing_X_X_DT-travelIT03_X_X_2020                 0.00%    passed     99.28%
 243  Denmark_X_X_ALAB-HH-220_X_X_2020                   3.22%    passed     86.59%
 244  Denmark_X_X_ALAB-HH-263_X_X_2020                   0.40%    passed     99.99%
 245  USA_X_X_MI-MDHHS-SC20619_X_X_2020                  0.25%    passed     99.97%
 246  USA_X_X_TX-HMH0203_X_X_2020                        0.40%    passed    100.00%
 247  USA_X_X_TX-HMH0358_X_X_2020                        0.40%    passed     99.99%
 248  Ecuador_X_X_USFQ-039_X_X_2020                      0.35%    passed     99.41%
 249  USA_X_X_NY-NYUMC383_X_X_2020                       0.09%    passed     99.39%
 250  USA_X_X_NY-NYUMC775_X_X_2020                       0.01%    passed     99.46%
 251  USA_X_X_NY-NYUMC809_X_X_2020                       0.34%    passed     99.26%
 252  Ecuador_X_X_USFQ-097_X_X_2020                      0.18%    passed     99.47%
 253  Romania_X_X_Buzau-292638_X_X_2020                  0.00%    passed     99.21%
 254  USA_X_X_MD-HP00114_X_X_2020                        0.42%    passed     99.98%
 255  Germany_X_X_NRW-55_X_X_2020                        3.99%    passed    100.00%
 256  USA_X_X_FL-BPHL-0223_X_X_2020                      0.11%    passed    100.00%
 257  USA_X_X_MI-MDHHS-SC20418_X_X_2020                  0.30%    passed     99.98%
 258  USA_X_X_TX-HMH0306_X_X_2020                        1.37%    passed     99.95%
 259  Australia_X_X_VIC520_X_X_2020                      0.30%    passed     99.99%
 260  USA_X_X_MD-HP00132_X_X_2020                        0.41%    passed     99.98%
 261  Australia_X_X_VIC534_X_X_2020                      0.32%    passed     99.96%
 262  USA_X_X_WI-GMF-01316_X_X_2020                      0.23%    passed     99.98%
 263  266_Y_Y_NP-OP_Y_Y_20200520                         0.07%    passed     99.93%
 264  266_Y_Y_NP-OP_Y_Y_20200522                         0.07%    passed     99.95%
 265  Denmark_X_X_ALAB-HH-187_X_X_2020                   3.23%    passed     98.28%
 266  223_Y_Y_OP_Y_Y_20200417                            0.07%    passed     99.92%
 267  263_Y_Y_ETA_Y_Y_20200515                           0.07%    passed     99.78%
 268  263_Y_Y_NP-OP_Y_Y_20200515                         0.07%    passed     99.70%
 269  USA_X_X_NY-SURV0592_X_X_2020                       0.08%    passed     99.96%
 270  290_Y_Y_NP-OP_Y_Y_20200629                         0.07%    passed     99.91%
 271  290_Y_Y_NP-OP_Y_Y_20200701                         0.07%    passed     99.95%
 272  300_Y_Y_NP-OP_Y_Y_20200713                         0.07%    passed     99.94%
 273  Canada_X_X_ON_PHL2259_X_X_2020                     0.38%    passed     99.97%
 274  219_Y_Y_ETA_Y_Y_20200417                           0.07%    passed     99.95%
 275  USA_X_X_WA-UW-6480_X_X_2020                        0.01%    passed     98.87%
 276  USA_X_X_WA-UW96_X_X_2020                           0.31%    passed     99.83%
 277  Argentina_X_X_PAIS-A0006_X_X_2020                  0.34%    passed     99.97%
 278  USA_X_X_MD-MDH-0045_X_X_2020                       0.05%    passed     99.43%
 279  Colombia_X_X_GUR-0206_X_X_2020                     0.60%    passed     99.99%
 280  USA_X_X_NY-PV09407_X_X_2020                        0.60%    passed     99.99%
 281  USA_X_X_NJ-PV09473_X_X_2020                        0.60%    passed     99.99%
 282  USA_X_X_NY-PV09413_X_X_2020                        0.60%    passed     99.99%
 283  USA_X_X_OR-OHSU-1259_X_X_2020                      9.05%    passed     80.00%
 284  USA_X_X_NJ-PV09465_X_X_2020                        0.62%    passed     99.99%
 285  USA_X_X_NY-PV08143_X_X_2020                        0.59%    passed     99.99%
 286  USA_X_X_NY-PV09484_X_X_2020                        0.64%    passed     99.99%
 287  USA_X_X_NY-PV09393_X_X_2020                        0.61%    passed     99.98%
 288  USA_X_X_NY-PV08429_X_X_2020                        0.66%    passed     99.99%
 289  USA_X_X_NY-PV09164_X_X_2020                        0.64%    passed    100.00%
 290  USA_X_X_NY-PV09178_X_X_2020                        0.70%    passed    100.00%
 291  USA_X_X_NY-PV09369_X_X_2020                        0.70%    passed     99.99%
 292  USA_X_X_NY-PV09355_X_X_2020                        0.65%    passed    100.00%
 293  USA_X_X_NY-PV09444_X_X_2020                        0.63%    passed    100.00%
 294  Venezuela_X_X_VEN-95072_X_X_2020                   0.62%    passed     99.99%
 295  USA_X_X_NY-PV09199_X_X_2020                        0.67%    passed     99.99%
 296  USA_X_X_NY-UW-MAYO27_X_X_2020                      0.14%    passed     99.99%
 297  Thailand_X_X_SI200040-NT_X_X_2020                  0.33%    passed    100.00%
 298  Thailand_X_X_SI200383-NT_X_X_2020                  0.31%    passed    100.00%
 299  Thailand_X_X_SI200478-NST_X_X_2020                 0.23%    passed    100.00%
 300  Thailand_X_X_SI201712-NT_X_X_2020                  0.29%    passed    100.00%
 301  USA_X_X_MD-MDH-0029_X_X_2020                       0.29%    passed     99.98%
 302  Thailand_X_X_SI200468-NT_X_X_2020                  0.25%    passed    100.00%
 303  Thailand_X_X_SI202620-NT_X_X_2020                  0.23%    passed    100.00%
 304  Thailand_X_X_SI203285-NT_X_X_2020                  0.28%    passed     99.99%
 305  Thailand_X_X_SI202872-NT_X_X_2020                  0.78%    passed     99.84%
 306  USA_X_X_MD-MDH-0043_X_X_2020                       0.27%    passed     99.93%
 307  USA_X_X_MD-MDH-0061_X_X_2020                       0.12%    passed     99.65%
 308  USA_X_X_MD-MDH-0062_X_X_2020                       0.23%    passed     99.95%
 309  Canada_X_X_BC_37_0-2_X_X_2020                      1.31%    passed     99.90%
 310  Canada_X_X_BC_69243_X_X_2020                       2.27%    passed     99.99%
 311  USA_X_X_CA-CSMC10_X_X_2020                         0.00%    passed     99.10%
 312  Ganzhou_X_X_JX81_X_X_2020                          0.12%    passed     99.74%
 313  HongKong_X_X_HKU-907a_X_X_2020                     0.12%    passed     99.75%
 314  HongKong_X_X_HKU-902a_X_X_2020                     0.05%    passed     99.74%
 315  Taiwan_X_X_4_X_X_2020                              0.04%    passed     99.77%
 316  HongKong_X_X_HKU-902b_X_X_2020                     0.04%    passed     99.73%
 317  Thailand_X_X_Nonthaburi_59_X_X_2020                0.05%    passed     99.74%
 318  Thailand_X_X_Nonthaburi_68_X_X_2020                0.15%    passed     99.99%
 319  Thailand_X_X_Phuket_247_X_X_2020                   0.12%    passed     99.99%
 320  HongKong_X_X_HKU-911a_X_X_2020                     0.04%    passed     99.75%
 321  Vietnam_X_X_19-01S_X_X_2020                        0.04%    passed     99.75%
 322  Taiwan_X_X_3_X_X_2020                              0.04%    passed     99.78%
 323  Yunnan_X_X_IVDC-YN-003_X_X_2020                    0.06%    passed     99.82%
 324  Thailand_X_X_Bangkok_238_X_X_2020                  0.13%    passed     99.99%
 325  HongKong_X_X_HKU-913a_X_X_2020                     0.04%    passed     99.83%
 326  Singapore_X_X_7_X_X_2020                           0.04%    passed     99.75%
 327  Thailand_X_X_Bangkok_269_X_X_2020                  0.06%    passed     99.83%
 328  Thailand_X_X_Nonthaburi_363_X_X_2020               0.14%    passed     99.99%
 329  Singapore_X_X_466_X_X_2020                         0.80%    passed     99.60%
 330  HongKong_X_X_HKU-903a_X_X_2020                     0.04%    passed     99.66%
 331  Taiwan_X_X_8_X_X_2020                              0.05%    passed     99.82%
 332  HongKong_X_X_VB20017970-2_X_X_2020                 0.23%    passed     99.99%
 333  Wuhan_X_X_WIV02_X_X_2019                           0.26%    passed    100.00%
 334  Vietnam_X_X_19-02S_X_X_2020                        0.04%    passed     99.79%
 335  Canada_X_X_ON_ON-VIDO-01-2_X_X_2020                0.25%    passed    100.00%
 336  HongKong_X_X_HKU-001a_X_X_2020                     0.04%    passed     99.74%
 337  Singapore_X_X_15_X_X_2020                          1.39%    passed     99.51%
 338  France_X_X_IDF0515_X_X_2020                        0.13%    passed    100.00%
 339  Japan_X_X_DP0464_X_X_2020                          0.24%    passed    100.00%
 340  Japan_X_X_DP0588_X_X_2020                          0.23%    passed    100.00%
 341  Wuhan_X_X_WIV05_X_X_2019                           0.17%    passed     99.99%
 342  Japan_X_X_DP0764_X_X_2020                          0.10%    passed     99.99%
 343  Japan_X_X_NA-20-05-1_X_X_2020                      0.08%    passed     99.94%
 344  Japan_X_X_TY-WK-501_X_X_2020                       0.08%    passed     99.95%
 345  Japan_X_X_TY-WK-521_X_X_2020                       0.08%    passed     99.95%
 346  Taiwan_X_X_2_X_X_2020                              0.08%    passed     99.97%
 347  Germany_X_X_BavPat4-ChVir1019_X_X_2020             0.23%    passed    100.00%
 348  USA_X_X_MA-MGH-00441_X_X_2020                      0.38%    passed     99.96%
 349  USA_X_X_CA-CZB-1083_X_X_2020                       0.11%    passed     99.98%
 350  France_X_X_IDF0372_X_X_2020                        0.17%    passed     99.99%
 351  Thailand_X_X_61_X_X_2020                           0.18%    passed     99.98%
 352  Thailand_X_X_NIH-162_X_X_2020                      0.21%    passed     99.99%
 353  Switzerland_X_X_GE5373_X_X_2020                    0.13%    passed    100.00%
 354  Italy_X_X_INMI5_X_X_2020                           0.37%    passed     99.99%
 355  Peru_X_X_INS-008_X_X_2020                          1.26%    passed     99.84%
 356  Peru_X_X_INS-026_X_X_2020                          1.26%    passed     99.75%
 357  USA_X_X_NY-PV09087_X_X_2020                        0.67%    passed    100.00%
 358  USA_X_X_NY-PV09432_X_X_2020                        0.62%    passed     99.99%
 359  Germany_X_X_BavPat2-ChVir984-ChVir1017_X_X_2020    0.15%    passed    100.00%
 360  Nepal_X_X_61_X_X_2020                              0.31%    passed     99.99%
 361  USA_X_X_MD-MDH-0030_X_X_2020                       0.07%    passed     99.39%
 362  USA_X_X_NY-NYU-VC-010_X_X_2020                     0.42%    passed     99.98%
 363  USA_X_X_WA-UW69_X_X_2020                           0.06%    passed     99.41%
 364  Luxembourg_X_X_LNS0000001_X_X_2020                 0.34%    passed     99.99%
 365  USA_X_X_WA-S274_X_X_2020                           0.10%    passed     99.98%
 366  Norway_X_X_1917_X_X_2020                           0.12%    passed    100.00%
 367  USA_X_X_NY-WCMP11D01N_X_X_2020                     0.12%    passed    100.00%
 368  USA_X_X_NY-PV08400_X_X_2020                        1.77%    passed     99.75%
 369  USA_X_X_MD-MDH-0046_X_X_2020                       0.18%    passed    100.00%
 370  USA_X_X_WA-S1831_X_X_2020                          0.11%    passed     99.99%
 371  USA_X_X_WA-S2288_X_X_2020                          0.11%    passed     99.99%
 372  Oman_X_X_205034466_X_X_2020                        0.19%    passed     99.98%
 373  Australia_X_X_NSW01_X_X_2020                       0.40%    passed    100.00%
 374  USA_X_X_NJ-QDX-39_X_X_2020                         0.60%    passed     99.96%
 375  Australia_X_X_NSW03_X_X_2020                       0.40%    passed    100.00%
 376  HongKong_X_X_HKU-200723-004_X_X_2020               0.40%    passed    100.00%
 377  Germany_X_X_BavPat1-ChVir929_X_X_2020              0.40%    passed     99.99%
 378  Australia_X_X_NSW04_X_X_2020                       0.40%    passed    100.00%
 379  HongKong_X_X_HKU-200723-029_X_X_2020               0.40%    passed    100.00%
 380  USA_X_X_MN42-MDH42_X_X_2020                        0.42%    passed    100.00%
 381  Belgium_X_X_CK-0324150_X_X_2020                    0.40%    passed     99.97%
 382  USA_X_X_MN67-MDH67_X_X_2020                        0.41%    passed     99.99%
 383  USA_X_X_NY-QDX-137_X_X_2020                        0.40%    passed     99.99%
 384  USA_X_X_CT-Yale-040_X_X_2020                       1.39%    passed     99.98%
 385  USA_X_X_CT-Yale-271_X_X_2020                       0.40%    passed     99.99%
 386  USA_X_X_WI-UW-101_X_X_2020                         0.40%    passed    100.00%
 387  USA_X_X_WI-UW-103_X_X_2020                         0.40%    passed     99.99%
 388  Denmark_X_X_ALAB-SSI-1387_X_X_2020                 0.40%    passed    100.00%
 389  HongKong_X_X_HKU-200723-106_X_X_2020               0.40%    passed     99.99%
 390  USA_X_X_LA-GBCL-26513041_X_X_2020                  7.37%    passed     90.57%
 391  USA_X_X_NJ-QDX-144_X_X_2020                        0.40%    passed     99.98%
 392  USA_X_X_NJ-QDX-74_X_X_2020                         0.40%    passed     99.99%
 393  USA_X_X_NY-Wadsworth-11330-01_X_X_2020             0.51%    passed     99.98%
 394  USA_X_X_NJ-QDX-55_X_X_2020                         0.40%    passed     99.98%
 395  USA_X_X_NY-Wadsworth-11190-01_X_X_2020             0.76%    passed     99.97%
 396  USA_X_X_NY-Wadsworth-11249-01_X_X_2020             1.01%    passed     99.68%
 397  USA_X_X_NY-Wadsworth-11245-01_X_X_2020             1.02%    passed     99.74%
 398  USA_X_X_NY-Wadsworth-11191-01_X_X_2020             0.46%    passed     99.99%
 399  Denmark_X_X_ALAB-SSI-682_X_X_2020                  0.40%    passed     99.95%
 400  USA_X_X_NJ-QDX-124_X_X_2020                        0.40%    passed     99.96%
 401  USA_X_X_NY-Wadsworth-11717-01_X_X_2020             0.33%    passed    100.00%
 402  USA_X_X_NY-Wadsworth-11735-01_X_X_2020             0.32%    passed    100.00%
 403  USA_X_X_LA-GBCL-26544529_X_X_2020                  7.06%    passed     96.68%
 404  Canada_X_X_QC_AD6_X_X_2020                         0.41%    passed     99.93%
 405  Canada_X_X_QC_AM6_X_X_2020                         0.40%    passed     99.94%
 406  USA_X_X_LA-GBCL-26513013_X_X_2020                  0.63%    passed     99.94%
 407  Austria_X_X_CeMM0572_X_X_2020                      0.40%    passed     99.99%
 408  Austria_X_X_CeMM0337_X_X_2020                      0.40%    passed     99.99%
 409  England_X_X_LCST-24D733C_X_X_2020                  0.41%    passed     99.95%
 410  Belgium_X_X_ULG-10184_X_X_2020                     0.40%    passed     99.97%
 411  Austria_X_X_CeMM0401_X_X_2020                      0.40%    passed    100.00%
 412  Belgium_X_X_Rega-0330249_X_X_2020                  0.40%    passed    100.00%
 413  Hungary_X_X_mbl49_X_X_2020                         0.40%    passed    100.00%
 414  USA_X_X_VA_NIDDL_2783_X_X_2020                     0.40%    passed    100.00%
 415  Belgium_X_X_VLS-0507418_X_X_2020                   0.40%    passed     99.98%
 416  Thailand_X_X_Bangkok-0088_X_X_2020                 5.08%    passed     99.65%
 417  Scotland_X_X_EDB5402_X_X_2020                      0.42%    passed     99.92%
 418  Australia_X_X_NSW2153_X_X_2020                     0.41%    passed     99.99%
 419  Ecuador_X_X_USFQ-110_X_X_2020                      0.46%    passed     99.99%
 420  Ecuador_X_X_USFQ-096_X_X_2020                      0.31%    passed     99.97%
 421  USA_X_X_WI-UW-278_X_X_2020                         0.40%    passed    100.00%
 422  USA_X_X_WI-UW-310_X_X_2020                         0.41%    passed     99.98%
 423  USA_X_X_WI-UW-283_X_X_2020                         0.41%    passed    100.00%
 424  USA_X_X_WI-UW-300_X_X_2020                         0.40%    passed    100.00%
 425  USA_X_X_NJ-QDX-133_X_X_2020                        0.43%    passed     99.99%
 426  USA_X_X_NJ-QDX-56_X_X_2020                         0.43%    passed     99.99%
 427  USA_X_X_NJ-UW-557_X_X_2020                         0.41%    passed     99.98%
 428  USA_X_X_NY-UW-651_X_X_2020                         0.40%    passed     99.98%
 429  USA_X_X_NY-UW-584_X_X_2020                         0.40%    passed     99.98%
 430  Australia_X_X_VIC1353_X_X_2020                     1.04%    passed     99.94%
 431  Switzerland_X_X_100059_X_X_2020                    0.41%    passed    100.00%
 432  Iceland_X_X_126_X_X_2020                           0.16%    passed    100.00%
 433  Iceland_X_X_79_X_X_2020                            0.53%    passed     99.95%
 434  Bangladesh_X_X_BCSIR-NILMRC_100_X_X_2020           0.00%    passed     99.17%
 435  Bangladesh_X_X_BCSIR-NILMRC_231_X_X_2020           0.00%    passed     99.06%
 436  USA_X_X_CA-UCSF-UC36_X_X_2020                      0.70%    passed     99.84%
 437  USA_X_X_MD-HP00061_X_X_2020                        0.41%    passed    100.00%
 438  USA_X_X_MD-HP00085_X_X_2020                        0.41%    passed    100.00%
 439  USA_X_X_MI-MDHHS-SC20162_X_X_2020                  0.31%    passed     99.99%
 440  USA_X_X_NY-NYUMC349_X_X_2020                       0.00%    passed     99.06%
 441  USA_X_X_NY-NYUMC806_X_X_2020                       0.00%    passed     99.13%
 442  USA_X_X_NJ-NYUMC344_X_X_2020                       0.00%    passed     99.17%
 443  USA_X_X_NY-NYUMC601_X_X_2020                       0.08%    passed     99.12%
 444  USA_X_X_MD-HP00093_X_X_2020                        1.14%    passed     99.92%
 445  USA_X_X_NY-NYUMC509_X_X_2020                       0.02%    passed     99.09%
 446  USA_X_X_MD-HP00157_X_X_2020                        5.25%    passed     96.83%
 447  USA_X_X_MD-HP00062_X_X_2020                        1.72%    passed     99.68%
 448  USA_X_X_MD-HP00110_X_X_2020                        0.42%    passed    100.00%
 449  USA_X_X_MD-HP00020_X_X_2020                        0.41%    passed    100.00%
 450  USA_X_X_MD-HP00044_X_X_2020                        0.40%    passed    100.00%
 451  USA_X_X_MD-HP00147_X_X_2020                        4.47%    passed     99.88%
 452  USA_X_X_MD-HP00105_X_X_2020                        1.14%    passed     99.98%
 453  USA_X_X_NY-NYUMC643_X_X_2020                       0.00%    passed     99.12%
 454  USA_X_X_MD-HP00079_X_X_2020                        2.12%    passed     99.99%
 455  USA_X_X_MD-HP00143_X_X_2020                        6.39%    passed     98.94%
 456  Bangladesh_X_X_BCSIR-NILMRC_114_X_X_2020           0.00%    passed     99.09%
 457  Iceland_X_X_442_X_X_2020                           0.22%    passed     99.98%
 458  USA_X_X_MI-MDHHS-SC20113_X_X_2020                  1.20%    passed     99.94%
 459  USA_X_X_NY-NYUMC171_X_X_2020                       0.00%    passed     98.99%
 460  Croatia_X_X_ZG-297-20_X_X_2020                     0.03%    passed     99.02%
 461  Austria_X_X_CeMM0003_X_X_2020                      0.29%    passed    100.00%
 462  Austria_X_X_CeMM0146_X_X_2020                      0.20%    passed     99.99%
 463  Austria_X_X_CeMM0143_X_X_2020                      0.21%    passed    100.00%
 464  Austria_X_X_CeMM0217_X_X_2020                      0.18%    passed     99.97%
 465  Austria_X_X_CeMM0147_X_X_2020                      0.26%    passed     99.98%
 466  Austria_X_X_CeMM0187_X_X_2020                      1.04%    passed     99.96%
 467  Israel_X_X_13075788_X_X_2020                       0.41%    passed    100.00%
 468  USA_X_X_FL-CDC-6318_X_X_2020                       0.08%    passed     99.90%
 469  USA_X_X_GA_1621_X_X_2020                           0.07%    passed     99.91%
 470  USA_X_X_GA_1299_X_X_2020                           0.07%    passed     99.92%
 471  USA_X_X_GA_2741_X_X_2020                           0.07%    passed     99.91%
 472  USA_X_X_NY-NYUMC668_X_X_2020                       7.46%    passed     37.38%
 473  Switzerland_X_X_GE1422_X_X_2020                    0.02%    passed     99.25%
 474  USA_X_X_NY-NYUMC100_X_X_2020                       0.98%    passed     97.51%
 475  Switzerland_X_X_1000477757_X_X_2020                0.10%    passed     99.97%
 476  Austria_X_X_CeMM0364_X_X_2020                      0.21%    passed     99.99%
 477  USA_X_X_MI-MDHHS-SC20438_X_X_2020                  1.85%    passed     99.97%
 478  Mexico_X_X_EdoMex-InDRE_07_X_X_2020                0.28%    passed     99.99%
 479  Vietnam_X_X_VNHN_022_X_X_2020                      0.15%    passed    100.00%
 480  Brazil_X_X_SP-14_X_X_2020                          0.18%    passed    100.00%
 481  Portugal_X_X_PT0454_X_X_2020                       0.85%    passed     99.84%
 482  Luxembourg_X_X_Lux1_X_X_2020                       0.39%    passed     99.98%
 483  Netherlands_X_X_NA_17_X_X_2020                     0.39%    passed     99.97%
 484  Netherlands_X_X_Delft_1363424_X_X_2020             1.86%    passed     99.85%
 485  Netherlands_X_X_NA_236_X_X_2020                    0.44%    passed     99.99%
 486  Netherlands_X_X_NA_505_X_X_2020                    1.91%    passed     99.79%
 487  Netherlands_X_X_NA_646_X_X_2020                    9.13%    passed     93.10%
 488  Netherlands_X_X_NoordHolland_29_X_X_2020           0.43%    passed     99.91%
 489  Netherlands_X_X_ZuidHolland_137_X_X_2020           0.43%    passed     99.98%
 490  Netherlands_X_X_ZuidHolland_200_X_X_2020           2.85%    passed     99.44%
 491  Chile_X_X_Santiago_74_X_X_2020                     0.10%    passed     99.96%
 492  Israel_X_X_2020063_X_X_2020                        1.58%    passed     99.36%
 493  Israel_X_X_2089366_X_X_2020                        0.40%    passed     99.99%
 494  USA_X_X_WA-UW82_X_X_2020                           0.17%    passed     99.89%
 495  USA_X_X_NJ-PV09361_X_X_2020                        0.64%    passed     99.99%
 496  Chile_X_X_Puerto_Montt_1_X_X_2020                  0.24%    passed    100.00%
 497  USA_X_X_FL-BPHL-0275_X_X_2020                      1.13%    passed     99.28%
 498  USA_X_X_NY-PV09115_X_X_2020                        0.66%    passed     99.99%
 499  USA_X_X_NY-PV09122_X_X_2020                        0.60%    passed     99.99%
 500  USA_X_X_NY-PV09448_X_X_2020                        3.97%    passed     98.78%
 501  Cyprus_X_X_007_X_X_2020                            0.10%    passed     99.99%
 502  England_X_X_20100121007_X_X_2020                   0.36%    passed     99.99%
 503  England_X_X_20099072904_X_X_2020                   5.05%    passed     93.21%
 504  Taiwan_X_X_NTU25_X_X_2020                          0.11%    passed    100.00%
 505  Australia_X_X_VIC1164_X_X_2020                     1.46%    passed     99.88%
 506  USA_X_X_MD-MDH-0048_X_X_2020                       0.06%    passed     99.43%
 507  USA_X_X_MA-MGH-00423_X_X_2020                     15.75%    passed     32.30%
 508  USA_X_X_WA-S907_X_X_2020                           0.15%    passed    100.00%
 509  USA_X_X_WA-UW78_X_X_2020                           0.27%    passed     99.99%
 510  USA_X_X_WA-S919_X_X_2020                           0.15%    passed    100.00%
 511  USA_X_X_WA-S323_X_X_2020                           0.15%    passed     99.99%
 512  USA_X_X_WA-S536_X_X_2020                           0.12%    passed    100.00%
 513  USA_X_X_WA-S1590_X_X_2020                          0.12%    passed     99.98%
 514  USA_X_X_WA-S750_X_X_2020                           0.70%    passed     99.99%
 515  USA_X_X_CA-CZB-1592_X_X_2020                       0.16%    passed     99.99%
 516  USA_X_X_NY-NYUMC294_X_X_2020                      16.58%    passed     57.60%
 517  USA_X_X_MD-MDH-0084_X_X_2020                       0.11%    passed     99.98%
 518  USA_X_X_MD-MDH-0085_X_X_2020                       0.18%    passed     99.98%
 519  USA_X_X_MD-MDH-0087_X_X_2020                       0.15%    passed     99.96%
 520  Romania_X_X_ROSV_3561_X_X_2020                     0.34%    passed    100.00%
 521  USA_X_X_MD-MDH-0052_X_X_2020                       0.16%    passed     99.99%
 522  USA_X_X_MD-MDH-0054_X_X_2020                       0.07%    passed     99.80%
 523  USA_X_X_MD-MDH-0059_X_X_2020                       0.23%    passed     99.99%
 524  USA_X_X_MD-MDH-0066_X_X_2020                       0.17%    passed     99.96%
 525  USA_X_X_MD-MDH-0072_X_X_2020                       0.13%    passed     99.97%
 526  USA_X_X_MN-MDH-1024_X_X_2020                       0.14%    passed     99.99%
 527  USA_X_X_MN-MDH-1189_X_X_2020                       0.29%    passed     99.95%
 528  USA_X_X_NY-PV09392_X_X_2020                        5.68%    passed     99.75%
 529  USA_X_X_WA-UW-4746_X_X_2020                        0.23%    passed     99.97%
 530  USA_X_X_AK-PHL152_X_X_2020                         0.14%    passed     99.99%
 531  USA_X_X_MD-UW-MAYO66_X_X_2020                      1.13%    passed    100.00%
 532  USA_X_X_VA-DCLS-0647_X_X_2020                      0.21%    passed     99.90%
 533  USA_X_X_FL-BPHL-0418_X_X_2020                      0.41%    passed    100.00%
 534  USA_X_X_MD-MDH-0044_X_X_2020                       0.15%    passed    100.00%
 535  USA_X_X_MDH-5653_X_X_2020                          3.79%    passed     93.83%
 536  USA_X_X_MD-MDH-0056_X_X_2020                       0.26%    passed     99.97%
 537  Australia_X_X_QLD01_X_X_2020                       0.20%    passed     99.99%
 538  Australia_X_X_QLD02_X_X_2020                       0.13%    passed    100.00%
 539  SouthKorea_X_X_KCDC03_X_X_2020                     0.28%    passed     99.99%
 540  Spain_X_X_AN-001326_X_X_2020                       0.98%    passed     99.98%
 541  Spain_X_X_MD-004897_X_X_2020                       0.98%    passed     99.96%
 542  SouthKorea_X_X_KCDC2169_X_X_2020                   0.14%    passed     99.98%
 543  India_X_X_1-31_X_X_2020                            0.17%    passed    100.00%
 544  Belgium_X_X_GHB-03021_X_X_2020                     0.15%    passed     99.94%
 545  USA_X_X_AZ1_X_X_2020                               0.07%    passed     99.94%
 546  USA_X_X_FL_5091_X_X_2020                           0.07%    passed     99.97%
 547  USA_X_X_MN-CDC-0106_X_X_2020                       0.07%    passed     99.97%
 548  USA_X_X_NY-SURV052_X_X_2020                        0.07%    passed     99.97%
 549  USA_X_X_CA_2602_X_X_2020                           0.07%    passed     99.93%
 550  USA_X_X_NE_6605_X_X_2020                           0.07%    passed     99.89%
 551  USA_X_X_NY-SURV0144_X_X_2020                       0.07%    passed     99.95%
 552  Jamaica_X_X_JM-CDC-0869_X_X_2020                   0.07%    passed     99.93%
 553  USA_X_X_OR_2656_X_X_2020                           0.07%    passed     99.93%
 554  USA_X_X_FL_9590_X_X_2020                           0.07%    passed     99.94%
 555  USA_X_X_MA_1355_X_X_2020                           0.07%    passed     99.93%
 556  USA_X_X_NY-SURV097_X_X_2020                        0.07%    passed     99.94%
 557  USA_X_X_NY-SURV0874_X_X_2020                       0.07%    passed     99.93%
 558  USA_X_X_NY-SURV0397_X_X_2020                       0.07%    passed     99.91%
 559  USA_X_X_NY-SURV0165_X_X_2020                       0.07%    passed     99.96%
 560  USA_X_X_NY-SURV0166_X_X_2020                       0.07%    passed     99.95%
 561  USA_X_X_WA_5030_X_X_2020                           0.07%    passed     99.92%
 562  USA_X_X_CA1_X_X_2020                               0.07%    passed     99.92%
 563  USA_X_X_FL-CDC-2718_X_X_2020                       0.08%    passed     99.91%
 564  USA_X_X_FL_9655_X_X_2020                           0.07%    passed     99.92%
 565  USA_X_X_IN-CDC-2013_X_X_2020                       0.08%    passed     99.92%
 566  USA_X_X_GA-CDC-2059_X_X_2020                       0.08%    passed     99.92%
 567  USA_X_X_IL2_X_X_2020                               0.07%    passed     99.91%
 568  USA_X_X_SC_3571_X_X_2020                           0.07%    passed     99.91%
 569  USA_X_X_SC_3575_X_X_2020                           0.07%    passed     99.93%
 570  USA_X_X_SC_6370_X_X_2020                           0.08%    passed     99.93%
 571  USA_X_X_MN-CDC-0108_X_X_2020                       0.08%    passed     99.93%
 572  USA_X_X_IL1_X_X_2020                               0.10%    passed     99.89%
 573  USA_X_X_NV_0052_X_X_2020                           0.07%    passed     99.96%
 574  France_X_X_IDF0386-islP1_X_X_2020                  0.10%    passed     99.99%
 575  USA_X_X_CA2_X_X_2020                               0.07%    passed     99.92%
 576  USA_X_X_MD-HP00058_X_X_2020                        0.41%    passed     99.99%
 577  USA_X_X_NJ-NYUMC111_X_X_2020                       0.00%    passed     99.37%
 578  USA_X_X_NY-NYUMC670_X_X_2020                       0.20%    passed     99.76%
 579  USA_X_X_MD-HP00149_X_X_2020                        6.09%    passed     99.94%
 580  USA_X_X_NY-NYUMC490_X_X_2020                       2.28%    passed     99.98%
 581  USA_X_X_NY-WCMP4D04P_X_X_2020                      0.11%    passed    100.00%
 582  USA_X_X_NY-WCMP4A02N_X_X_2020                      0.11%    passed    100.00%
 583  USA_X_X_NY-WCMP9A05P_X_X_2020                      0.11%    passed    100.00%
 584  Mexico_X_X_Queretaro-InDRE_04_X_X_2020             0.10%    passed     99.99%
 585  USA_X_X_WA-S11_X_X_2020                            0.08%    passed     99.98%
 586  Malaysia_X_X_MKAK-CL-2020-5096_X_X_2020            0.84%    passed     99.64%
 587  USA_X_X_WA-S248_X_X_2020                           0.16%    passed    100.00%
 588  USA_X_X_WA-S57_X_X_2020                            0.14%    passed    100.00%
 589  USA_X_X_WA-S49_X_X_2020                            0.15%    passed    100.00%
 590  USA_X_X_WA-S7_X_X_2020                             0.24%    passed    100.00%
 591  USA_X_X_WA-S90_X_X_2020                            0.15%    passed    100.00%
 592  USA_X_X_CA-CZB0158_X_X_2020                        0.22%    passed    100.00%
 593  Malaysia_X_X_MKAK-CL-2020-6430_X_X_2020            0.15%    passed     99.98%
 594  Guangdong_X_X_20SF629_X_X_2020                     0.12%    passed     99.99%
 595  Singapore_X_X_1_X_X_2020                           0.19%    passed     99.99%
 596  USA_X_X_CA-SCCPHD-UC149_X_X_2020                   4.60%    passed     89.92%
 597  Singapore_X_X_3_X_X_2020                           0.20%    passed     99.99%
 598  England_X_X_01_X_X_2020                            0.22%    passed     99.95%
 599  England_X_X_02_X_X_2020                            0.22%    passed     99.96%
 600  Finland_X_X_FIN01032020_X_X_2020                   1.61%    passed     99.68%
 601  USA_X_X_VA_6171_X_X_2020                           0.07%    passed     99.91%
 602  SouthKorea_X_X_KCDC2067_X_X_2020                   0.13%    passed     99.99%
 603  Singapore_X_X_20_X_X_2020                          0.07%    passed     99.86%
 604  Malaysia_X_X_MKAK-CL-2020-5047_X_X_2020            0.16%    passed     99.98%
 605  Shanghai_X_X_SH0009_X_X_2020                       0.22%    passed    100.00%
 606  Shanghai_X_X_SH0032_X_X_2020                       0.23%    passed    100.00%
 607  Shanghai_X_X_SH0022_X_X_2020                       0.22%    passed    100.00%
 608  Shanghai_X_X_SH0126_X_X_2020                       0.22%    passed    100.00%
 609  Wuhan_X_X_0126-C106_X_X_2020                       0.23%    passed    100.00%
 610  Shanghai_X_X_SH0035_X_X_2020                       2.94%    passed     92.28%
 611  Taiwan_X_X_NTU01_X_X_2020                          1.44%    passed     99.83%
 612  USA_X_X_MD-MDH-0079_X_X_2020                       0.11%    passed     99.98%
 613  Thailand_X_X_MUMT-3_X_X_2020                       0.26%    passed     99.99%
 614  France_X_X_IDF0373_X_X_2020                        0.31%    passed     99.99%
 615  HongKong_X_X_VB20024950-2_X_X_2020                 0.37%    passed    100.00%
 616  Singapore_X_X_8_X_X_2020                           0.48%    passed    100.00%
 617  USA_X_X_MN-MDH-1273_X_X_2020                       0.20%    passed    100.00%
 618  USA_X_X_NY-PV08146_X_X_2020                        0.59%    passed     99.99%
 619  USA_X_X_NY-PV09188_X_X_2020                        2.21%    passed     98.63%
 620  USA_X_X_WA-S34_X_X_2020                            0.20%    passed    100.00%
 621  env_X_X_USA_X_X_FL-UF11_X_X_2020                   0.05%    passed     99.91%
 622  USA_X_X_WA-S23_X_X_2020                            0.17%    passed    100.00%
 623  Vietnam_X_X_HCMC-35022_X_X_2020                    1.95%    passed     97.95%
 624  Benin_X_X_2012_X_X_2020                            0.33%    passed    100.00%
 625  USA_X_X_CT-Yale-102_X_X_2020                       4.08%    passed     99.34%
 626  USA_X_X_WI-WSLH-200062_X_X_2020                    0.41%    passed    100.00%
 627  USA_X_X_WI-WSLH-200075_X_X_2020                    0.41%    passed     99.99%
 628  USA_X_X_NY-Wadsworth-26856-01_X_X_2020             0.27%    passed     99.99%
 629  USA_X_X_NY-PV09452_X_X_2020                        0.60%    passed    100.00%
 630  HongKong_X_X_VM20002868_X_X_2020                   0.46%    passed    100.00%
 631  USA_X_X_CA-UCSF-UC43_X_X_2020                      0.92%    passed     99.93%
 632  Thailand_X_X_Bangkok_580_X_X_2020                  0.05%    passed     99.54%
 633  Brazil_X_X_ES-225_X_X_2020                         0.48%    passed    100.00%
 634  England_X_X_20102088002_X_X_2020                   1.94%    passed     99.88%
 635  USA_X_X_MD-MDH-0022_X_X_2020                       0.28%    passed     99.99%
 636  USA_X_X_MD-MDH-0028_X_X_2020                       0.08%    passed     99.35%
 637  England_X_X_CAMB-75631_X_X_2020                    4.71%    passed     95.12%
 638  Timor-Leste_X_X_TL25_X_X_2020                      0.93%    passed     99.93%
 639  Nigeria_X_X_OS016-CV3_X_X_2020                     0.63%    passed     99.87%
 640  USA_X_X_MN-MDH-472_X_X_2020                        0.26%    passed     99.99%
 641  USA_X_X_MN-MDH-1317_X_X_2020                       0.19%    passed     99.99%
 642  Greece_X_X_144_X_X_2020                            0.26%    passed     99.99%
 643  USA_X_X_NY-Wadsworth-10683-01_X_X_2020             0.28%    passed    100.00%
 644  USA_X_X_NY-Wadsworth-11000-01_X_X_2020             0.27%    passed    100.00%
 645  USA_X_X_NY-Wadsworth-14726-02_X_X_2020             0.27%    passed    100.00%
 646  Italy_X_X_INMI1-cs_X_X_2020                        0.39%    passed    100.00%
 647  Japan_X_X_DP0568_X_X_2020                          0.39%    passed    100.00%
 648  USA_X_X_NY-PV08498_X_X_2020                        0.58%    passed    100.00%
 649  USA_X_X_NY-PV09067_X_X_2020                        0.60%    passed    100.00%
 650  USA_X_X_NY-PV09063_X_X_2020                        0.68%    passed    100.00%
 651  USA_X_X_NY-PV09154_X_X_2020                        0.70%    passed    100.00%
 652  Jordan_X_X_SR-053_X_X_2020                         1.65%    passed     99.07%
 653  USA_X_X_WA-UW108_X_X_2020                          0.27%    passed     99.99%
 654  SouthKorea_X_X_KCDC2077_X_X_2020                   0.15%    passed     99.98%
 655  SouthKorea_X_X_A2_X_X_2020                         0.12%    passed     99.94%
 656  Japan_X_X_DP0803_X_X_2020                          0.45%    passed    100.00%
 657  USA_X_X_MD-MDH-0027_X_X_2020                       0.02%    passed     99.36%
 658  USA_X_X_NY-NYU-VC-002_X_X_2020                     5.44%    passed     99.04%
 659  Japan_X_X_PG-0091_X_X_2020                         0.38%    passed    100.00%
 660  Bahrein_X_X_BAH-15_X_X_2020                        1.32%    passed     99.74%
 661  USA_X_X_WA-UW22_X_X_2020                           0.17%    passed     99.96%
 662  Malaysia_X_X_IMR-WC9174_X_X_2020                   0.00%    passed     99.96%
 663  USA_X_X_WA-UW168_X_X_2020                          0.38%    passed     99.98%
 664  Malaysia_X_X_IMR-WC9205_X_X_2020                   0.14%    passed     99.99%
 665  USA_X_X_WA-S537_X_X_2020                           0.11%    passed    100.00%
 666  USA_X_X_MD-HP00123_X_X_2020                        6.21%    passed     93.06%
 667  Singapore_X_X_664_X_X_2020                         0.04%    passed     99.61%
 668  Timor-Leste_X_X_TL21_X_X_2020                      1.26%    passed    100.00%
 669  DRC_X_X_KN-0058_X_X_2020                           1.24%    passed     99.95%
 670  Pakistan_X_X_Gilgit1_X_X_2020                      0.22%    passed     99.99%
 671  USA_X_X_MA-MGH-00718_X_X_2020                      0.25%    passed     99.82%
 672  Morocco_X_X_HMIMV-Rabat1462-04_X_X_2020            0.23%    passed     99.99%
 673  Thailand_X_X_Bangkok_323_X_X_2020                  0.16%    passed    100.00%
 674  USA_X_X_CA-SCCPHD-UC174_X_X_2020                   3.57%    passed     99.37%
 675  Australia_X_X_VIC2142_X_X_2020                     0.42%    passed     99.97%
 676  USA_X_X_IL-NM095_X_X_2020                          0.40%    passed     99.99%
 677  USA_X_X_MD-HP00082_X_X_2020                        1.62%    passed     99.99%
 678  Germany_X_X_NRW-05_X_X_2020                        1.60%    passed     99.96%
 679  HongKong_X_X_HKPU12_2201_X_X_2020                  5.15%    passed     98.54%
 680  HongKong_X_X_HKPU29_0102_X_X_2020                  0.40%    passed    100.00%
 681  HongKong_X_X_HKPU33_0202_X_X_2020                  3.16%    passed    100.00%
 682  HongKong_X_X_HKPU44-0102_X_X_2020                  0.53%    passed    100.00%
 683  HongKong_X_X_HKPU2_1801_X_X_2020                   3.34%    passed     99.87%
 684  HongKong_X_X_HKPU61-0202_X_X_2020                  1.36%    passed     99.92%
 685  HongKong_X_X_HKU-200723-002_X_X_2020               0.41%    passed    100.00%
 686  DRC_X_X_2864_X_X_2020                              0.56%    passed     99.99%
 687  USA_X_X_VA-DCLS-0265_X_X_2020                      0.26%    passed     99.95%
 688  USA_X_X_MI-MDHHS-SC20496_X_X_2020                  0.34%    passed     99.97%
 689  USA_X_X_MI-MDHHS-SC20996_X_X_2020                  0.31%    passed     99.96%
 690  Wales_X_X_PHWC-165C9B_X_X_2020                     0.20%    passed     99.88%
 691  Wales_X_X_PHWC-1660AD_X_X_2020                     0.21%    passed     99.92%
 692  USA_X_X_MI-MDHHS-SC20878_X_X_2020                  0.39%    passed    100.00%
 693  USA_X_X_CA-CZB-2123_X_X_2020                       2.91%    passed     99.79%
 694  234_Y_Y_NP-OP-HI_Y_Y_20200424                      0.07%    passed     99.89%
 695  Spain_X_X_Canarias201939_X_X_2020                  0.23%    passed     99.99%
 696  USA_X_X_MD-HP00101_X_X_2020                        1.86%    passed     99.63%
 697  Brazil_X_X_L21_CD443_X_X_2020                      2.05%    passed     99.81%
 698  India_X_X_GA20_X_X_2020                            0.08%    passed     98.51%
 699  Japan_X_X_NGS-CD-010_X_X_2020                      0.01%    passed     98.97%
 700  Brazil_X_X_UFRJ-IBEX_58271_X_X_2020                0.18%    passed     99.99%
 701  Luxembourg_X_X_LNS1222966_X_X_2020                 5.48%    passed     99.69%
 702  USA_X_X_FL-BPHL-0668_X_X_2020                      0.27%    passed     99.97%
 703  USA_X_X_MI-MDHHS-SC20359_X_X_2020                  1.90%    passed     99.98%
 704  USA_X_X_MI-MDHHS-SC20002_X_X_2020                  1.53%    passed     99.78%
 705  USA_X_X_WA-S1599_X_X_2020                          0.08%    passed     99.93%
 706  USA_X_X_FL-BPHL-0313_X_X_2020                      0.16%    passed     99.98%
 707  Netherlands_X_X_Flevoland_16_X_X_2020              0.43%    passed     99.98%
 708  Netherlands_X_X_Friesland_33_X_X_2020              2.06%    passed     99.86%
 709  India_X_X_CCMB_L1542_X_X_2020                      0.23%    passed     99.99%
 710  India_X_X_CCMB_L1806_X_X_2020                      0.23%    passed     99.96%
 711  Chile_X_X_Temuco_13_X_X_2020                       0.29%    passed    100.00%
 712  Egypt_X_X_CUNCI-HGC6I016_X_X_2020                  0.43%    passed     99.94%
 713  USA_X_X_CT-UW-6273_X_X_2020                        2.04%    passed     98.88%
 714  USA_X_X_MD-MDH-0037_X_X_2020                       0.14%    passed     99.61%
 715  USA_X_X_MA-MGH-00442_X_X_2020                      1.01%    passed     99.82%
 716  USA_X_X_VA-DCLS-0356_X_X_2020                      0.12%    passed     99.99%
 717  DRC_X_X_396_X_X_2020                               1.20%    passed     99.98%
 718  USA_X_X_MD-MDH-0047_X_X_2020                       0.15%    passed     99.99%
 719  USA_X_X_FL-BPHL-0139_X_X_2020                      4.24%    passed     98.55%
 720  USA_X_X_FL-UF-15_X_X_2020                          0.07%    passed     99.54%
 721  Portugal_X_X_PT0246_X_X_2020                       9.30%    passed     99.63%
 722  Portugal_X_X_PT0265_X_X_2020                       0.65%    passed     99.95%
 723  Bangladesh_X_X_CHRF_0007_X_X_2020                  0.11%    passed     99.99%
 724  USA_X_X_NY-NYUMC16_X_X_2020                       23.89%    passed     53.43%
 725  India_X_X_NCDC-01744_X_X_2020                      0.14%    passed     99.99%
 726  Senegal_X_X_62872_X_X_2020                         0.54%    passed     99.92%
 727  HongKong_X_X_VM20001061-2_X_X_2020                 0.18%    passed     99.98%
 728  USA_X_X_WA-S30_X_X_2020                            5.99%    passed     97.15%
 729  Taiwan_X_X_NCKUH-009_X_X_2020                      0.00%    passed     99.99%
 730  USA_X_X_MD-HP00030_X_X_2020                        0.41%    passed     99.99%
 731  USA_X_X_MD-HP00153_X_X_2020                        1.71%    passed     99.91%
 732  USA_X_X_MD-HP00087_X_X_2020                        1.14%    passed     99.98%
 733  USA_X_X_MD-HP00113_X_X_2020                        0.41%    passed     99.99%
 734  USA_X_X_MD-HP00031_X_X_2020                        0.42%    passed     99.99%
 735  USA_X_X_MD-HP00154_X_X_2020                        0.42%    passed     99.99%
 736  USA_X_X_MD-HP00112_X_X_2020                        2.13%    passed     99.95%
 737  USA_X_X_MD-HP00065_X_X_2020                        0.41%    passed     99.99%
 738  USA_X_X_MD-HP00076_X_X_2020                        0.42%    passed     99.98%
 739  USA_X_X_MD-HP00104_X_X_2020                        0.42%    passed     99.99%
 740  USA_X_X_MD-HP00098_X_X_2020                        2.86%    passed     99.90%
 741  UnitedArabEmirates_X_X_P1_X_X_2020                 0.00%    passed     99.19%
 742  USA_X_X_MD-HP00120_X_X_2020                        0.41%    passed     99.98%
 743  USA_X_X_MD-HP00141_X_X_2020                        7.99%    passed     98.98%
 744  USA_X_X_NY-NYUMC728_X_X_2020                       0.18%    passed     99.51%
 745  USA_X_X_NY-NYUMC754_X_X_2020                       0.01%    passed     99.38%
 746  USA_X_X_MD-MDH-0080_X_X_2020                       0.05%    passed     99.16%
 747  USA_X_X_MD-MDH-0082_X_X_2020                       0.17%    passed     99.99%
 748  USA_X_X_MD_NIDDL_3202_X_X_2020                     0.40%    passed     99.99%
 749  USA_X_X_NY-QDX-19_X_X_2020                         0.40%    passed    100.00%
 750  USA_X_X_NY-PV08490_X_X_2020                        0.60%    passed    100.00%
 751  USA_X_X_NY-PV09156_X_X_2020                        0.63%    passed     99.99%
 752  USA_X_X_NY-PV09438_X_X_2020                        1.25%    passed     99.49%
 753  USA_X_X_MD-MDH-0081_X_X_2020                       0.24%    passed    100.00%
 754  USA_X_X_SC-DHEC-0008_X_X_2020                      0.28%    passed    100.00%
 755  USA_X_X_MN-MDH-1292_X_X_2020                       0.16%    passed    100.00%
 756  USA_X_X_GA-EHC-086H_X_X_2020                       0.29%    passed     99.99%
 757  USA_X_X_GA-EHC-087I_X_X_2020                       0.29%    passed     99.99%
 758  USA_X_X_NY-PV09466_X_X_2020                        0.62%    passed    100.00%
 759  USA_X_X_FL-BPHL-0141_X_X_2020                      3.96%    passed     98.43%
 760  USA_X_X_FL-BPHL-0371_X_X_2020                      0.23%    passed     99.98%
 761  Jiangsu_X_X_IVDC-JS-001_X_X_2020                   0.29%    passed     99.70%
 762  Singapore_X_X_187_X_X_2020                         0.98%    passed     99.83%
 763  Panama_X_X_328941_X_X_2020                         2.28%    passed     98.55%
 764  Panama_X_X_329547_X_X_2020                         2.18%    passed     98.24%
 765  Panama_X_X_333271_X_X_2020                         2.73%    passed     98.16%
 766  Panama_X_X_333400_X_X_2020                         1.82%    passed     99.34%
 767  USA_X_X_NY-PV09147_X_X_2020                        0.58%    passed    100.00%
 768  USA_X_X_NY2-PV08100_X_X_2020                       0.48%    passed    100.00%
 769  Malaysia_X_X_IMR_WC119_X_X_2020                    0.78%    passed     99.87%
 770  USA_X_X_CA-SCCPHD-UC16_X_X_2020                    0.31%    passed     99.79%
 771  Thailand_X_X_Bangkok-0037_X_X_2020                 0.36%    passed    100.00%
 772  Thailand_X_X_Bangkok_1716_X_X_2020                 0.13%    passed     99.99%
 773  Thailand_X_X_Bangkok-0083_X_X_2020                 4.54%    passed     99.89%
 774  Thailand_X_X_Bangkok-CONI-0106_X_X_2020            0.83%    passed     99.73%
 775  Thailand_X_X_SI202769-NT_X_X_2020                  0.70%    passed     99.94%
 776  Pakistan_X_X_NIH-HAS001_X_X_2020                   0.07%    passed     99.62%
 777  SouthKorea_X_X_KCDC06_X_X_2020                     0.38%    passed     99.83%
 778  SouthKorea_X_X_KCDC07_X_X_2020                     0.38%    passed     99.83%
 779  Greece_X_X_261_32221_X_X_2020                      0.83%    passed    100.00%
 780  Malaysia_X_X_IMR_WC085_X_X_2020                    0.09%    passed     99.94%
 781  Australia_X_X_VIC01_X_X_2020                       0.03%    passed     99.04%
 782  Iceland_X_X_13_X_X_2020                            1.77%    passed     97.84%
 783  USA_X_X_NJ-NYUMC841_X_X_2020                       0.36%    passed     98.92%
 784  USA_X_X_NY-NYUMC101_X_X_2020                       2.59%    passed     93.29%
 785  USA_X_X_NY-NYUMC47_X_X_2020                        0.09%    passed     99.85%
 786  USA_X_X_CA-ALSR-1381_X_X_2020                      0.16%    passed     99.28%
 787  Indonesia_X_X_EJ-ITD1238Sp_X_X_2020                0.59%    passed     98.70%
 788  Oman_X_X_RESP-20-1189_X_X_2020                     0.00%    passed     99.03%
 789  Wuhan_X_X_HB-WH1-129_X_X_2020                      0.00%    passed     99.25%
 790  USA_X_X_MD-HP00106_X_X_2020                        1.14%    passed     99.88%
 791  USA_X_X_CA-ALSR-1075-SAN_X_X_2020                  0.02%    passed     99.04%
 792  USA_X_X_CA-SCCPHD-UC187_X_X_2020                   3.32%    passed     99.98%
 793  India_X_X_1-27_X_X_2020                            0.16%    passed     99.99%
 794  India_X_X_1115_X_X_2020                            0.13%    passed     99.98%
 795  USA_X_X_WA-S771_X_X_2020                           0.15%    passed     99.99%
 796  USA_X_X_CA-CZB-2084_X_X_2020                       0.29%    passed    100.00%
 797  France_X_X_RA739_X_X_2020                          0.50%    passed     99.99%
 798  Taiwan_X_X_NTU29_X_X_2020                          0.12%    passed    100.00%
 799  Scotland_X_X_CVR3333_X_X_2020                      1.66%    passed     98.79%
 800  USA_X_X_NY-Wadsworth-30164-01_X_X_2020             0.28%    passed    100.00%
 801  Latvia_X_X_02_X_X_2020                             0.01%    passed     99.00%
 802  SouthAfrica_X_X_R05204_X_X_2020                    3.52%    passed     95.99%
 803  England_X_X_20088028304_X_X_2020                   0.42%    passed     99.92%
 804  England_X_X_20100001304_X_X_2020                   5.82%    passed     91.56%
 805  NewZealand_X_X_20VR1771_X_X_2020                   0.41%    passed     99.99%
 806  Uruguay_X_X_UY-10_X_X_2020                         3.00%    passed     99.38%
 807  USA_X_X_FL-BPHL-0497_X_X_2020                      0.17%    passed     99.99%
 808  Poland_X_X_1111112_X_X_2020                        0.47%    passed    100.00%
 809  Chile_X_X_Temuco_10_X_X_2020                       0.27%    passed    100.00%
 810  USA_X_X_LA-GBCL-26629198_X_X_2020                  6.47%    passed     96.97%
 811  USA_X_X_VA-DCLS-0552_X_X_2020                      1.01%    passed     99.98%
 812  Brazil_X_X_L5_CAMPI106_X_X_2020                    3.79%    passed     98.86%
 813  USA_X_X_NY-SURV0175_X_X_2020                       0.10%    passed     99.95%
 814  Norway_X_X_2498_X_X_2020                           2.95%    passed     99.94%
 815  USA_X_X_OR-OHSU-0380_X_X_2020                      0.48%    passed     99.52%
 816  USA_X_X_OR-OHSU-1241_X_X_2020                      0.47%    passed     99.13%
 817  USA_X_X_OR-OHSU-1451_X_X_2020                      0.49%    passed     99.36%
 818  USA_X_X_MN4-MDH4_X_X_2020                          1.03%    passed     99.95%
 819  Panama_X_X_329108_X_X_2020                         2.85%    passed     97.32%
 820  USA_X_X_WA-UW60_X_X_2020                           0.23%    passed     99.62%
 821  USA_X_X_NY-PV09405_X_X_2020                        0.69%    passed     99.97%
 822  Iceland_X_X_304_X_X_2020                           0.64%    passed     99.99%
 823  USA_X_X_FL-BPHL-053_X_X_2020                      50.94%    passed     60.12%
 824  Luxembourg_X_X_LNS6387933_X_X_2020                 0.06%    passed     99.80%
 825  Luxembourg_X_X_LNS6862754_X_X_2020                 0.92%    passed     99.91%
 826  USA_X_X_MDH-9092_X_X_2020                          4.80%    passed     98.35%
 827  USA_X_X_MN-MDH-1371_X_X_2020                       0.15%    passed     99.98%
 828  Oman_X_X_205041374_X_X_2020                        0.23%    passed     99.93%
 829  England_X_X_NORT-2938BD_X_X_2020                   2.92%    passed     97.66%
 830  Portugal_X_X_IGC4467_X_X_2020                      0.40%    passed     99.97%
 831  Portugal_X_X_R150_X_X_2020                         5.07%    passed     99.56%
 832  Scotland_X_X_EDB6118_X_X_2020                      0.42%    passed     99.98%
 833  USA_X_X_CA-IGI-0111_X_X_2020                       2.16%    passed     99.36%
 834  USA_X_X_UT-03879_X_X_2020                          0.07%    passed     99.03%
 835  USA_X_X_UT-02119_X_X_2020                          3.57%    passed     98.87%
 836  USA_X_X_WA-UW-11918_X_X_2020                       0.11%    passed     99.39%
 837  Wales_X_X_PHWC-162557_X_X_2020                     1.34%    passed     99.84%
 838  Wales_X_X_PHWC-165D2F_X_X_2020                     0.17%    passed     99.41%
 839  Spain_X_X_PV-000805_X_X_2020                       0.24%    passed     99.21%
 840  Spain_X_X_Valencia23_X_X_2020                      5.86%    passed     97.91%
 841  Spain_X_X_Valencia4_X_X_2020                       1.65%    passed     99.98%
 842  USA_X_X_FL-BPHL-0393_X_X_2020                      1.59%    passed     99.86%
 843  USA_X_X_WY-WYPHL-00041_X_X_2020                    0.57%    passed    100.00%
 844  USA_X_X_SC-DHEC-0001_X_X_2020                      0.35%    passed     99.98%
 845  USA_X_X_MI-MDHHS-SC20004_X_X_2020                  3.66%    passed     99.54%
 846  Taiwan_X_X_TSGH-33_X_X_2020                        0.00%    passed     99.15%
 847  USA_X_X_WA-UW42_X_X_2020                           0.39%    passed     99.69%
 848  USA_X_X_WA-UW71_X_X_2020                           0.15%    passed     99.32%
 849  USA_X_X_FL-BPHL-0537_X_X_2020                      7.63%    passed     94.13%
 850  Norway_X_X_2447_X_X_2020                           2.46%    passed     99.32%
 851  USA_X_X_LA-GBCL-26629190_X_X_2020                  0.93%    passed     99.98%
 852  USA_X_X_NM-UNM-00318_X_X_2020                     12.66%    passed     91.04%
 853  USA_X_X_MN5-MDH5_X_X_2020                          0.42%    passed    100.00%
 854  USA_X_X_WA-UW-11399_X_X_2020                       0.04%    passed     98.98%
 855  USA_X_X_CA-CZB-1054_X_X_2020                       0.15%    passed     99.99%
 856  USA_X_X_WA-S4_X_X_2020                            34.16%    passed     52.87%
 857  USA_X_X_CA6_X_X_2020                               0.15%    passed     99.84%
 858  USA_X_X_NY-PV08441_X_X_2020                        0.65%    passed    100.00%
 859  Turkey_X_X_GLAB-CoV114_X_X_2020                    0.32%    passed     99.99%
 860  Spain_X_X_Valencia266_X_X_2020                     1.17%    passed     99.69%
 861  Bangladesh_X_X_CHRF_0003_X_X_2020                  0.24%    passed     99.94%
 862  India_X_X_RMRC103_X_X_2020                         0.85%    passed     99.81%
 863  India_X_X_RMRC157_X_X_2020                         1.63%    passed     99.68%
 864  USA_X_X_MD-MDH-0026_X_X_2020                       0.32%    passed     99.38%
 865  USA_X_X_MD-MDH-0031_X_X_2020                       0.67%    passed     99.11%
 866  Panama_X_X_328710_X_X_2020                         4.53%    passed     94.77%
 867  Bahrain_X_X_04_X_X_2020                            0.46%    passed     99.88%
 868  USA_X_X_CA-SCCPHD-UC128_X_X_2020                  11.51%    passed     67.42%
 869  Wuhan_X_X_WHUH020_X_X_2020                         0.75%    passed     99.53%
 870  USA_X_X_NY-PV09442_X_X_2020                        0.71%    passed     99.99%
 871  SouthAfrica_X_X_KRISP-105_X_X_2020                 0.47%    passed    100.00%
 872  USA_X_X_WA-S1484_X_X_2020                          0.53%    passed     99.97%
 873  USA_X_X_WI-UW-793_X_X_2020                         1.32%    passed     99.93%
 874  USA_X_X_CA-CZB-1491_X_X_2020                       0.44%    passed     99.98%
 875  USA_X_X_CA-CZB-1493_X_X_2020                       0.38%    passed     99.96%
 876  USA_X_X_WI-GMF-01534_X_X_2020                      1.23%    passed     99.70%
 877  Panama_X_X_338872_X_X_2020                         4.16%    passed     99.82%
 878  USA_X_X_NY-NYUMC894_X_X_2020                       0.44%    passed     99.01%
 879  Australia_X_X_VIC1581_X_X_2020                     0.92%    passed     99.77%
 880  Australia_X_X_VIC1782_X_X_2020                     2.70%    passed     95.58%
 881  USA_X_X_MD-HP00086_X_X_2020                        1.14%    passed     99.92%
 882  USA_X_X_CA-CZB-2147_X_X_2020                       4.10%    passed     99.67%
 883  HongKong_X_X_HKU-200723-075_X_X_2020               1.32%    passed     95.82%
 884  USA_X_X_CA-IGI-0006_X_X_2020                       0.28%    passed     99.59%
 885  USA_X_X_NY-NYU-VC-023_X_X_2020                    16.29%    passed     89.02%
 886  England_X_X_LIVE-A1C0D_X_X_2020                    1.06%    passed     99.99%
 887  Mexico_X_X_InDRE_28_X_X_2020                       1.20%    passed    100.00%
 888  USA_X_X_CA-SCCPHD-UC109_X_X_2020                   5.44%    passed     99.95%
 889  Luxembourg_X_X_LNS1227733_X_X_2020                 0.93%    passed     99.98%
 890  USA_X_X_LA-GBCL-26544550_X_X_2020                  7.25%    passed     90.85%
 891  USA_X_X_CA-CZB-1312_X_X_2020                       1.42%    passed     99.72%
 892  Luxembourg_X_X_LNS4028260_X_X_2020                 2.56%    passed     99.25%
 893  HongKong_X_X_HKPU73-0802_X_X_2020                  2.27%    passed    100.00%
 894  USA_X_X_CA-SCCPHD-UC135_X_X_2020                  27.55%    passed     58.43%
 895  USA_X_X_CA-CZB-1086_X_X_2020                       1.88%    passed     99.89%
 896  USA_X_X_CA-SCCPHD-UC143_X_X_2020                  19.21%    passed     80.09%
 897  USA_X_X_MDH-5622_X_X_2020                          9.07%    passed     58.29%
 898  USA_X_X_MDH-6612_X_X_2020                          1.53%    passed     99.71%
 899  USA_X_X_MDH-6572_X_X_2020                          2.11%    passed     96.65%
 900  USA_X_X_MDH-7590_X_X_2020                          4.49%    passed     91.05%
 901  USA_X_X_MDH-9483_X_X_2020                          1.14%    passed     98.61%
 902  USA_X_X_MDH-5875_X_X_2020                          2.53%    passed     96.26%
 903  USA_X_X_MDH-7760_X_X_2020                          2.47%    passed     96.91%
 904  USA_X_X_MDH-6339_X_X_2020                          4.90%    passed     94.17%
 905  USA_X_X_MDH-8144_X_X_2020                          1.06%    passed     99.83%
 906  Norway_X_X_2356-2_X_X_2020                         1.84%    passed     99.39%
 907  USA_X_X_CA-SCCPHD-UC134_X_X_2020                  30.94%    passed     82.18%
 908  Wales_X_X_PHWC-2C8E8_X_X_2020                      4.03%    passed     99.91%
 909  USA_X_X_CA-CZB-1776_X_X_2020                       2.22%    passed     99.73%
 910  USA_X_X_MDH-7761_X_X_2020                          6.89%    passed     70.74%
 911  Thailand_X_X_NIH-190_X_X_2020                      7.40%    passed     90.24%
 912  USA_X_X_CA-SCCPHD-UC114_X_X_2020                  18.71%    passed     82.45%
 913  USA_X_X_CA-SCCPHD-UC125_X_X_2020                   7.70%    passed     93.32%
 914  USA_X_X_NY-NYUMC24_X_X_2020                        8.58%    passed     58.01%
 915  USA_X_X_NY-NYUMC1_X_X_2020                        16.13%    passed     32.77%
 916  USA_X_X_CA-CDPH-UC25_X_X_2020                     23.01%    passed     96.17%
 917  USA_X_X_WA-UW-4572_X_X_2020                       37.15%    failed      0.00%
WARNING: 1 sequences contain more than 50% gaps/ambiguity
****  TOTAL                                              1.20%  1 sequences failed composition chi2 test (p-value<5%; df=3)

Create initial parsimony tree by phylogenetic likelihood library (PLL)... 3.348 seconds

NOTE: 455 MB RAM (0 GB) is required!
Estimate model parameters (epsilon = 0.500)
1. Initial log-likelihood: -90133.439
2. Current log-likelihood: -86059.731
3. Current log-likelihood: -86049.653
4. Current log-likelihood: -86049.006
Optimal log-likelihood: -86048.768
Rate parameters:  A-C: 1.43280  A-G: 2.95411  A-T: 0.81218  C-G: 0.66263  C-T: 3.43105  G-T: 1.00000
Base frequencies:  A: 0.299  C: 0.184  G: 0.196  T: 0.321
Parameters optimization took 4 rounds (7.332 sec)
Computing ML distances based on estimated model parameters... 580.028 sec
Computing BIONJ tree...
1.743 seconds
Log-likelihood of BIONJ tree: -86437.915
--------------------------------------------------------------------
|             INITIALIZING CANDIDATE TREE SET                      |
--------------------------------------------------------------------

Do NNI search on 2 best initial trees
Estimate model parameters (epsilon = 0.500)
BETTER TREE FOUND at iteration 1: -85991.211
Finish initializing candidate tree set (4)
Current best tree score: -85991.211 / CPU time: 21.070
Number of iterations: 2
TREE SEARCH COMPLETED AFTER 2 ITERATIONS / Time: 0h:1m:1s

--------------------------------------------------------------------
|                    FINALIZING TREE SEARCH                        |
--------------------------------------------------------------------
Performs final model parameters optimization
Estimate model parameters (epsilon = 0.050)
1. Initial log-likelihood: -85991.211
Optimal log-likelihood: -85991.203
Rate parameters:  A-C: 1.42742  A-G: 2.95792  A-T: 0.81665  C-G: 0.65353  C-T: 3.43774  G-T: 1.00000
Base frequencies:  A: 0.299  C: 0.184  G: 0.196  T: 0.321
Parameters optimization took 1 rounds (0.927 sec)
BEST SCORE FOUND : -85991.203
Total tree length: 1.014

Total number of iterations: 2
CPU time used for tree search: 605.068 sec (0h:10m:5s)
Wall-clock time used for tree search: 21.104 sec (0h:0m:21s)
Total CPU time used: 1518.508 sec (0h:25m:18s)
Total wall-clock time used: 62.753 sec (0h:1m:2s)

Analysis results written to: 
  IQ-TREE report:                results/aligned-delim.fasta.iqtree
  Maximum-likelihood tree:       results/aligned-delim.fasta.treefile
  Likelihood distances:          results/aligned-delim.fasta.mldist
  Screen log file:               results/aligned-delim.fasta.log

Date and Time: Fri Aug 14 13:52:43 2020
