IQ-TREE multicore version 2.0.3 for Linux 64-bit built Apr 26 2020
Developed by Bui Quang Minh, Nguyen Lam Tung, Olga Chernomor,
Heiko Schmidt, Dominik Schrempf, Michael Woodhams.

Host:    microb191 (AVX2, FMA3, 188 GB RAM)
Command: iqtree -ninit 2 -n 2 -me 0.05 -nt 30 -s results/aligned-delim.fasta -m GTR
Seed:    601621 (Using SPRNG - Scalable Parallel Random Number Generator)
Time:    Fri Sep 11 15:31:26 2020
Kernel:  AVX+FMA - 30 threads (48 CPU cores detected)

Reading alignment file results/aligned-delim.fasta ... Fasta format detected
Alignment most likely contains DNA/RNA sequences
Alignment has 912 sequences with 29903 columns, 15354 distinct patterns
661 parsimony-informative, 10340 singleton sites, 18902 constant sites
                                                 Gap/Ambiguity  Composition  p-value
   1  NC_045512.2                                        0.00%    passed     99.15%
   2  USA_X_X_CA-UCSF-UC33_X_X_2020                      2.63%    passed     99.40%
   3  Sichuan_X_X_SC-WCH4-287_X_X_2020                   0.00%    passed     99.15%
   4  USA_X_X_CA-SCCPHD-UC155_X_X_2020                   0.13%    passed    100.00%
   5  Sichuan_X_X_SC-GA-062_X_X_2020                     0.00%    passed     99.17%
   6  Germany_X_X_NRW-03_X_X_2020                        1.38%    passed     99.97%
   7  Germany_X_X_NRW-06_X_X_2020                        0.40%    passed    100.00%
   8  USA_X_X_UT-010_X_X_2020                            0.00%    passed     98.90%
   9  Germany_X_X_NRW-04_X_X_2020                        0.41%    passed    100.00%
  10  Germany_X_X_NRW-07_X_X_2020                        3.24%    passed     99.94%
  11  USA_X_X_CA-SCCPHD-UC116_X_X_2020                   5.60%    passed     99.71%
  12  USA_X_X_CA-SCCPHD-UC13_X_X_2020                    0.47%    passed     99.52%
  13  Brazil_X_X_SP-02_X_X_2020                          0.40%    passed    100.00%
  14  Oman_X_X_RESP-20-4400_X_X_2020                     0.00%    passed     99.14%
  15  USA_X_X_TX-HMH037_X_X_2020                         1.14%    passed     99.98%
  16  USA_X_X_NJ-NYUMC682_X_X_2020                       0.00%    passed     99.22%
  17  USA_X_X_NY-NYUMC210_X_X_2020                       0.10%    passed     99.41%
  18  Italy_X_X_SPL1_X_X_2020                            0.00%    passed     99.14%
  19  USA_X_X_NY-NYUMC99_X_X_2020                        0.29%    passed     99.25%
  20  Sweden_X_X_20-02114_X_X_2020                       0.00%    passed     99.26%
  21  USA_X_X_OR-PROV-001_X_X_2020                       0.00%    passed     99.26%
  22  England_X_X_20078003804_X_X_2020                   0.33%    passed    100.00%
  23  USA_X_X_MD-HP00032_X_X_2020                        0.41%    passed     99.99%
  24  USA_X_X_MD-HP00055_X_X_2020                        0.41%    passed     99.99%
  25  USA_X_X_NY-NYUMC712_X_X_2020                       0.01%    passed     99.45%
  26  USA_X_X_NY-NYUMC31_X_X_2020                        0.16%    passed    100.00%
  27  USA_X_X_CA-CZB-1252_X_X_2020                       0.02%    passed     99.54%
  28  Australia_X_X_SA01_X_X_2020                        0.48%    passed     99.98%
  29  Australia_X_X_SAP305_X_X_2020                      0.08%    passed     99.27%
  30  Australia_X_X_SA04_X_X_2020                        0.89%    passed     99.95%
  31  USA_X_X_CA-SCCPHD-UC124_X_X_2020                   7.13%    passed     96.48%
  32  USA_X_X_NY-NYUMC102_X_X_2020                       0.07%    passed     98.96%
  33  USA_X_X_NY-NYUMC37_X_X_2020                        0.00%    passed     99.13%
  34  USA_X_X_NY-NYUMC535_X_X_2020                       0.00%    passed     99.03%
  35  SouthKorea_X_X_KCDC2120_X_X_2020                   0.00%    passed     99.08%
  36  Australia_X_X_VIC03_X_X_2020                       0.05%    passed     99.34%
  37  SouthKorea_X_X_KCDC2045_X_X_2020                   0.05%    passed     99.37%
  38  SouthKorea_X_X_KCDC2087_X_X_2020                   0.06%    passed     99.23%
  39  SouthKorea_X_X_KCDC2048_X_X_2020                   0.04%    passed     99.24%
  40  USA_X_X_CA-SCCPHD-UC128_X_X_2020                  11.51%    passed     67.47%
  41  USA_X_X_CA-SR0425_X_X_2020                         0.38%    passed     99.59%
  42  USA_X_X_MD-MDH-0067_X_X_2020                       0.00%    passed     99.11%
  43  USA_X_X_MD-MDH-0073_X_X_2020                       0.16%    passed     99.37%
  44  USA_X_X_CA-CZB-1051_X_X_2020                       0.03%    passed     99.11%
  45  USA_X_X_CA-CZB016_X_X_2020                         0.04%    passed     99.17%
  46  Wales_X_X_PHWC-36687_X_X_2020                      2.85%    passed     98.38%
  47  USA_X_X_MD-MDH-0019_X_X_2020                       0.03%    passed     99.25%
  48  USA_X_X_NY-QDX-105_X_X_2020                        0.07%    passed     99.20%
  49  Canada_X_X_BC_37_0-2_X_X_2020                      1.31%    passed     99.90%
  50  Canada_X_X_BC_69243_X_X_2020                       2.27%    passed     99.99%
  51  USA_X_X_CA-CSMC10_X_X_2020                         0.00%    passed     99.09%
  52  Ganzhou_X_X_JX81_X_X_2020                          0.12%    passed     99.73%
  53  HongKong_X_X_HKU-907a_X_X_2020                     0.12%    passed     99.74%
  54  HongKong_X_X_HKU-902a_X_X_2020                     0.05%    passed     99.73%
  55  Taiwan_X_X_4_X_X_2020                              0.04%    passed     99.77%
  56  HongKong_X_X_HKU-902b_X_X_2020                     0.04%    passed     99.72%
  57  Thailand_X_X_Nonthaburi_59_X_X_2020                0.05%    passed     99.73%
  58  Thailand_X_X_Nonthaburi_68_X_X_2020                0.15%    passed     99.99%
  59  Thailand_X_X_Phuket_247_X_X_2020                   0.12%    passed     99.99%
  60  HongKong_X_X_HKU-911a_X_X_2020                     0.04%    passed     99.75%
  61  Vietnam_X_X_19-01S_X_X_2020                        0.04%    passed     99.75%
  62  Taiwan_X_X_3_X_X_2020                              0.04%    passed     99.78%
  63  Yunnan_X_X_IVDC-YN-003_X_X_2020                    0.06%    passed     99.82%
  64  Thailand_X_X_Bangkok_238_X_X_2020                  0.13%    passed     99.99%
  65  HongKong_X_X_HKU-913a_X_X_2020                     0.04%    passed     99.83%
  66  Singapore_X_X_7_X_X_2020                           0.04%    passed     99.75%
  67  Thailand_X_X_Bangkok_269_X_X_2020                  0.06%    passed     99.83%
  68  Thailand_X_X_Nonthaburi_363_X_X_2020               0.14%    passed     99.99%
  69  Singapore_X_X_466_X_X_2020                         0.80%    passed     99.59%
  70  HongKong_X_X_HKU-903a_X_X_2020                     0.04%    passed     99.66%
  71  Taiwan_X_X_8_X_X_2020                              0.05%    passed     99.82%
  72  HongKong_X_X_VB20017970-2_X_X_2020                 0.23%    passed     99.99%
  73  Wuhan_X_X_WIV02_X_X_2019                           0.26%    passed    100.00%
  74  Vietnam_X_X_19-02S_X_X_2020                        0.04%    passed     99.78%
  75  Canada_X_X_ON_ON-VIDO-01-2_X_X_2020                0.25%    passed    100.00%
  76  HongKong_X_X_HKU-001a_X_X_2020                     0.04%    passed     99.73%
  77  Singapore_X_X_15_X_X_2020                          1.39%    passed     99.50%
  78  Belgium_X_X_GHB-03021_X_X_2020                     0.15%    passed     99.94%
  79  USA_X_X_AZ1_X_X_2020                               0.07%    passed     99.93%
  80  USA_X_X_FL_5091_X_X_2020                           0.07%    passed     99.97%
  81  USA_X_X_MN-CDC-0106_X_X_2020                       0.07%    passed     99.97%
  82  USA_X_X_NY-SURV052_X_X_2020                        0.07%    passed     99.97%
  83  USA_X_X_CA_2602_X_X_2020                           0.07%    passed     99.93%
  84  USA_X_X_NE_6605_X_X_2020                           0.07%    passed     99.89%
  85  USA_X_X_NY-SURV0144_X_X_2020                       0.07%    passed     99.95%
  86  Jamaica_X_X_JM-CDC-0869_X_X_2020                   0.07%    passed     99.93%
  87  USA_X_X_OR_2656_X_X_2020                           0.07%    passed     99.93%
  88  USA_X_X_FL_9590_X_X_2020                           0.07%    passed     99.93%
  89  USA_X_X_MA_1355_X_X_2020                           0.07%    passed     99.93%
  90  USA_X_X_NY-SURV097_X_X_2020                        0.07%    passed     99.93%
  91  USA_X_X_NY-SURV0874_X_X_2020                       0.07%    passed     99.93%
  92  USA_X_X_NY-SURV0397_X_X_2020                       0.07%    passed     99.91%
  93  USA_X_X_NY-SURV0165_X_X_2020                       0.07%    passed     99.96%
  94  USA_X_X_NY-SURV0166_X_X_2020                       0.07%    passed     99.94%
  95  USA_X_X_WA_5030_X_X_2020                           0.07%    passed     99.92%
  96  USA_X_X_CA1_X_X_2020                               0.07%    passed     99.92%
  97  USA_X_X_FL-CDC-2718_X_X_2020                       0.08%    passed     99.91%
  98  USA_X_X_FL_9655_X_X_2020                           0.07%    passed     99.92%
  99  USA_X_X_IN-CDC-2013_X_X_2020                       0.08%    passed     99.91%
 100  USA_X_X_GA-CDC-2059_X_X_2020                       0.08%    passed     99.92%
 101  USA_X_X_IL2_X_X_2020                               0.07%    passed     99.91%
 102  USA_X_X_SC_3571_X_X_2020                           0.07%    passed     99.90%
 103  USA_X_X_SC_3575_X_X_2020                           0.07%    passed     99.93%
 104  USA_X_X_SC_6370_X_X_2020                           0.08%    passed     99.93%
 105  USA_X_X_MN-CDC-0108_X_X_2020                       0.08%    passed     99.93%
 106  USA_X_X_IL1_X_X_2020                               0.10%    passed     99.89%
 107  USA_X_X_NV_0052_X_X_2020                           0.07%    passed     99.96%
 108  France_X_X_IDF0386-islP1_X_X_2020                  0.10%    passed     99.99%
 109  USA_X_X_CA2_X_X_2020                               0.07%    passed     99.92%
 110  USA_X_X_MD-HP00058_X_X_2020                        0.41%    passed     99.99%
 111  USA_X_X_NJ-NYUMC111_X_X_2020                       0.00%    passed     99.36%
 112  USA_X_X_NY-NYUMC670_X_X_2020                       0.20%    passed     99.76%
 113  USA_X_X_MD-HP00149_X_X_2020                        6.09%    passed     99.94%
 114  USA_X_X_NY-NYUMC490_X_X_2020                       2.28%    passed     99.98%
 115  USA_X_X_NY-WCMP4D04P_X_X_2020                      0.11%    passed    100.00%
 116  USA_X_X_NY-WCMP4A02N_X_X_2020                      0.11%    passed    100.00%
 117  USA_X_X_NY-WCMP9A05P_X_X_2020                      0.11%    passed    100.00%
 118  Mexico_X_X_Queretaro-InDRE_04_X_X_2020             0.10%    passed     99.99%
 119  USA_X_X_WA-S11_X_X_2020                            0.08%    passed     99.98%
 120  Malaysia_X_X_MKAK-CL-2020-5096_X_X_2020            0.84%    passed     99.63%
 121  USA_X_X_WA-S248_X_X_2020                           0.16%    passed    100.00%
 122  USA_X_X_WA-S57_X_X_2020                            0.14%    passed    100.00%
 123  USA_X_X_WA-S49_X_X_2020                            0.15%    passed    100.00%
 124  USA_X_X_WA-S7_X_X_2020                             0.24%    passed    100.00%
 125  USA_X_X_WA-S90_X_X_2020                            0.15%    passed    100.00%
 126  USA_X_X_CA-CZB0158_X_X_2020                        0.22%    passed    100.00%
 127  Malaysia_X_X_MKAK-CL-2020-6430_X_X_2020            0.15%    passed     99.98%
 128  Guangdong_X_X_20SF629_X_X_2020                     0.12%    passed     99.99%
 129  Singapore_X_X_1_X_X_2020                           0.19%    passed     99.99%
 130  USA_X_X_CA-SCCPHD-UC149_X_X_2020                   4.60%    passed     89.93%
 131  Singapore_X_X_3_X_X_2020                           0.20%    passed     99.99%
 132  England_X_X_01_X_X_2020                            0.22%    passed     99.95%
 133  England_X_X_02_X_X_2020                            0.22%    passed     99.96%
 134  Finland_X_X_FIN01032020_X_X_2020                   1.61%    passed     99.69%
 135  USA_X_X_VA_6171_X_X_2020                           0.07%    passed     99.91%
 136  France_X_X_IDF0372_X_X_2020                        0.17%    passed     99.99%
 137  Thailand_X_X_61_X_X_2020                           0.18%    passed     99.98%
 138  Thailand_X_X_NIH-162_X_X_2020                      0.21%    passed     99.99%
 139  Switzerland_X_X_GE5373_X_X_2020                    0.13%    passed    100.00%
 140  Italy_X_X_INMI5_X_X_2020                           0.37%    passed     99.99%
 141  Peru_X_X_INS-008_X_X_2020                          1.26%    passed     99.84%
 142  Peru_X_X_INS-026_X_X_2020                          1.26%    passed     99.75%
 143  USA_X_X_NY-PV09087_X_X_2020                        0.67%    passed    100.00%
 144  USA_X_X_NY-PV09432_X_X_2020                        0.62%    passed     99.99%
 145  Germany_X_X_BavPat2-ChVir984-ChVir1017_X_X_2020    0.15%    passed    100.00%
 146  Nepal_X_X_61_X_X_2020                              0.31%    passed     99.99%
 147  France_X_X_IDF0515_X_X_2020                        0.13%    passed    100.00%
 148  Japan_X_X_DP0464_X_X_2020                          0.24%    passed    100.00%
 149  Japan_X_X_DP0588_X_X_2020                          0.23%    passed    100.00%
 150  Wuhan_X_X_WIV05_X_X_2019                           0.17%    passed     99.99%
 151  Japan_X_X_DP0764_X_X_2020                          0.10%    passed     99.99%
 152  Japan_X_X_NA-20-05-1_X_X_2020                      0.08%    passed     99.94%
 153  Japan_X_X_TY-WK-501_X_X_2020                       0.08%    passed     99.95%
 154  Japan_X_X_TY-WK-521_X_X_2020                       0.08%    passed     99.95%
 155  Taiwan_X_X_2_X_X_2020                              0.08%    passed     99.97%
 156  Germany_X_X_BavPat4-ChVir1019_X_X_2020             0.23%    passed    100.00%
 157  USA_X_X_MA-MGH-00441_X_X_2020                      0.38%    passed     99.96%
 158  Italy_X_X_INMI1-cs_X_X_2020                        0.39%    passed    100.00%
 159  Japan_X_X_DP0568_X_X_2020                          0.39%    passed    100.00%
 160  USA_X_X_CA-CZB-1083_X_X_2020                       0.11%    passed     99.98%
 161  Argentina_X_X_PAIS-A0006_X_X_2020                  0.34%    passed     99.97%
 162  USA_X_X_MD-MDH-0045_X_X_2020                       0.05%    passed     99.42%
 163  Colombia_X_X_GUR-0206_X_X_2020                     0.60%    passed     99.99%
 164  USA_X_X_NY-PV09407_X_X_2020                        0.60%    passed     99.99%
 165  USA_X_X_NJ-PV09473_X_X_2020                        0.60%    passed     99.99%
 166  USA_X_X_NY-PV09413_X_X_2020                        0.60%    passed     99.99%
 167  USA_X_X_OR-OHSU-1259_X_X_2020                      9.05%    passed     80.05%
 168  USA_X_X_NJ-PV09465_X_X_2020                        0.62%    passed     99.99%
 169  USA_X_X_NY-PV08143_X_X_2020                        0.59%    passed     99.99%
 170  USA_X_X_NY-PV09484_X_X_2020                        0.64%    passed     99.99%
 171  USA_X_X_NY-PV09393_X_X_2020                        0.61%    passed     99.98%
 172  USA_X_X_NY-PV08429_X_X_2020                        0.66%    passed     99.99%
 173  USA_X_X_NY-PV09164_X_X_2020                        0.64%    passed    100.00%
 174  USA_X_X_NY-PV09178_X_X_2020                        0.70%    passed    100.00%
 175  USA_X_X_NY-PV09369_X_X_2020                        0.70%    passed     99.99%
 176  USA_X_X_NY-PV09355_X_X_2020                        0.65%    passed    100.00%
 177  USA_X_X_NY-PV09444_X_X_2020                        0.63%    passed    100.00%
 178  Venezuela_X_X_VEN-95072_X_X_2020                   0.62%    passed     99.99%
 179  USA_X_X_NY-PV09199_X_X_2020                        0.67%    passed     99.99%
 180  USA_X_X_NY-UW-MAYO27_X_X_2020                      0.14%    passed     99.99%
 181  Thailand_X_X_SI200040-NT_X_X_2020                  0.33%    passed    100.00%
 182  Thailand_X_X_SI200383-NT_X_X_2020                  0.31%    passed    100.00%
 183  Thailand_X_X_SI200478-NST_X_X_2020                 0.23%    passed    100.00%
 184  Thailand_X_X_SI201712-NT_X_X_2020                  0.29%    passed    100.00%
 185  USA_X_X_MD-MDH-0029_X_X_2020                       0.29%    passed     99.98%
 186  Thailand_X_X_SI200468-NT_X_X_2020                  0.25%    passed    100.00%
 187  Thailand_X_X_SI202620-NT_X_X_2020                  0.23%    passed    100.00%
 188  Thailand_X_X_SI203285-NT_X_X_2020                  0.28%    passed     99.99%
 189  Thailand_X_X_SI202872-NT_X_X_2020                  0.78%    passed     99.84%
 190  USA_X_X_MD-MDH-0043_X_X_2020                       0.27%    passed     99.93%
 191  USA_X_X_MD-MDH-0061_X_X_2020                       0.12%    passed     99.64%
 192  USA_X_X_MD-MDH-0062_X_X_2020                       0.23%    passed     99.95%
 193  Singapore_X_X_20_X_X_2020                          0.07%    passed     99.85%
 194  USA_X_X_MD-MDH-0030_X_X_2020                       0.07%    passed     99.38%
 195  USA_X_X_NY-NYU-VC-010_X_X_2020                     0.42%    passed     99.98%
 196  USA_X_X_WA-UW69_X_X_2020                           0.06%    passed     99.41%
 197  USA_X_X_NJ-PV09361_X_X_2020                        0.64%    passed     99.99%
 198  Luxembourg_X_X_LNS0000001_X_X_2020                 0.34%    passed     99.99%
 199  USA_X_X_WA-S274_X_X_2020                           0.10%    passed     99.98%
 200  Norway_X_X_1917_X_X_2020                           0.12%    passed    100.00%
 201  USA_X_X_NY-WCMP11D01N_X_X_2020                     0.12%    passed    100.00%
 202  USA_X_X_NY-PV08400_X_X_2020                        1.77%    passed     99.75%
 203  USA_X_X_MD-MDH-0046_X_X_2020                       0.18%    passed    100.00%
 204  USA_X_X_WA-S1831_X_X_2020                          0.11%    passed     99.99%
 205  USA_X_X_WA-S2288_X_X_2020                          0.11%    passed     99.99%
 206  Oman_X_X_205034466_X_X_2020                        0.19%    passed     99.98%
 207  Israel_X_X_2020063_X_X_2020                        1.58%    passed     99.35%
 208  Israel_X_X_2089366_X_X_2020                        0.40%    passed     99.99%
 209  USA_X_X_WA-UW82_X_X_2020                           0.17%    passed     99.89%
 210  Australia_X_X_NSW01_X_X_2020                       0.40%    passed    100.00%
 211  USA_X_X_NJ-QDX-39_X_X_2020                         0.60%    passed     99.96%
 212  Australia_X_X_NSW03_X_X_2020                       0.40%    passed    100.00%
 213  HongKong_X_X_HKU-200723-004_X_X_2020               0.40%    passed    100.00%
 214  Germany_X_X_BavPat1-ChVir929_X_X_2020              0.40%    passed     99.99%
 215  Australia_X_X_NSW04_X_X_2020                       0.40%    passed    100.00%
 216  HongKong_X_X_HKU-200723-029_X_X_2020               0.40%    passed    100.00%
 217  USA_X_X_MN42-MDH42_X_X_2020                        0.42%    passed    100.00%
 218  Belgium_X_X_CK-0324150_X_X_2020                    0.40%    passed     99.97%
 219  USA_X_X_MN67-MDH67_X_X_2020                        0.41%    passed     99.99%
 220  USA_X_X_NY-QDX-137_X_X_2020                        0.40%    passed     99.99%
 221  USA_X_X_CT-Yale-040_X_X_2020                       1.39%    passed     99.98%
 222  USA_X_X_CT-Yale-271_X_X_2020                       0.40%    passed     99.99%
 223  USA_X_X_WI-UW-101_X_X_2020                         0.40%    passed    100.00%
 224  USA_X_X_WI-UW-103_X_X_2020                         0.40%    passed     99.99%
 225  Denmark_X_X_ALAB-SSI-1387_X_X_2020                 0.40%    passed    100.00%
 226  HongKong_X_X_HKU-200723-106_X_X_2020               0.40%    passed     99.99%
 227  USA_X_X_LA-GBCL-26513041_X_X_2020                  7.37%    passed     90.59%
 228  USA_X_X_NJ-QDX-144_X_X_2020                        0.40%    passed     99.98%
 229  USA_X_X_NJ-QDX-74_X_X_2020                         0.40%    passed     99.98%
 230  USA_X_X_NY-Wadsworth-11330-01_X_X_2020             0.51%    passed     99.98%
 231  USA_X_X_NJ-QDX-55_X_X_2020                         0.40%    passed     99.98%
 232  USA_X_X_NY-Wadsworth-11190-01_X_X_2020             0.76%    passed     99.96%
 233  USA_X_X_NY-Wadsworth-11249-01_X_X_2020             1.01%    passed     99.68%
 234  USA_X_X_NY-Wadsworth-11245-01_X_X_2020             1.02%    passed     99.73%
 235  USA_X_X_NY-Wadsworth-11191-01_X_X_2020             0.46%    passed     99.99%
 236  Denmark_X_X_ALAB-SSI-682_X_X_2020                  0.40%    passed     99.95%
 237  USA_X_X_NJ-QDX-124_X_X_2020                        0.40%    passed     99.96%
 238  USA_X_X_NY-Wadsworth-11717-01_X_X_2020             0.33%    passed    100.00%
 239  USA_X_X_NY-Wadsworth-11735-01_X_X_2020             0.32%    passed    100.00%
 240  USA_X_X_LA-GBCL-26544529_X_X_2020                  7.06%    passed     96.69%
 241  Canada_X_X_QC_AD6_X_X_2020                         0.41%    passed     99.93%
 242  Canada_X_X_QC_AM6_X_X_2020                         0.40%    passed     99.94%
 243  USA_X_X_LA-GBCL-26513013_X_X_2020                  0.63%    passed     99.94%
 244  Austria_X_X_CeMM0572_X_X_2020                      0.40%    passed     99.98%
 245  Austria_X_X_CeMM0337_X_X_2020                      0.40%    passed     99.99%
 246  England_X_X_LCST-24D733C_X_X_2020                  0.41%    passed     99.95%
 247  Belgium_X_X_ULG-10184_X_X_2020                     0.40%    passed     99.96%
 248  Austria_X_X_CeMM0401_X_X_2020                      0.40%    passed    100.00%
 249  Belgium_X_X_Rega-0330249_X_X_2020                  0.40%    passed    100.00%
 250  Hungary_X_X_mbl49_X_X_2020                         0.40%    passed    100.00%
 251  USA_X_X_VA_NIDDL_2783_X_X_2020                     0.40%    passed    100.00%
 252  Belgium_X_X_VLS-0507418_X_X_2020                   0.40%    passed     99.98%
 253  Thailand_X_X_Bangkok-0088_X_X_2020                 5.08%    passed     99.65%
 254  Scotland_X_X_EDB5402_X_X_2020                      0.42%    passed     99.92%
 255  Australia_X_X_NSW2153_X_X_2020                     0.41%    passed     99.99%
 256  Ecuador_X_X_USFQ-110_X_X_2020                      0.46%    passed     99.99%
 257  Ecuador_X_X_USFQ-096_X_X_2020                      0.31%    passed     99.97%
 258  USA_X_X_WI-UW-278_X_X_2020                         0.40%    passed     99.99%
 259  USA_X_X_WI-UW-310_X_X_2020                         0.41%    passed     99.98%
 260  USA_X_X_WI-UW-283_X_X_2020                         0.41%    passed    100.00%
 261  USA_X_X_WI-UW-300_X_X_2020                         0.40%    passed    100.00%
 262  USA_X_X_NJ-QDX-133_X_X_2020                        0.43%    passed     99.99%
 263  USA_X_X_NJ-QDX-56_X_X_2020                         0.43%    passed     99.99%
 264  USA_X_X_NJ-UW-557_X_X_2020                         0.41%    passed     99.98%
 265  USA_X_X_NY-UW-651_X_X_2020                         0.40%    passed     99.98%
 266  USA_X_X_NY-UW-584_X_X_2020                         0.40%    passed     99.98%
 267  Australia_X_X_VIC1353_X_X_2020                     1.04%    passed     99.94%
 268  Switzerland_X_X_100059_X_X_2020                    0.41%    passed    100.00%
 269  Iceland_X_X_126_X_X_2020                           0.16%    passed    100.00%
 270  Iceland_X_X_79_X_X_2020                            0.53%    passed     99.95%
 271  Bangladesh_X_X_BCSIR-NILMRC_100_X_X_2020           0.00%    passed     99.16%
 272  Bangladesh_X_X_BCSIR-NILMRC_231_X_X_2020           0.00%    passed     99.04%
 273  USA_X_X_CA-UCSF-UC36_X_X_2020                      0.70%    passed     99.84%
 274  USA_X_X_MD-HP00061_X_X_2020                        0.41%    passed    100.00%
 275  USA_X_X_MD-HP00085_X_X_2020                        0.41%    passed    100.00%
 276  USA_X_X_MI-MDHHS-SC20162_X_X_2020                  0.31%    passed     99.99%
 277  USA_X_X_NY-NYUMC349_X_X_2020                       0.00%    passed     99.04%
 278  USA_X_X_NY-NYUMC806_X_X_2020                       0.00%    passed     99.12%
 279  USA_X_X_NJ-NYUMC344_X_X_2020                       0.00%    passed     99.16%
 280  USA_X_X_NY-NYUMC601_X_X_2020                       0.08%    passed     99.11%
 281  USA_X_X_MD-HP00093_X_X_2020                        1.14%    passed     99.92%
 282  USA_X_X_NY-NYUMC509_X_X_2020                       0.02%    passed     99.08%
 283  USA_X_X_MD-HP00157_X_X_2020                        5.25%    passed     96.81%
 284  USA_X_X_MD-HP00062_X_X_2020                        1.72%    passed     99.68%
 285  USA_X_X_MD-HP00110_X_X_2020                        0.42%    passed    100.00%
 286  USA_X_X_MD-HP00020_X_X_2020                        0.41%    passed    100.00%
 287  USA_X_X_MD-HP00044_X_X_2020                        0.40%    passed    100.00%
 288  USA_X_X_MD-HP00147_X_X_2020                        4.47%    passed     99.88%
 289  USA_X_X_MD-HP00105_X_X_2020                        1.14%    passed     99.98%
 290  USA_X_X_NY-NYUMC643_X_X_2020                       0.00%    passed     99.10%
 291  USA_X_X_MD-HP00079_X_X_2020                        2.12%    passed     99.99%
 292  USA_X_X_MD-HP00143_X_X_2020                        6.39%    passed     98.94%
 293  Bangladesh_X_X_BCSIR-NILMRC_114_X_X_2020           0.00%    passed     99.08%
 294  Iceland_X_X_442_X_X_2020                           0.22%    passed     99.98%
 295  USA_X_X_MI-MDHHS-SC20113_X_X_2020                  1.20%    passed     99.94%
 296  USA_X_X_NY-NYUMC171_X_X_2020                       0.00%    passed     98.97%
 297  Croatia_X_X_ZG-297-20_X_X_2020                     0.03%    passed     99.01%
 298  Austria_X_X_CeMM0003_X_X_2020                      0.29%    passed    100.00%
 299  Austria_X_X_CeMM0146_X_X_2020                      0.20%    passed     99.99%
 300  Austria_X_X_CeMM0143_X_X_2020                      0.21%    passed    100.00%
 301  Austria_X_X_CeMM0217_X_X_2020                      0.18%    passed     99.97%
 302  Austria_X_X_CeMM0147_X_X_2020                      0.26%    passed     99.98%
 303  Austria_X_X_CeMM0187_X_X_2020                      1.04%    passed     99.96%
 304  Israel_X_X_13075788_X_X_2020                       0.41%    passed    100.00%
 305  USA_X_X_FL-CDC-6318_X_X_2020                       0.08%    passed     99.90%
 306  USA_X_X_GA_1621_X_X_2020                           0.07%    passed     99.90%
 307  USA_X_X_GA_1299_X_X_2020                           0.07%    passed     99.92%
 308  USA_X_X_GA_2741_X_X_2020                           0.07%    passed     99.90%
 309  USA_X_X_NY-NYUMC668_X_X_2020                       7.46%    passed     37.34%
 310  Switzerland_X_X_GE1422_X_X_2020                    0.02%    passed     99.24%
 311  USA_X_X_NY-NYUMC100_X_X_2020                       0.98%    passed     97.49%
 312  Switzerland_X_X_1000477757_X_X_2020                0.10%    passed     99.97%
 313  Austria_X_X_CeMM0364_X_X_2020                      0.21%    passed     99.99%
 314  USA_X_X_MI-MDHHS-SC20438_X_X_2020                  1.85%    passed     99.97%
 315  Mexico_X_X_EdoMex-InDRE_07_X_X_2020                0.28%    passed     99.99%
 316  Vietnam_X_X_VNHN_022_X_X_2020                      0.15%    passed    100.00%
 317  Brazil_X_X_SP-14_X_X_2020                          0.18%    passed    100.00%
 318  Portugal_X_X_PT0454_X_X_2020                       0.85%    passed     99.84%
 319  Luxembourg_X_X_Lux1_X_X_2020                       0.39%    passed     99.98%
 320  Netherlands_X_X_NA_17_X_X_2020                     0.39%    passed     99.97%
 321  Netherlands_X_X_Delft_1363424_X_X_2020             1.86%    passed     99.84%
 322  Netherlands_X_X_NA_236_X_X_2020                    0.44%    passed     99.99%
 323  Netherlands_X_X_NA_505_X_X_2020                    1.91%    passed     99.79%
 324  Netherlands_X_X_NA_646_X_X_2020                    9.13%    passed     93.08%
 325  Netherlands_X_X_NoordHolland_29_X_X_2020           0.43%    passed     99.91%
 326  Netherlands_X_X_ZuidHolland_137_X_X_2020           0.43%    passed     99.98%
 327  Netherlands_X_X_ZuidHolland_200_X_X_2020           2.85%    passed     99.44%
 328  Chile_X_X_Santiago_74_X_X_2020                     0.10%    passed     99.96%
 329  Argentina_X_X_Heritas_HG015_X_X_2020               0.15%    passed     99.97%
 330  USA_X_X_NY-NYUMC641_X_X_2020                       0.00%    passed     99.21%
 331  NewZealand_X_X_20VR1809_X_X_2020                   0.40%    passed     99.98%
 332  NewZealand_X_X_20VR1865_X_X_2020                   2.27%    passed     99.99%
 333  USA_X_X_NY-NYUMC542_X_X_2020                       0.00%    passed     99.23%
 334  USA_X_X_NY-NYUMC309_X_X_2020                       0.00%    passed     99.19%
 335  USA_X_X_NY-NYUMC77_X_X_2020                        0.27%    passed     99.24%
 336  USA_X_X_NY-NYUMC619_X_X_2020                       0.00%    passed     99.11%
 337  USA_X_X_MD-HP00127_X_X_2020                        0.41%    passed     99.97%
 338  USA_X_X_MD-MDH-0050_X_X_2020                       0.03%    passed     99.20%
 339  USA_X_X_MD-HP00010_X_X_2020                        0.43%    passed     99.98%
 340  USA_X_X_NJ-NYUMC815_X_X_2020                       0.01%    passed     99.38%
 341  USA_X_X_MD-HP00016_X_X_2020                        0.42%    passed     99.99%
 342  USA_X_X_MD-HP00075_X_X_2020                        0.42%    passed     99.99%
 343  USA_X_X_NJ-NYUMC663_X_X_2020                       0.00%    passed     99.31%
 344  USA_X_X_NY-NYUMC760_X_X_2020                       0.01%    passed     99.29%
 345  USA_X_X_MD-HP00041_X_X_2020                        0.40%    passed     99.99%
 346  USA_X_X_NJ-NYUMC329_X_X_2020                       0.01%    passed     99.28%
 347  USA_X_X_NY-NYUMC913_X_X_2020                       2.67%    passed     94.74%
 348  USA_X_X_NJ-NYUMC401_X_X_2020                       0.04%    passed     99.33%
 349  USA_X_X_NJ-NYUMC831_X_X_2020                      12.96%    passed     88.04%
 350  USA_X_X_NY-NYUMC133_X_X_2020                       0.00%    passed     99.31%
 351  USA_X_X_NY-NYUMC481_X_X_2020                       0.29%    passed     99.65%
 352  USA_X_X_NY-NYUMC693_X_X_2020                       0.07%    passed     99.20%
 353  USA_X_X_MD-HP00129_X_X_2020                        0.41%    passed     99.98%
 354  USA_X_X_MD-HP00069_X_X_2020                        1.25%    passed     99.38%
 355  USA_X_X_NY-NYUMC609_X_X_2020                       0.00%    passed     99.40%
 356  USA_X_X_NY-NYUMC621_X_X_2020                       0.01%    passed     99.38%
 357  USA_X_X_NY-NYUMC829_X_X_2020                       0.01%    passed     99.45%
 358  USA_X_X_NY-NYUMC462_X_X_2020                       0.00%    passed     99.47%
 359  USA_X_X_NY-NYUMC597_X_X_2020                       0.13%    passed     99.52%
 360  USA_X_X_NJ-NYUMC106_X_X_2020                       0.00%    passed     99.31%
 361  USA_X_X_NY-NYUMC294_X_X_2020                      16.58%    passed     57.52%
 362  USA_X_X_NJ-NYUMC625_X_X_2020                       0.45%    passed     99.60%
 363  USA_X_X_VA-DCLS-0295_X_X_2020                      0.02%    passed     99.45%
 364  USA_X_X_NJ-NYUMC421_X_X_2020                       0.00%    passed     99.38%
 365  USA_X_X_NJ-NYUMC84_X_X_2020                        0.00%    passed     99.31%
 366  USA_X_X_NY-NYUMC16_X_X_2020                       23.89%    passed     53.44%
 367  USA_X_X_NY-NYUMC820_X_X_2020                       0.01%    passed     99.38%
 368  USA_X_X_NJ-NYUMC378_X_X_2020                       0.00%    passed     99.31%
 369  USA_X_X_NY-NYUMC582_X_X_2020                       0.00%    passed     99.26%
 370  USA_X_X_TX-HMH035_X_X_2020                         0.40%    passed     99.99%
 371  USA_X_X_MD-HP00036_X_X_2020                        0.40%    passed     99.99%
 372  USA_X_X_MD-HP00077_X_X_2020                        1.15%    passed     99.90%
 373  USA_X_X_NJ-NYUMC452_X_X_2020                       0.00%    passed     99.13%
 374  USA_X_X_NJ-NYUMC638_X_X_2020                       0.15%    passed     99.31%
 375  USA_X_X_NY-NYUMC231_X_X_2020                       0.00%    passed     99.13%
 376  USA_X_X_NY-NYUMC166_X_X_2020                       0.00%    passed     99.11%
 377  USA_X_X_NJ-NYUMC83_X_X_2020                        0.00%    passed     99.17%
 378  USA_X_X_MD-HP00140_X_X_2020                        6.32%    passed     99.83%
 379  USA_X_X_MD-HP00097_X_X_2020                        1.14%    passed     99.82%
 380  USA_X_X_NY-NYUMC550_X_X_2020                       0.06%    passed     99.26%
 381  USA_X_X_MD-HP00060_X_X_2020                        1.14%    passed     99.93%
 382  USA_X_X_MD-HP00067_X_X_2020                        0.41%    passed     99.95%
 383  USA_X_X_MD-MDH-0021_X_X_2020                       0.01%    passed     99.28%
 384  USA_X_X_NJ-NYUMC367_X_X_2020                       0.20%    passed     99.36%
 385  USA_X_X_NY-NYUMC275_X_X_2020                       0.00%    passed     99.13%
 386  USA_X_X_NY-NYUMC731_X_X_2020                       0.01%    passed     99.26%
 387  USA_X_X_NY-NYUMC370_X_X_2020                       0.39%    passed     98.63%
 388  USA_X_X_NY-NYUMC350_X_X_2020                       0.00%    passed     99.49%
 389  USA_X_X_NY-NYUMC828_X_X_2020                       4.40%    passed     76.75%
 390  USA_X_X_NJ-NYUMC538_X_X_2020                       0.00%    passed     99.27%
 391  USA_X_X_NJ-NYUMC553_X_X_2020                       0.04%    passed     99.31%
 392  USA_X_X_MD-HP00039_X_X_2020                        0.42%    passed     99.98%
 393  USA_X_X_MD-HP00119_X_X_2020                        0.41%    passed     99.99%
 394  USA_X_X_MD-HP00131_X_X_2020                        0.41%    passed     99.98%
 395  USA_X_X_MD-HP00017_X_X_2020                        0.42%    passed     99.98%
 396  USA_X_X_MD-HP00156_X_X_2020                        1.26%    passed     99.35%
 397  USA_X_X_NJ-NYUMC627_X_X_2020                       0.01%    passed     99.33%
 398  USA_X_X_NJ-NYUMC416_X_X_2020                       0.08%    passed     99.30%
 399  SaudiArabia_X_X_509_X_X_2020                       0.00%    passed     99.10%
 400  SaudiArabia_X_X_583_X_X_2020                       0.00%    passed     99.32%
 401  SaudiArabia_X_X_627_X_X_2020                       0.00%    passed     99.23%
 402  USA_X_X_MI-MDHHS-SC20417_X_X_2020                  1.25%    passed     99.98%
 403  SaudiArabia_X_X_671_X_X_2020                       0.00%    passed     99.23%
 404  SaudiArabia_X_X_518_X_X_2020                       0.00%    passed     99.31%
 405  SaudiArabia_X_X_562_X_X_2020                       0.00%    passed     99.09%
 406  SaudiArabia_X_X_578_X_X_2020                       0.00%    passed     99.12%
 407  USA_X_X_UT-03879_X_X_2020                          0.07%    passed     99.02%
 408  SaudiArabia_X_X_677_X_X_2020                       0.00%    passed     99.33%
 409  NewZealand_X_X_20VR2556_X_X_2020                   0.40%    passed     99.98%
 410  USA_X_X_TX-HMH0314_X_X_2020                        1.38%    passed     99.82%
 411  Canada_X_X_ON-UHTC_0066_X_X_2020                   1.25%    passed     99.80%
 412  Canada_X_X_ON-UHTC_0069_X_X_2020                   0.40%    passed     99.99%
 413  USA_X_X_MI-MDHHS-SC20810_X_X_2020                  0.30%    passed     99.90%
 414  USA_X_X_MI-MDHHS-SC20811_X_X_2020                  0.30%    passed     99.89%
 415  Australia_X_X_VIC1798_X_X_2020                     0.93%    passed     99.88%
 416  USA_X_X_VA-DCLS-0138_X_X_2020                      0.03%    passed     99.43%
 417  Beijing_X_X_DT-travelIT03_X_X_2020                 0.00%    passed     99.27%
 418  Denmark_X_X_ALAB-HH-220_X_X_2020                   3.22%    passed     86.55%
 419  Denmark_X_X_ALAB-HH-263_X_X_2020                   0.40%    passed     99.99%
 420  USA_X_X_MI-MDHHS-SC20619_X_X_2020                  0.25%    passed     99.97%
 421  USA_X_X_TX-HMH0203_X_X_2020                        0.40%    passed    100.00%
 422  USA_X_X_TX-HMH0358_X_X_2020                        0.40%    passed     99.99%
 423  Ecuador_X_X_USFQ-039_X_X_2020                      0.35%    passed     99.40%
 424  USA_X_X_NY-NYUMC383_X_X_2020                       0.09%    passed     99.38%
 425  USA_X_X_NY-NYUMC775_X_X_2020                       0.01%    passed     99.45%
 426  USA_X_X_NY-NYUMC809_X_X_2020                       0.34%    passed     99.25%
 427  Ecuador_X_X_USFQ-097_X_X_2020                      0.18%    passed     99.46%
 428  Romania_X_X_Buzau-292638_X_X_2020                  0.00%    passed     99.20%
 429  USA_X_X_MD-HP00114_X_X_2020                        0.42%    passed     99.98%
 430  Germany_X_X_NRW-55_X_X_2020                        3.99%    passed    100.00%
 431  USA_X_X_FL-BPHL-0223_X_X_2020                      0.11%    passed    100.00%
 432  USA_X_X_MI-MDHHS-SC20418_X_X_2020                  0.30%    passed     99.99%
 433  USA_X_X_TX-HMH0306_X_X_2020                        1.37%    passed     99.96%
 434  Australia_X_X_VIC520_X_X_2020                      0.30%    passed     99.99%
 435  Australia_X_X_VIC534_X_X_2020                      0.32%    passed     99.96%
 436  Denmark_X_X_ALAB-HH-224_X_X_2020                   0.41%    passed     99.91%
 437  USA_X_X_MD-HP00018_X_X_2020                        2.99%    passed     99.40%
 438  USA_X_X_WI-GMF-01316_X_X_2020                      0.23%    passed     99.98%
 439  USA_X_X_MD-HP00132_X_X_2020                        0.41%    passed     99.98%
 440  USA_X_X_CA-CZB-1196_X_X_2020                       0.04%    passed     99.31%
 441  USA_X_X_MD-MDH-0033_X_X_2020                       0.01%    passed     99.23%
 442  USA_X_X_MD-MDH-0020_X_X_2020                       0.08%    passed     99.33%
 443  USA_X_X_MD-MDH-0025_X_X_2020                       0.10%    passed     99.28%
 444  USA_X_X_NY-Wadsworth-10495-01_X_X_2020             0.27%    passed    100.00%
 445  USA_X_X_NY-Wadsworth-10496-01_X_X_2020             0.27%    passed    100.00%
 446  USA_X_X_NY-Wadsworth-11291-01_X_X_2020             0.27%    passed    100.00%
 447  USA_X_X_NY-Wadsworth-11380-01_X_X_2020             0.27%    passed    100.00%
 448  USA_X_X_NY-Wadsworth-10707-01_X_X_2020             0.27%    passed    100.00%
 449  USA_X_X_NY-Wadsworth-10528-01_X_X_2020             0.27%    passed    100.00%
 450  USA_X_X_NY-Wadsworth-11202-01_X_X_2020             0.27%    passed    100.00%
 451  USA_X_X_NY-Wadsworth-11207-01_X_X_2020             0.27%    passed    100.00%
 452  USA_X_X_NY-Wadsworth-12883-02_X_X_2020             0.27%    passed    100.00%
 453  USA_X_X_NY-Wadsworth-10690-01_X_X_2020             0.27%    passed    100.00%
 454  USA_X_X_NY-Wadsworth-16080-01_X_X_2020             0.27%    passed    100.00%
 455  USA_X_X_MD-MDH-0041_X_X_2020                       0.02%    passed     99.44%
 456  USA_X_X_VA-DCLS-0075_X_X_2020                      0.03%    passed     99.36%
 457  USA_X_X_VA-DCLS-0020_X_X_2020                      0.05%    passed     99.34%
 458  USA_X_X_WA-UW29_X_X_2020                           0.71%    passed     98.85%
 459  Ecuador_X_X_USFQ-133_X_X_2020                      0.25%    passed     99.36%
 460  USA_X_X_CA-ALSR-1660_X_X_2020                      0.06%    passed     99.42%
 461  USA_X_X_UT-02222_X_X_2020                          1.03%    passed     99.47%
 462  USA_X_X_CA-ALSR-1566_X_X_2020                      0.10%    passed     99.50%
 463  SouthKorea_X_X_KCDC2196_X_X_2020                   0.20%    passed     99.66%
 464  USA_X_X_MD-MDH-0048_X_X_2020                       0.06%    passed     99.42%
 465  USA_X_X_CA-CZB-2051_X_X_2020                       0.12%    passed     99.43%
 466  USA_X_X_CA-CZB-2076_X_X_2020                       0.01%    passed     99.42%
 467  Australia_X_X_VIC1164_X_X_2020                     1.46%    passed     99.88%
 468  USA_X_X_CA-CZB-2057_X_X_2020                       0.04%    passed     99.39%
 469  USA_X_X_MD-MDH-0052_X_X_2020                       0.16%    passed     99.99%
 470  USA_X_X_MD-MDH-0054_X_X_2020                       0.07%    passed     99.80%
 471  USA_X_X_MD-MDH-0059_X_X_2020                       0.23%    passed     99.99%
 472  USA_X_X_MD-MDH-0066_X_X_2020                       0.17%    passed     99.96%
 473  USA_X_X_MD-MDH-0072_X_X_2020                       0.13%    passed     99.97%
 474  197_Y_Y_ETA_Y_Y_20200330                           0.07%    passed     99.93%
 475  203_Y_Y_ETA_Y_Y_20200408                           0.07%    passed     99.92%
 476  210_Y_Y_ETA_Y_Y_20200408                           0.07%    passed     99.90%
 477  228_Y_Y_NP_Y_Y_20200422                            0.07%    passed     99.95%
 478  209_Y_Y_ETA_Y_Y_20200408                           0.07%    passed     99.95%
 479  237_Y_Y_OP_Y_Y_20200429                            0.07%    passed     99.95%
 480  235_Y_Y_NP-OP_Y_Y_20200424                         0.07%    passed     99.95%
 481  USA_X_X_NJ-CDC-7300_X_X_2020                       0.07%    passed     99.97%
 482  USA_X_X_NH_0004_X_X_2020                           0.07%    passed     99.95%
 483  USA_X_X_NY-SURV0162_X_X_2020                       0.07%    passed     99.95%
 484  USA_X_X_NY-SURV0444_X_X_2020                       0.07%    passed     99.95%
 485  USA_X_X_TX-CDC-3008_X_X_2020                       0.07%    passed     99.94%
 486  257_Y_Y_NP-OP_Y_Y_20200508                         0.07%    passed     99.95%
 487  USA_X_X_FL_1177_X_X_2020                           0.07%    passed     99.94%
 488  USA_X_X_FL_7169_X_X_2020                           0.07%    passed     99.95%
 489  USA_X_X_KS_4126_X_X_2020                           0.07%    passed     99.95%
 490  USA_X_X_TX-CDC-3009_X_X_2020                       0.07%    passed     99.95%
 491  USA_X_X_IL_0087_X_X_2020                           0.07%    passed     99.95%
 492  USA_X_X_MD_0026_X_X_2020                           0.07%    passed     99.95%
 493  251_Y_Y_ETA_Y_Y_20200506                           0.07%    passed     99.95%
 494  251_Y_Y_NP-OP_Y_Y_20200504                         0.07%    passed     99.95%
 495  251_Y_Y_NP-OP_Y_Y_20200506                         0.07%    passed     99.97%
 496  272_Y_Y_ETA_Y_Y_20200529                           0.07%    passed     99.94%
 497  USA_X_X_LA-CDC-0757_X_X_2020                       0.07%    passed     99.92%
 498  USA_X_X_TX_2967_X_X_2020                           0.09%    passed     99.92%
 499  USA_X_X_MD-CDC-0025_X_X_2020                       0.08%    passed     99.92%
 500  242_Y_Y_ETA_Y_Y_20200504                           0.07%    passed     99.96%
 501  USA_X_X_RI_0556_X_X_2020                           0.07%    passed     99.97%
 502  USA_X_X_IA_6391_X_X_2020                           0.07%    passed     99.95%
 503  USA_X_X_RI_0520_X_X_2020                           0.07%    passed     99.96%
 504  USA_X_X_SC_3572_X_X_2020                           0.07%    passed     99.97%
 505  227_Y_Y_OP_Y_Y_20200422                            0.07%    passed     99.94%
 506  USA_X_X_NY-SURV0171_X_X_2020                       0.07%    passed     99.94%
 507  USA_X_X_NJ_3201_X_X_2020                           0.07%    passed     99.95%
 508  211-TCE_Y_Y_ETA_Y_Y_20200413                       0.07%    passed     99.89%
 509  211-TCE_Y_Y_OP_Y_Y_20200413                        0.07%    passed     99.84%
 510  222-TCE_Y_Y_NP_Y_Y_20200417                        0.07%    passed     99.92%
 511  222-TCE_Y_Y_OP_Y_Y_20200420                        0.07%    passed     99.94%
 512  USA_X_X_NY-SURV0302_X_X_2020                       0.07%    passed     99.93%
 513  USA_X_X_NY-SURV076_X_X_2020                        0.07%    passed     99.92%
 514  213_Y_Y_ETA_Y_Y_20200415                           0.07%    passed     99.90%
 515  239_Y_Y_NP_Y_Y_20200429                            0.07%    passed     99.92%
 516  237_Y_Y_NP-OP_Y_Y_20200427                         0.07%    passed     99.93%
 517  261_Y_Y_ETA_Y_Y_20200515                           0.07%    passed     99.91%
 518  262_Y_Y_NP-OP_Y_Y_20200515                         0.07%    passed     99.93%
 519  269_Y_Y_ETA_Y_Y_20200527                           0.07%    passed     99.92%
 520  237_Y_Y_NP_Y_Y_20200429                            0.07%    passed     99.93%
 521  USA_X_X_NJ_3592_X_X_2020                           0.09%    passed     99.93%
 522  USA_X_X_UT_8906_X_X_2020                           0.08%    passed     99.92%
 523  USA_X_X_MD_0027_X_X_2020                           0.09%    passed     99.92%
 524  USA_X_X_LA_0842_X_X_2020                           0.07%    passed     99.93%
 525  247_Y_Y_NP-OP_Y_Y_20200501                         0.07%    passed     99.93%
 526  211_Y_Y_ETA_Y_Y_20200413                           0.07%    passed     99.85%
 527  USA_X_X_MI-MDHHS-SC20437_X_X_2020                  0.35%    passed     99.99%
 528  USA_X_X_NY-WCMP10C04P_X_X_2020                     0.11%    passed    100.00%
 529  USA_X_X_NY-WCMP4C01P_X_X_2020                      0.11%    passed    100.00%
 530  USA_X_X_NY-WCMP10H04P_X_X_2020                     0.13%    passed    100.00%
 531  USA_X_X_MI-MDHHS-SC20192_X_X_2020                  1.22%    passed     99.99%
 532  307_Y_Y_NP-OP_Y_Y_20200717                         0.07%    passed     99.97%
 533  266_Y_Y_NP-OP_Y_Y_20200520                         0.07%    passed     99.92%
 534  266_Y_Y_NP-OP_Y_Y_20200522                         0.07%    passed     99.95%
 535  263_Y_Y_ETA_Y_Y_20200515                           0.07%    passed     99.78%
 536  263_Y_Y_NP-OP_Y_Y_20200515                         0.07%    passed     99.69%
 537  223-TCE_Y_Y_OP_Y_Y_20200417                        0.07%    passed     99.92%
 538  USA_X_X_NY-SURV0592_X_X_2020                       0.08%    passed     99.95%
 539  Canada_X_X_ON_PHL2259_X_X_2020                     0.38%    passed     99.97%
 540  290_Y_Y_NP-OP_Y_Y_20200629                         0.07%    passed     99.91%
 541  290_Y_Y_NP-OP_Y_Y_20200701                         0.07%    passed     99.94%
 542  USA_X_X_NY-SURV0175_X_X_2020                       0.10%    passed     99.95%
 543  USA_X_X_WA-UW-6480_X_X_2020                        0.01%    passed     98.85%
 544  USA_X_X_WA-UW96_X_X_2020                           0.31%    passed     99.82%
 545  Cyprus_X_X_007_X_X_2020                            0.10%    passed     99.99%
 546  USA_X_X_MI-MDHHS-SC20878_X_X_2020                  0.39%    passed    100.00%
 547  England_X_X_20099072904_X_X_2020                   5.05%    passed     93.25%
 548  Taiwan_X_X_NTU25_X_X_2020                          0.11%    passed    100.00%
 549  USA_X_X_MA-MGH-00423_X_X_2020                     15.75%    passed     32.31%
 550  USA_X_X_WA-S907_X_X_2020                           0.15%    passed    100.00%
 551  USA_X_X_WA-UW78_X_X_2020                           0.27%    passed     99.99%
 552  USA_X_X_WA-S919_X_X_2020                           0.15%    passed    100.00%
 553  USA_X_X_WA-S323_X_X_2020                           0.15%    passed     99.99%
 554  USA_X_X_WA-S536_X_X_2020                           0.12%    passed    100.00%
 555  USA_X_X_WA-S1590_X_X_2020                          0.12%    passed     99.98%
 556  USA_X_X_WA-S750_X_X_2020                           0.70%    passed     99.99%
 557  USA_X_X_CA-CZB-1592_X_X_2020                       0.16%    passed     99.99%
 558  USA_X_X_NY-PV09392_X_X_2020                        5.68%    passed     99.75%
 559  USA_X_X_WA-UW-4746_X_X_2020                        0.23%    passed     99.97%
 560  USA_X_X_MN-MDH-1024_X_X_2020                       0.14%    passed     99.99%
 561  USA_X_X_MN-MDH-1189_X_X_2020                       0.29%    passed     99.95%
 562  USA_X_X_MD-UW-MAYO66_X_X_2020                      1.13%    passed    100.00%
 563  USA_X_X_VA-DCLS-0647_X_X_2020                      0.21%    passed     99.89%
 564  DRC_X_X_2864_X_X_2020                              0.56%    passed     99.99%
 565  USA_X_X_VA-DCLS-0265_X_X_2020                      0.26%    passed     99.95%
 566  USA_X_X_MI-MDHHS-SC20496_X_X_2020                  0.34%    passed     99.97%
 567  USA_X_X_MI-MDHHS-SC20996_X_X_2020                  0.31%    passed     99.96%
 568  Wales_X_X_PHWC-165C9B_X_X_2020                     0.20%    passed     99.88%
 569  Wales_X_X_PHWC-1660AD_X_X_2020                     0.21%    passed     99.92%
 570  DRC_X_X_KN-0058_X_X_2020                           1.24%    passed     99.95%
 571  Pakistan_X_X_Gilgit1_X_X_2020                      0.22%    passed     99.99%
 572  Romania_X_X_ROSV_3561_X_X_2020                     0.34%    passed    100.00%
 573  USA_X_X_NY-PV09115_X_X_2020                        0.66%    passed     99.99%
 574  USA_X_X_NY-PV09122_X_X_2020                        0.60%    passed     99.99%
 575  USA_X_X_NY-PV09448_X_X_2020                        3.97%    passed     98.79%
 576  Chile_X_X_Puerto_Montt_1_X_X_2020                  0.24%    passed    100.00%
 577  USA_X_X_FL-BPHL-0275_X_X_2020                      1.13%    passed     99.27%
 578  Luxembourg_X_X_LNS7438855_X_X_2020                 0.21%    passed    100.00%
 579  SouthAfrica_X_X_KRISP-0111_X_X_2020                0.66%    passed     99.82%
 580  Luxembourg_X_X_LNS9102295_X_X_2020                 0.67%    passed     99.99%
 581  USA_X_X_VA-DCLS-0466_X_X_2020                      0.12%    passed     99.45%
 582  Turkey_X_X_KU-019_X_X_2020                         0.51%    passed     99.97%
 583  USA_X_X_WA-UW-1750_X_X_2020                        0.11%    passed     99.45%
 584  USA_X_X_AK-PHL152_X_X_2020                         0.14%    passed     99.99%
 585  Chile_X_X_Temuco_13_X_X_2020                       0.29%    passed    100.00%
 586  Egypt_X_X_CUNCI-HGC6I016_X_X_2020                  0.43%    passed     99.94%
 587  USA_X_X_CT-UW-6273_X_X_2020                        2.04%    passed     98.88%
 588  USA_X_X_MA-MGH-00718_X_X_2020                      0.25%    passed     99.82%
 589  USA_X_X_MD-MDH-0044_X_X_2020                       0.15%    passed    100.00%
 590  USA_X_X_MDH-5653_X_X_2020                          3.79%    passed     93.86%
 591  USA_X_X_MD-MDH-0056_X_X_2020                       0.26%    passed     99.97%
 592  USA_X_X_FL-BPHL-0418_X_X_2020                      0.41%    passed    100.00%
 593  Portugal_X_X_PT0246_X_X_2020                       9.30%    passed     99.62%
 594  Portugal_X_X_PT0265_X_X_2020                       0.65%    passed     99.95%
 595  DRC_X_X_396_X_X_2020                               1.20%    passed     99.98%
 596  USA_X_X_MD-MDH-0047_X_X_2020                       0.15%    passed     99.99%
 597  USA_X_X_FL-BPHL-0139_X_X_2020                      4.24%    passed     98.54%
 598  USA_X_X_FL-UF-15_X_X_2020                          0.07%    passed     99.53%
 599  Australia_X_X_QLD01_X_X_2020                       0.20%    passed     99.99%
 600  Australia_X_X_QLD02_X_X_2020                       0.13%    passed    100.00%
 601  SouthKorea_X_X_KCDC03_X_X_2020                     0.28%    passed     99.99%
 602  Spain_X_X_AN-001326_X_X_2020                       0.98%    passed     99.98%
 603  Spain_X_X_MD-004897_X_X_2020                       0.98%    passed     99.96%
 604  SouthKorea_X_X_KCDC2169_X_X_2020                   0.14%    passed     99.98%
 605  India_X_X_1-31_X_X_2020                            0.17%    passed    100.00%
 606  Taiwan_X_X_NTU01_X_X_2020                          1.44%    passed     99.83%
 607  USA_X_X_MD-MDH-0079_X_X_2020                       0.11%    passed     99.98%
 608  Thailand_X_X_MUMT-3_X_X_2020                       0.26%    passed     99.99%
 609  Benin_X_X_2012_X_X_2020                            0.33%    passed    100.00%
 610  USA_X_X_CT-Yale-102_X_X_2020                       4.08%    passed     99.34%
 611  USA_X_X_WI-WSLH-200062_X_X_2020                    0.41%    passed     99.99%
 612  USA_X_X_WI-WSLH-200075_X_X_2020                    0.41%    passed     99.99%
 613  USA_X_X_NY-Wadsworth-26856-01_X_X_2020             0.27%    passed     99.99%
 614  USA_X_X_NY-PV09452_X_X_2020                        0.60%    passed    100.00%
 615  USA_X_X_MN-MDH-1273_X_X_2020                       0.20%    passed    100.00%
 616  USA_X_X_NY-PV08146_X_X_2020                        0.59%    passed     99.99%
 617  USA_X_X_NY-PV09188_X_X_2020                        2.21%    passed     98.63%
 618  USA_X_X_WA-S34_X_X_2020                            0.20%    passed    100.00%
 619  env_X_X_USA_X_X_FL-UF11_X_X_2020                   0.05%    passed     99.91%
 620  USA_X_X_WA-S23_X_X_2020                            0.17%    passed    100.00%
 621  Vietnam_X_X_HCMC-35022_X_X_2020                    1.95%    passed     97.95%
 622  Malaysia_X_X_MKAK-CL-2020-5047_X_X_2020            0.16%    passed     99.98%
 623  Shanghai_X_X_SH0009_X_X_2020                       0.22%    passed    100.00%
 624  Shanghai_X_X_SH0032_X_X_2020                       0.23%    passed    100.00%
 625  Shanghai_X_X_SH0022_X_X_2020                       0.22%    passed    100.00%
 626  Shanghai_X_X_SH0126_X_X_2020                       0.22%    passed     99.99%
 627  Wuhan_X_X_0126-C106_X_X_2020                       0.23%    passed    100.00%
 628  Shanghai_X_X_SH0035_X_X_2020                       2.94%    passed     92.26%
 629  Thailand_X_X_Bangkok_580_X_X_2020                  0.05%    passed     99.54%
 630  Malaysia_X_X_IMR_WC119_X_X_2020                    0.78%    passed     99.87%
 631  Panama_X_X_333271_X_X_2020                         2.73%    passed     98.16%
 632  Panama_X_X_333400_X_X_2020                         1.82%    passed     99.34%
 633  USA_X_X_NY-PV09147_X_X_2020                        0.58%    passed    100.00%
 634  USA_X_X_NY2-PV08100_X_X_2020                       0.48%    passed    100.00%
 635  Panama_X_X_328941_X_X_2020                         2.28%    passed     98.55%
 636  Panama_X_X_329547_X_X_2020                         2.18%    passed     98.24%
 637  USA_X_X_CA-SCCPHD-UC16_X_X_2020                    0.31%    passed     99.78%
 638  Brazil_X_X_ES-225_X_X_2020                         0.48%    passed    100.00%
 639  Greece_X_X_144_X_X_2020                            0.26%    passed     99.99%
 640  USA_X_X_NY-Wadsworth-10683-01_X_X_2020             0.28%    passed    100.00%
 641  USA_X_X_NY-Wadsworth-11000-01_X_X_2020             0.27%    passed    100.00%
 642  USA_X_X_NY-Wadsworth-14726-02_X_X_2020             0.27%    passed    100.00%
 643  USA_X_X_NY-PV08498_X_X_2020                        0.58%    passed    100.00%
 644  USA_X_X_NY-PV09067_X_X_2020                        0.60%    passed    100.00%
 645  USA_X_X_NY-PV09063_X_X_2020                        0.68%    passed    100.00%
 646  USA_X_X_NY-PV09154_X_X_2020                        0.70%    passed    100.00%
 647  Jordan_X_X_SR-053_X_X_2020                         1.65%    passed     99.06%
 648  USA_X_X_WA-UW108_X_X_2020                          0.27%    passed     99.99%
 649  SouthKorea_X_X_KCDC2077_X_X_2020                   0.15%    passed     99.98%
 650  England_X_X_20102088002_X_X_2020                   1.94%    passed     99.88%
 651  USA_X_X_MD-MDH-0022_X_X_2020                       0.28%    passed     99.99%
 652  USA_X_X_MD-MDH-0027_X_X_2020                       0.03%    passed     99.50%
 653  USA_X_X_MD-MDH-0028_X_X_2020                       0.09%    passed     99.50%
 654  Nigeria_X_X_OS016-CV3_X_X_2020                     0.63%    passed     99.86%
 655  USA_X_X_MN-MDH-472_X_X_2020                        0.26%    passed     99.99%
 656  USA_X_X_MN-MDH-1317_X_X_2020                       0.19%    passed     99.99%
 657  England_X_X_CAMB-75631_X_X_2020                    4.71%    passed     95.12%
 658  Timor-Leste_X_X_TL25_X_X_2020                      0.93%    passed     99.93%
 659  SouthKorea_X_X_KCDC2067_X_X_2020                   0.13%    passed     99.99%
 660  France_X_X_IDF0373_X_X_2020                        0.31%    passed     99.99%
 661  HongKong_X_X_VB20024950-2_X_X_2020                 0.37%    passed    100.00%
 662  Singapore_X_X_8_X_X_2020                           0.48%    passed    100.00%
 663  HongKong_X_X_VM20002868_X_X_2020                   0.46%    passed    100.00%
 664  USA_X_X_CA-UCSF-UC43_X_X_2020                      0.92%    passed     99.93%
 665  SouthKorea_X_X_A2_X_X_2020                         0.12%    passed     99.94%
 666  Japan_X_X_PG-0091_X_X_2020                         0.38%    passed    100.00%
 667  England_X_X_20088028304_X_X_2020                   0.42%    passed     99.92%
 668  England_X_X_20100001304_X_X_2020                   5.82%    passed     91.60%
 669  England_X_X_20100121007_X_X_2020                   0.36%    passed     99.99%
 670  Bahrein_X_X_BAH-15_X_X_2020                        1.32%    passed     99.74%
 671  USA_X_X_WA-UW22_X_X_2020                           0.17%    passed     99.96%
 672  Japan_X_X_DP0803_X_X_2020                          0.45%    passed    100.00%
 673  Malaysia_X_X_IMR-WC9174_X_X_2020                   0.00%    passed     99.96%
 674  USA_X_X_WA-UW168_X_X_2020                          0.38%    passed     99.98%
 675  Malaysia_X_X_IMR-WC9205_X_X_2020                   0.14%    passed     99.99%
 676  USA_X_X_WA-S537_X_X_2020                           0.11%    passed    100.00%
 677  USA_X_X_MD-HP00123_X_X_2020                        6.21%    passed     93.04%
 678  Singapore_X_X_664_X_X_2020                         0.04%    passed     99.60%
 679  Timor-Leste_X_X_TL21_X_X_2020                      1.26%    passed    100.00%
 680  Malaysia_X_X_IMR_WC085_X_X_2020                    0.09%    passed     99.94%
 681  Thailand_X_X_Bangkok-0037_X_X_2020                 0.36%    passed    100.00%
 682  Thailand_X_X_Bangkok_1716_X_X_2020                 0.13%    passed     99.98%
 683  Thailand_X_X_Bangkok-0083_X_X_2020                 4.54%    passed     99.89%
 684  Thailand_X_X_Bangkok-CONI-0106_X_X_2020            0.83%    passed     99.73%
 685  Thailand_X_X_Bangkok_323_X_X_2020                  0.16%    passed    100.00%
 686  USA_X_X_CA-SCCPHD-UC174_X_X_2020                   3.57%    passed     99.36%
 687  HongKong_X_X_VM20001061-2_X_X_2020                 0.18%    passed     99.98%
 688  USA_X_X_WA-S30_X_X_2020                            5.99%    passed     97.16%
 689  Taiwan_X_X_NCKUH-009_X_X_2020                      0.00%    passed     99.99%
 690  USA_X_X_MD-HP00030_X_X_2020                        0.41%    passed     99.99%
 691  USA_X_X_MD-HP00153_X_X_2020                        1.71%    passed     99.91%
 692  USA_X_X_MD-HP00087_X_X_2020                        1.14%    passed     99.98%
 693  USA_X_X_MD-HP00113_X_X_2020                        0.41%    passed     99.99%
 694  USA_X_X_MD-HP00031_X_X_2020                        0.42%    passed     99.99%
 695  USA_X_X_MD-HP00154_X_X_2020                        0.42%    passed     99.99%
 696  USA_X_X_MD-HP00112_X_X_2020                        2.13%    passed     99.95%
 697  USA_X_X_MD-HP00065_X_X_2020                        0.41%    passed     99.99%
 698  USA_X_X_MD-HP00076_X_X_2020                        0.42%    passed     99.97%
 699  USA_X_X_MD-HP00104_X_X_2020                        0.42%    passed     99.99%
 700  USA_X_X_MD-HP00098_X_X_2020                        2.86%    passed     99.90%
 701  UnitedArabEmirates_X_X_P1_X_X_2020                 0.00%    passed     99.18%
 702  USA_X_X_MD-HP00120_X_X_2020                        0.41%    passed     99.98%
 703  USA_X_X_MD-HP00141_X_X_2020                        7.99%    passed     98.99%
 704  USA_X_X_NY-NYUMC728_X_X_2020                       0.18%    passed     99.50%
 705  USA_X_X_NY-NYUMC754_X_X_2020                       0.01%    passed     99.37%
 706  USA_X_X_MD-MDH-0080_X_X_2020                       0.05%    passed     99.15%
 707  USA_X_X_MD-MDH-0082_X_X_2020                       0.17%    passed     99.99%
 708  USA_X_X_MD_NIDDL_3202_X_X_2020                     0.40%    passed     99.99%
 709  USA_X_X_NY-QDX-19_X_X_2020                         0.40%    passed    100.00%
 710  USA_X_X_NY-PV08490_X_X_2020                        0.60%    passed    100.00%
 711  USA_X_X_NY-PV09156_X_X_2020                        0.63%    passed     99.99%
 712  USA_X_X_NY-PV09438_X_X_2020                        1.25%    passed     99.49%
 713  USA_X_X_MD-MDH-0081_X_X_2020                       0.24%    passed    100.00%
 714  USA_X_X_SC-DHEC-0008_X_X_2020                      0.28%    passed    100.00%
 715  USA_X_X_MN-MDH-1292_X_X_2020                       0.16%    passed    100.00%
 716  USA_X_X_GA-EHC-086H_X_X_2020                       0.29%    passed     99.99%
 717  USA_X_X_GA-EHC-087I_X_X_2020                       0.29%    passed     99.99%
 718  USA_X_X_NY-PV09466_X_X_2020                        0.62%    passed    100.00%
 719  USA_X_X_FL-BPHL-0141_X_X_2020                      3.96%    passed     98.41%
 720  USA_X_X_FL-BPHL-0371_X_X_2020                      0.23%    passed     99.98%
 721  Australia_X_X_VIC2142_X_X_2020                     0.42%    passed     99.97%
 722  USA_X_X_IL-NM095_X_X_2020                          0.40%    passed     99.99%
 723  USA_X_X_MD-HP00082_X_X_2020                        1.62%    passed     99.99%
 724  Germany_X_X_NRW-05_X_X_2020                        1.60%    passed     99.96%
 725  HongKong_X_X_HKPU12_2201_X_X_2020                  5.15%    passed     98.55%
 726  HongKong_X_X_HKPU29_0102_X_X_2020                  0.40%    passed    100.00%
 727  HongKong_X_X_HKPU33_0202_X_X_2020                  3.16%    passed    100.00%
 728  HongKong_X_X_HKPU44-0102_X_X_2020                  0.53%    passed    100.00%
 729  HongKong_X_X_HKPU2_1801_X_X_2020                   3.34%    passed     99.88%
 730  HongKong_X_X_HKPU61-0202_X_X_2020                  1.36%    passed     99.91%
 731  HongKong_X_X_HKU-200723-002_X_X_2020               0.41%    passed    100.00%
 732  NewZealand_X_X_20VR1771_X_X_2020                   0.41%    passed     99.99%
 733  Uruguay_X_X_UY-10_X_X_2020                         3.00%    passed     99.38%
 734  USA_X_X_FL-BPHL-0497_X_X_2020                      0.17%    passed     99.99%
 735  Bangladesh_X_X_CHRF_0007_X_X_2020                  0.11%    passed     99.99%
 736  USA_X_X_VA-DCLS-0552_X_X_2020                      1.01%    passed     99.98%
 737  Brazil_X_X_L21_CD443_X_X_2020                      2.05%    passed     99.81%
 738  India_X_X_GA20_X_X_2020                            0.08%    passed     98.49%
 739  Japan_X_X_NGS-CD-010_X_X_2020                      0.01%    passed     98.96%
 740  Spain_X_X_Canarias201939_X_X_2020                  0.23%    passed     99.99%
 741  USA_X_X_MD-HP00101_X_X_2020                        1.86%    passed     99.63%
 742  Brazil_X_X_UFRJ-IBEX_58271_X_X_2020                0.18%    passed     99.99%
 743  Luxembourg_X_X_LNS1222966_X_X_2020                 5.48%    passed     99.68%
 744  USA_X_X_FL-BPHL-0668_X_X_2020                      0.27%    passed     99.97%
 745  USA_X_X_MI-MDHHS-SC20359_X_X_2020                  1.90%    passed     99.98%
 746  USA_X_X_MI-MDHHS-SC20002_X_X_2020                  1.53%    passed     99.78%
 747  USA_X_X_WA-S1599_X_X_2020                          0.08%    passed     99.93%
 748  USA_X_X_FL-BPHL-0313_X_X_2020                      0.16%    passed     99.98%
 749  Netherlands_X_X_Flevoland_16_X_X_2020              0.43%    passed     99.98%
 750  Netherlands_X_X_Friesland_33_X_X_2020              2.06%    passed     99.86%
 751  India_X_X_CCMB_L1542_X_X_2020                      0.23%    passed     99.99%
 752  India_X_X_CCMB_L1806_X_X_2020                      0.23%    passed     99.96%
 753  USA_X_X_MD-MDH-0084_X_X_2020                       0.11%    passed     99.98%
 754  USA_X_X_MD-MDH-0085_X_X_2020                       0.18%    passed     99.98%
 755  USA_X_X_MD-MDH-0087_X_X_2020                       0.15%    passed     99.95%
 756  USA_X_X_MDH-9092_X_X_2020                          4.80%    passed     98.35%
 757  USA_X_X_MN-MDH-1371_X_X_2020                       0.15%    passed     99.98%
 758  USA_X_X_MA-MGH-00442_X_X_2020                      1.01%    passed     99.82%
 759  USA_X_X_VA-DCLS-0356_X_X_2020                      0.12%    passed     99.99%
 760  USA_X_X_MD-MDH-0037_X_X_2020                       0.14%    passed     99.60%
 761  Morocco_X_X_HMIMV-Rabat1462-04_X_X_2020            0.23%    passed     99.99%
 762  Senegal_X_X_62872_X_X_2020                         0.54%    passed     99.92%
 763  Norway_X_X_2447_X_X_2020                           2.46%    passed     99.31%
 764  Australia_X_X_VIC01_X_X_2020                       0.03%    passed     99.03%
 765  Iceland_X_X_13_X_X_2020                            1.77%    passed     97.83%
 766  USA_X_X_NJ-NYUMC841_X_X_2020                       0.36%    passed     98.91%
 767  USA_X_X_NM-UNM-00046_X_X_2020                      4.82%    passed     95.98%
 768  USA_X_X_WA-UW42_X_X_2020                           0.39%    passed     99.69%
 769  Indonesia_X_X_EJ-ITD1238Sp_X_X_2020                0.59%    passed     98.70%
 770  Oman_X_X_RESP-20-1189_X_X_2020                     0.00%    passed     99.02%
 771  Wuhan_X_X_HB-WH1-129_X_X_2020                      0.00%    passed     99.24%
 772  USA_X_X_CA-SCCPHD-UC187_X_X_2020                   3.32%    passed     99.98%
 773  Australia_X_X_VIC02_X_X_2020                       1.04%    passed     99.20%
 774  Australia_X_X_VIC13_X_X_2020                       0.25%    passed     99.55%
 775  SouthKorea_X_X_KCDC2062_X_X_2020                   0.02%    passed     99.41%
 776  USA_X_X_CT-Yale-003_X_X_2020                      10.65%    passed     86.04%
 777  SouthKorea_X_X_KCDC2002_X_X_2020                   0.06%    passed     99.12%
 778  USA_X_X_UT-01898_X_X_2020                          3.96%    passed     99.55%
 779  USA_X_X_UT-02525_X_X_2020                          8.59%    passed     94.27%
 780  SouthKorea_X_X_KCDC2192_X_X_2020                   0.10%    passed     99.34%
 781  Norway_X_X_2498_X_X_2020                           2.95%    passed     99.94%
 782  USA_X_X_OR-OHSU-0380_X_X_2020                      0.48%    passed     99.52%
 783  Denmark_X_X_ALAB-HH-187_X_X_2020                   3.23%    passed     98.28%
 784  USA_X_X_MD-MDH-0039_X_X_2020                       0.10%    passed     99.18%
 785  USA_X_X_MD-MDH-0086_X_X_2020                       0.12%    passed     99.28%
 786  USA_X_X_CA-ALSR-1381_X_X_2020                      0.16%    passed     99.27%
 787  USA_X_X_CA-ALSR-0800-SAN_X_X_2020                  1.69%    passed     97.03%
 788  USA_X_X_CA-ALSR-1075-SAN_X_X_2020                  0.02%    passed     99.03%
 789  USA_X_X_NY-NYUMC101_X_X_2020                       2.59%    passed     93.26%
 790  USA_X_X_NY-NYUMC47_X_X_2020                        0.09%    passed     99.85%
 791  India_X_X_1-27_X_X_2020                            0.16%    passed     99.99%
 792  India_X_X_1115_X_X_2020                            0.13%    passed     99.98%
 793  USA_X_X_WA-S771_X_X_2020                           0.15%    passed     99.99%
 794  Luxembourg_X_X_LNS6387933_X_X_2020                 0.06%    passed     99.79%
 795  Luxembourg_X_X_LNS6862754_X_X_2020                 0.92%    passed     99.91%
 796  France_X_X_RA739_X_X_2020                          0.50%    passed     99.99%
 797  Taiwan_X_X_NTU29_X_X_2020                          0.12%    passed    100.00%
 798  Scotland_X_X_CVR3333_X_X_2020                      1.66%    passed     98.79%
 799  USA_X_X_NY-Wadsworth-30164-01_X_X_2020             0.28%    passed    100.00%
 800  Latvia_X_X_02_X_X_2020                             0.01%    passed     98.98%
 801  SouthAfrica_X_X_R05204_X_X_2020                    3.52%    passed     95.97%
 802  Jiangsu_X_X_IVDC-JS-001_X_X_2020                   0.29%    passed     99.70%
 803  Singapore_X_X_187_X_X_2020                         0.98%    passed     99.83%
 804  Pakistan_X_X_NIH-HAS001_X_X_2020                   0.07%    passed     99.61%
 805  SouthKorea_X_X_KCDC06_X_X_2020                     0.38%    passed     99.83%
 806  SouthKorea_X_X_KCDC07_X_X_2020                     0.38%    passed     99.83%
 807  USA_X_X_CA-CDPH-UC25_X_X_2020                     23.01%    passed     96.20%
 808  Panama_X_X_329108_X_X_2020                         2.85%    passed     97.34%
 809  USA_X_X_WA-UW60_X_X_2020                           0.23%    passed     99.61%
 810  USA_X_X_NY-PV09405_X_X_2020                        0.69%    passed     99.97%
 811  USA_X_X_OR-OHSU-1451_X_X_2020                      0.49%    passed     99.35%
 812  Taiwan_X_X_TSGH-33_X_X_2020                        0.00%    passed     99.14%
 813  Iceland_X_X_304_X_X_2020                           0.64%    passed     99.99%
 814  USA_X_X_CA-CZB-2084_X_X_2020                       0.29%    passed    100.00%
 815  USA_X_X_FL-BPHL-053_X_X_2020                      50.94%    passed     60.16%
 816  Oman_X_X_205041374_X_X_2020                        0.23%    passed     99.93%
 817  Australia_X_X_VIC1581_X_X_2020                     0.92%    passed     99.78%
 818  Australia_X_X_VIC1782_X_X_2020                     2.70%    passed     95.58%
 819  India_X_X_NCDC-01744_X_X_2020                      0.14%    passed     99.99%
 820  USA_X_X_MD-HP00106_X_X_2020                        1.14%    passed     99.88%
 821  Brazil_X_X_L5_CAMPI106_X_X_2020                    3.79%    passed     98.87%
 822  USA_X_X_WA-UW-11918_X_X_2020                       0.11%    passed     99.38%
 823  Wales_X_X_PHWC-162557_X_X_2020                     1.34%    passed     99.84%
 824  Wales_X_X_PHWC-165D2F_X_X_2020                     0.17%    passed     99.40%
 825  England_X_X_NORT-2938BD_X_X_2020                   2.92%    passed     97.65%
 826  Portugal_X_X_IGC4467_X_X_2020                      0.40%    passed     99.97%
 827  Scotland_X_X_EDB6118_X_X_2020                      0.42%    passed     99.98%
 828  USA_X_X_CA-CZB-2123_X_X_2020                       2.91%    passed     99.79%
 829  Chile_X_X_Temuco_10_X_X_2020                       0.27%    passed    100.00%
 830  USA_X_X_LA-GBCL-26629198_X_X_2020                  6.47%    passed     96.97%
 831  Spain_X_X_PV-000805_X_X_2020                       0.24%    passed     99.20%
 832  Spain_X_X_Valencia23_X_X_2020                      5.86%    passed     97.89%
 833  Spain_X_X_Valencia4_X_X_2020                       1.65%    passed     99.98%
 834  USA_X_X_FL-BPHL-0393_X_X_2020                      1.59%    passed     99.85%
 835  USA_X_X_WY-WYPHL-00041_X_X_2020                    0.57%    passed    100.00%
 836  USA_X_X_SC-DHEC-0001_X_X_2020                      0.35%    passed     99.98%
 837  USA_X_X_MI-MDHHS-SC20004_X_X_2020                  3.66%    passed     99.54%
 838  USA_X_X_NY-PV08441_X_X_2020                        0.65%    passed    100.00%
 839  USA_X_X_OR-OHSU-1241_X_X_2020                      0.47%    passed     99.11%
 840  USA_X_X_MN4-MDH4_X_X_2020                          1.03%    passed     99.95%
 841  USA_X_X_MN5-MDH5_X_X_2020                          0.42%    passed    100.00%
 842  Poland_X_X_1111112_X_X_2020                        0.47%    passed    100.00%
 843  USA_X_X_NY-PV09442_X_X_2020                        0.71%    passed     99.99%
 844  USA_X_X_WA-UW71_X_X_2020                           0.15%    passed     99.31%
 845  India_X_X_RMRC103_X_X_2020                         0.85%    passed     99.81%
 846  India_X_X_RMRC157_X_X_2020                         1.63%    passed     99.68%
 847  USA_X_X_MD-MDH-0026_X_X_2020                       0.32%    passed     99.37%
 848  USA_X_X_MD-MDH-0031_X_X_2020                       0.67%    passed     99.10%
 849  Thailand_X_X_SI202769-NT_X_X_2020                  0.70%    passed     99.94%
 850  USA_X_X_CA-SCCPHD-UC125_X_X_2020                   7.70%    passed     93.35%
 851  USA_X_X_CA-CZB-1054_X_X_2020                       0.15%    passed     99.99%
 852  USA_X_X_WA-S4_X_X_2020                            34.16%    passed     52.93%
 853  USA_X_X_CA6_X_X_2020                               0.15%    passed     99.83%
 854  USA_X_X_CA-SCCPHD-UC139_X_X_2020                   1.69%    passed     99.58%
 855  Turkey_X_X_GLAB-CoV114_X_X_2020                    0.32%    passed     99.99%
 856  USA_X_X_CA-SCCPHD-UC135_X_X_2020                  27.55%    passed     58.46%
 857  Bangladesh_X_X_CHRF_0003_X_X_2020                  0.24%    passed     99.94%
 858  Bahrain_X_X_04_X_X_2020                            0.46%    passed     99.88%
 859  Luxembourg_X_X_LNS1227733_X_X_2020                 0.93%    passed     99.98%
 860  USA_X_X_LA-GBCL-26629190_X_X_2020                  0.93%    passed     99.98%
 861  USA_X_X_NM-UNM-00318_X_X_2020                     12.66%    passed     91.07%
 862  USA_X_X_CA-IGI-0111_X_X_2020                       2.16%    passed     99.35%
 863  USA_X_X_UT-02119_X_X_2020                          3.57%    passed     98.86%
 864  USA_X_X_WA-UW-11399_X_X_2020                       0.04%    passed     98.97%
 865  Greece_X_X_261_32221_X_X_2020                      0.83%    passed    100.00%
 866  SouthAfrica_X_X_KRISP-105_X_X_2020                 0.47%    passed    100.00%
 867  USA_X_X_WA-S1484_X_X_2020                          0.53%    passed     99.97%
 868  England_X_X_LIVE-A1C0D_X_X_2020                    1.06%    passed     99.99%
 869  Mexico_X_X_InDRE_28_X_X_2020                       1.20%    passed    100.00%
 870  USA_X_X_CA-SCCPHD-UC109_X_X_2020                   5.44%    passed     99.95%
 871  USA_X_X_CA-CZB-1491_X_X_2020                       0.44%    passed     99.98%
 872  USA_X_X_CA-CZB-1493_X_X_2020                       0.38%    passed     99.96%
 873  USA_X_X_WI-GMF-01534_X_X_2020                      1.23%    passed     99.70%
 874  USA_X_X_LA-GBCL-26544550_X_X_2020                  7.25%    passed     90.84%
 875  Panama_X_X_328710_X_X_2020                         4.53%    passed     94.76%
 876  Wuhan_X_X_WHUH020_X_X_2020                         0.75%    passed     99.00%
 877  USA_X_X_NY-NYUMC894_X_X_2020                       0.44%    passed     98.99%
 878  Panama_X_X_338872_X_X_2020                         4.16%    passed     99.82%
 879  USA_X_X_CA-CZB-1312_X_X_2020                       1.42%    passed     99.72%
 880  USA_X_X_CA-IGI-0006_X_X_2020                       0.28%    passed     99.59%
 881  USA_X_X_NY-NYU-VC-023_X_X_2020                    16.29%    passed     88.98%
 882  Spain_X_X_Valencia266_X_X_2020                     1.17%    passed     99.69%
 883  Luxembourg_X_X_LNS4028260_X_X_2020                 2.56%    passed     99.24%
 884  HongKong_X_X_HKPU73-0802_X_X_2020                  2.27%    passed    100.00%
 885  Portugal_X_X_R150_X_X_2020                         5.07%    passed     99.55%
 886  USA_X_X_CA-CZB-2147_X_X_2020                       4.10%    passed     99.67%
 887  USA_X_X_MD-HP00086_X_X_2020                        1.14%    passed     99.92%
 888  USA_X_X_WI-UW-793_X_X_2020                         1.32%    passed     99.93%
 889  HongKong_X_X_HKU-200723-075_X_X_2020               1.32%    passed     95.82%
 890  USA_X_X_CA-SCCPHD-UC143_X_X_2020                  19.24%    passed     78.78%
 891  USA_X_X_MDH-8144_X_X_2020                          1.19%    passed     99.71%
 892  USA_X_X_MDH-5622_X_X_2020                          9.07%    passed     58.36%
 893  USA_X_X_MDH-6612_X_X_2020                          1.53%    passed     99.72%
 894  USA_X_X_MDH-6572_X_X_2020                          2.11%    passed     96.67%
 895  USA_X_X_MDH-7590_X_X_2020                          4.49%    passed     91.09%
 896  USA_X_X_MDH-9483_X_X_2020                          1.14%    passed     98.62%
 897  USA_X_X_MDH-5875_X_X_2020                          2.53%    passed     96.28%
 898  USA_X_X_MDH-7760_X_X_2020                          2.47%    passed     96.93%
 899  USA_X_X_MDH-6339_X_X_2020                          4.90%    passed     94.20%
 900  Norway_X_X_2356-2_X_X_2020                         1.84%    passed     99.40%
 901  USA_X_X_CA-SCCPHD-UC134_X_X_2020                  30.94%    passed     82.23%
 902  Wales_X_X_PHWC-2C8E8_X_X_2020                      4.03%    passed     99.91%
 903  USA_X_X_CA-CZB-1086_X_X_2020                       1.88%    passed     99.89%
 904  USA_X_X_CA-CZB-1776_X_X_2020                       2.22%    passed     99.73%
 905  USA_X_X_FL-BPHL-0537_X_X_2020                      7.63%    passed     94.10%
 906  USA_X_X_CA-SCCPHD-UC114_X_X_2020                  18.71%    passed     82.51%
 907  USA_X_X_NY-NYU-VC-002_X_X_2020                     5.44%    passed     99.05%
 908  Thailand_X_X_NIH-190_X_X_2020                      7.40%    passed     90.26%
 909  USA_X_X_MDH-7761_X_X_2020                          6.89%    passed     70.80%
 910  USA_X_X_NY-NYUMC24_X_X_2020                        8.58%    passed     58.04%
 911  USA_X_X_NY-NYUMC1_X_X_2020                        16.13%    passed     32.77%
 912  USA_X_X_WA-UW-4572_X_X_2020                       36.59%    failed      0.00%
WARNING: 1 sequences contain more than 50% gaps/ambiguity
****  TOTAL                                              1.21%  1 sequences failed composition chi2 test (p-value<5%; df=3)

Create initial parsimony tree by phylogenetic likelihood library (PLL)... 3.315 seconds

NOTE: 454 MB RAM (0 GB) is required!
Estimate model parameters (epsilon = 0.500)
1. Initial log-likelihood: -87529.578
2. Current log-likelihood: -85906.240
3. Current log-likelihood: -85896.442
Optimal log-likelihood: -85895.981
Rate parameters:  A-C: 1.42649  A-G: 2.93375  A-T: 0.80583  C-G: 0.59752  C-T: 3.38080  G-T: 1.00000
Base frequencies:  A: 0.299  C: 0.184  G: 0.196  T: 0.321
Parameters optimization took 3 rounds (7.805 sec)
Computing ML distances based on estimated model parameters... 708.380 sec
Computing BIONJ tree...
1.772 seconds
Log-likelihood of BIONJ tree: -86284.275
--------------------------------------------------------------------
|             INITIALIZING CANDIDATE TREE SET                      |
--------------------------------------------------------------------

Do NNI search on 2 best initial trees
Estimate model parameters (epsilon = 0.500)
BETTER TREE FOUND at iteration 1: -85883.949
Finish initializing candidate tree set (4)
Current best tree score: -85883.949 / CPU time: 34.038
Number of iterations: 2
TREE SEARCH COMPLETED AFTER 2 ITERATIONS / Time: 0h:1m:31s

--------------------------------------------------------------------
|                    FINALIZING TREE SEARCH                        |
--------------------------------------------------------------------
Performs final model parameters optimization
Estimate model parameters (epsilon = 0.050)
1. Initial log-likelihood: -85883.949
Optimal log-likelihood: -85883.945
Rate parameters:  A-C: 1.42686  A-G: 2.93226  A-T: 0.80639  C-G: 0.59325  C-T: 3.38838  G-T: 1.00000
Base frequencies:  A: 0.299  C: 0.184  G: 0.196  T: 0.321
Parameters optimization took 1 rounds (1.344 sec)
BEST SCORE FOUND : -85883.945
Total tree length: 1.011

Total number of iterations: 2
CPU time used for tree search: 990.492 sec (0h:16m:30s)
Wall-clock time used for tree search: 34.071 sec (0h:0m:34s)
Total CPU time used: 2374.944 sec (0h:39m:34s)
Total wall-clock time used: 93.350 sec (0h:1m:33s)

Analysis results written to: 
  IQ-TREE report:                results/aligned-delim.fasta.iqtree
  Maximum-likelihood tree:       results/aligned-delim.fasta.treefile
  Likelihood distances:          results/aligned-delim.fasta.mldist
  Screen log file:               results/aligned-delim.fasta.log

Date and Time: Fri Sep 11 15:33:03 2020
