Thu Mar 25 21:11:24 2021
[.] No VSP data files for subject 500
[.] No VSP data files for subject 501
[.] No VSP data files for subject 502
[.] No VSP data files for subject 504
[.] No VSP data files for subject 505
[.] No VSP data files for subject H2103080875
[.] No VSP data files for subject H2103080906
[.] No VSP data files for subject H2103090759
[.] No VSP data files for subject H2103090778
[.] No VSP data files for subject 487
[.] No VSP data files for subject H2103090803
[.] No VSP data files for subject 492
[.] No VSP data files for subject H2103110713
[.] No VSP data files for subject H2103110830
[.] No VSP data files for subject 494
[.] No VSP data files for subject HUP PH-0028
[.] No VSP data files for subject 495
[.] No VSP data files for subject HUP Q-0030
[.] No VSP data files for subject 496
[.] No VSP data files for subject HUP Q-0031
[.] No VSP data files for subject H2102060042
[.] No VSP data files for subject HUP Q-0032
[.] No VSP data files for subject H2102060055
[.] No VSP data files for subject HUP Q-0033
[.] No VSP data files for subject HUP Q-0034
[.] No VSP data files for subject H2102080588
[.] No VSP data files for subject HUP Q-0036
[.] No VSP data files for subject H2102080816
[.] No VSP data files for subject HUP Q-0037
[.] No VSP data files for subject H2102090603
[.] No VSP data files for subject kit ID 019634
[.] No VSP data files for subject H2102100346
[.] No VSP data files for subject S-210107-00602
[.] No VSP data files for subject H2102100888
[.] No VSP data files for subject S-210108-00462
[.] No VSP data files for subject S-210113-01300
[.] No VSP data files for subject HUP Q-0038
[.] No VSP data files for subject S-210120-01295
[.] No VSP data files for subject 454
[.] No VSP data files for subject 462
[.] No VSP data files for subject HUP Q-0039
[.] No VSP data files for subject S-210122-01963
[.] No VSP data files for subject 474
[.] No VSP data files for subject 463
[.] No VSP data files for subject HUP Q-0040
[.] No VSP data files for subject 438
[.] No VSP data files for subject S-210122-02024
[.] No VSP data files for subject 475
[.] No VSP data files for subject HUP Q-0041
[.] No VSP data files for subject 464
[.] No VSP data files for subject 439[.] No VSP data files for subject S-210128-01783

[.] No VSP data files for subject HUP Q-0042
[.] No VSP data files for subject 465
[.] No VSP data files for subject S-210222-03420
[.] No VSP data files for subject 476
[.] No VSP data files for subject 440
[.] No VSP data files for subject HUP Q-0043
[.] No VSP data files for subject 477
[.] No VSP data files for subject S-210226-01457
[.] No VSP data files for subject 467
[.] No VSP data files for subject 441
[.] No VSP data files for subject HUP Q-0044
[.] No VSP data files for subject S−210121-02333[.] No VSP data files for subject 478

[.] No VSP data files for subject 468
[.] No VSP data files for subject HUP Q-0045
[.] No VSP data files for subject 442
[.] No VSP data files for subject 480
[.] No VSP data files for subject 469
[.] No VSP data files for subject HUP Q-0046
[.] No VSP data files for subject 269-TCE
[.] No VSP data files for subject 443
[.] No VSP data files for subject 482
[.] No VSP data files for subject S−210122−02276
[.] No VSP data files for subject 470
[.] No VSP data files for subject HUP Q-0047
[.] No VSP data files for subject 484
[.] No VSP data files for subject S−210203−01682
[.] No VSP data files for subject HUP Q-0048
[.] No VSP data files for subject S−210203−04683
[.] No VSP data files for subject 485
[.] No VSP data files for subject 449
[.] No VSP data files for subject HUP Q-0049
[.] No VSP data files for subject 472
[.] No VSP data files for subject S−210309−01551
[.] No VSP data files for subject 308
[.] No VSP data files for subject HUP Q-0050
[.] No VSP data files for subject 450
[.] No VSP data files for subject 309
[.] No VSP data files for subject 486
[.] No VSP data files for subject HUP Q-0051
[.] No VSP data files for subject 451
[.] No VSP data files for subject 313
[.] No VSP data files for subject 489
[.] No VSP data files for subject HUP Q-0052
[.] No VSP data files for subject 490
[.] No VSP data files for subject HUP Q-0053
[.] No VSP data files for subject 315
[.] No VSP data files for subject 457
[.] No VSP data files for subject 491
[.] No VSP data files for subject UPHS-0101
[.] No VSP data files for subject 316
[.] No VSP data files for subject UPHS-0102
[.] No VSP data files for subject 460
[.] No VSP data files for subject H2102160885
[.] No VSP data files for subject 317
[.] No VSP data files for subject UPHS-0103
[.] No VSP data files for subject H2102160891
[.] No VSP data files for subject UPHS-0104
[.] No VSP data files for subject 318
[.] No VSP data files for subject H2102170532
[.] No VSP data files for subject UPHS-0105
[.] No VSP data files for subject H2102170726
[.] No VSP data files for subject 319
[.] No VSP data files for subject UPHS-0106
[.] No VSP data files for subject H2102170736
[.] No VSP data files for subject 320
[.] No VSP data files for subject UPHS-0107
[.] No VSP data files for subject H2102170747
[.] No VSP data files for subject 321
[.] No VSP data files for subject UPHS-0108
[.] No VSP data files for subject H2102170795
[.] No VSP data files for subject 322
[.] No VSP data files for subject UPHS-0109
[.] No VSP data files for subject H2102200033
[.] No VSP data files for subject UPHS-0095
[.] No VSP data files for subject 323
[.] No VSP data files for subject UPHS-0110
[.] No VSP data files for subject H2102220686
[.] No VSP data files for subject UPHS-0096
[.] No VSP data files for subject 324
[.] No VSP data files for subject UPHS-0111
[.] No VSP data files for subject UPHS-0097
[.] No VSP data files for subject H2102230845
[.] No VSP data files for subject 212
[.] No VSP data files for subject 326
[.] No VSP data files for subject UPHS-0112
[.] No VSP data files for subject UPHS-0098
[.] No VSP data files for subject H2102230852
[.] No VSP data files for subject JFKGR
[.] No VSP data files for subject UPHS-0113
[.] No VSP data files for subject 328
[.] No VSP data files for subject H2102230858
[.] No VSP data files for subject UPHS-0114
[.] No VSP data files for subject 329
[.] No VSP data files for subject H2102240764
[.] No VSP data files for subject UPHS-0099
[.] No VSP data files for subject UPHS-0115
[.] No VSP data files for subject H2102250351
[.] No VSP data files for subject UPHS-0100
[.] No VSP data files for subject 330
[.] No VSP data files for subject 230
[.] No VSP data files for subject 332
[.] No VSP data files for subject UPHS-0116
[.] No VSP data files for subject 232
[.] No VSP data files for subject 333
[.] No VSP data files for subject UPHS-0117
[.] No VSP data files for subject UPHS-0118
[.] No VSP data files for subject 233
[.] No VSP data files for subject 335
[.] No VSP data files for subject UPHS-0119
[.] No VSP data files for subject HUP PH-0024
[.] No VSP data files for subject 336
[.] No VSP data files for subject UPHS-0120
[.] No VSP data files for subject 236
[.] No VSP data files for subject HUP PH-0025
[.] No VSP data files for subject UPHS-0121
[.] No VSP data files for subject HUP PH-0026
[.] No VSP data files for subject UPHS-0122
[.] No VSP data files for subject HUP PH-0027
[.] No VSP data files for subject 337
[.] No VSP data files for subject UPHS-0123
[.] No VSP data files for subject 244
[.] No VSP data files for subject UPHS-0124
[.] No VSP data files for subject 338
[.] No VSP data files for subject UPHS-0125
[.] No VSP data files for subject 246
[.] No VSP data files for subject 339
[.] No VSP data files for subject UPHS-0126
[.] No VSP data files for subject HUP Q-0011
[.] No VSP data files for subject UPHS-0127
[.] No VSP data files for subject HUP Q-0012
[.] No VSP data files for subject 341
[.] No VSP data files for subject UPHS-0128
[.] No VSP data files for subject HUP Q-0014
[.] No VSP data files for subject 342
[.] No VSP data files for subject UPHS-0129
[.] No VSP data files for subject 252
[.] No VSP data files for subject HUP Q-0015
[.] No VSP data files for subject 343
[.] No VSP data files for subject UPHS-0130
[.] No VSP data files for subject HUP Q-0016
[.] No VSP data files for subject UPHS-0131
[.] No VSP data files for subject 347
[.] No VSP data files for subject HUP Q-0017
[.] No VSP data files for subject UPHS-0132
[.] No VSP data files for subject 253
[.] No VSP data files for subject HUP Q-0018
[.] No VSP data files for subject UPHS-0133
[.] No VSP data files for subject 350
[.] No VSP data files for subject HUP Q-0019
[.] No VSP data files for subject 254
[.] No VSP data files for subject UPHS-0134
[.] No VSP data files for subject 351
[.] No VSP data files for subject HUP Q-0020
[.] No VSP data files for subject UPHS-0135
[.] No VSP data files for subject 353
[.] No VSP data files for subject 255
[.] No VSP data files for subject UPHS-0136
[.] No VSP data files for subject HUP Q-0021
[.] No VSP data files for subject 375
[.] No VSP data files for subject 355
[.] No VSP data files for subject UPHS-0137
[.] No VSP data files for subject 356
[.] No VSP data files for subject HUP Q-0022
[.] No VSP data files for subject 258
[.] No VSP data files for subject UPHS-0138
[.] No VSP data files for subject 378
[.] No VSP data files for subject HUP Q-0023
[.] No VSP data files for subject UPHS-0139
[.] No VSP data files for subject 259
[.] No VSP data files for subject 357
[.] No VSP data files for subject HUP Q-0024
[.] No VSP data files for subject UPHS-0140
[.] No VSP data files for subject 358
[.] No VSP data files for subject 260
[.] No VSP data files for subject 383
[.] No VSP data files for subject HUP Q-0025
[.] No VSP data files for subject UPHS-0141
[.] No VSP data files for subject 359
[.] No VSP data files for subject 384
[.] No VSP data files for subject HUP Q-0026
[.] No VSP data files for subject UPHS-0142
[.] No VSP data files for subject 360
[.] No VSP data files for subject HUP Q-0029
[.] No VSP data files for subject 264
[.] No VSP data files for subject UPHS-0143
[.] No VSP data files for subject 361
[.] No VSP data files for subject 386
[.] No VSP data files for subject UPHS-0144
[.] No VSP data files for subject 362
[.] No VSP data files for subject 268
[.] No VSP data files for subject HUP-Q-0013
[.] No VSP data files for subject UPHS-0145
[.] No VSP data files for subject 387
[.] No VSP data files for subject 363
[.] No VSP data files for subject HUP-Q-0027
[.] No VSP data files for subject 270
[.] No VSP data files for subject UPHS-0146
[.] No VSP data files for subject 364
[.] No VSP data files for subject HUP-Q-0028
[.] No VSP data files for subject UPHS-0147
[.] No VSP data files for subject 271
[.] No VSP data files for subject 365
[.] No VSP data files for subject UPHS-0148
[.] No VSP data files for subject 275
[.] No VSP data files for subject 392
[.] No VSP data files for subject 366
[.] No VSP data files for subject UPHS-0149
[.] No VSP data files for subject 393
[.] No VSP data files for subject 277
[.] No VSP data files for subject 367
[.] No VSP data files for subject UPHS-0150
[.] No VSP data files for subject 394
[.] No VSP data files for subject 278
[.] No VSP data files for subject 368
[.] No VSP data files for subject UPHS-0151
[.] No VSP data files for subject 395
[.] No VSP data files for subject 280
[.] No VSP data files for subject UPHS-0152
[.] No VSP data files for subject 396
[.] No VSP data files for subject 372
[.] No VSP data files for subject UPHS-0153
[.] No VSP data files for subject 282
[.] No VSP data files for subject UPHS-0154
[.] No VSP data files for subject 283
[.] No VSP data files for subject 402
[.] No VSP data files for subject UPHS-0155
[.] No VSP data files for subject 284
[.] No VSP data files for subject 403
[.] No VSP data files for subject 285
[.] No VSP data files for subject 404
[.] No VSP data files for subject 286
[.] No VSP data files for subject UPHS-0156
[.] No VSP data files for subject 405
[.] No VSP data files for subject 287
[.] No VSP data files for subject UPHS-0157
[.] No VSP data files for subject UPHS-0158
[.] No VSP data files for subject 289
[.] No VSP data files for subject P01
[.] No VSP data files for subject 410
[.] No VSP data files for subject 291
[.] No VSP data files for subject 292
[.] No VSP data files for subject 411
[.] No VSP data files for subject 293
[.] No VSP data files for subject 412
[.] No VSP data files for subject 298
[.] No VSP data files for subject 413
[.] No VSP data files for subject 299
[.] No VSP data files for subject 415
[.] No VSP data files for subject 301
[.] No VSP data files for subject 416
[.] No VSP data files for subject 417
[.] No VSP data files for subject 418
[.] No VSP data files for subject 419
[.] No VSP data files for subject 421
[.] No VSP data files for subject 429
[.] No VSP data files for subject 430
[.] No VSP data files for subject 435
[.] No VSP data files for subject H2103130052
[.] No VSP data files for subject H2103150563
[.] No VSP data files for subject H2103160769
[.] No VSP data files for subject H2103160904
[.] No VSP data files for subject H2103170703
[.] No VSP data files for subject H2103180706
[.] No VSP data files for subject H2103180735
[.] No VSP data files for subject UPHS-0159
[.] No VSP data files for subject UPHS-0160
[.] No VSP data files for subject UPHS-0161
[.] No VSP data files for subject UPHS-0162
[.] No VSP data files for subject UPHS-0164
[.] No VSP data files for subject UPHS-0165
[.] No VSP data files for subject UPHS-0166
[.] No VSP data files for subject UPHS-0167
[.] No VSP data files for subject UPHS-0168
[.] No VSP data files for subject UPHS-0169
[.] No VSP data files for subject UPHS-0170
[.] No VSP data files for subject UPHS-0171
[.] No VSP data files for subject UPHS-0172
[.] No VSP data files for subject UPHS-0173
[.] No VSP data files for subject UPHS-0174
[.] No VSP data files for subject UPHS-0175
[.] No VSP data files for subject UPHS-0176
[.] No VSP data files for subject UPHS-0177
[.] No VSP data files for subject UPHS-0178
[.] No VSP data files for subject UPHS-0179
[.] No VSP data files for subject UPHS-0180
[.] No VSP data files for subject UPHS-0181
[.] No VSP data files for subject UPHS-0182
[.] No VSP data files for subject UPHS-0183
[.] No VSP data files for subject UPHS-0184
[.] No VSP data files for subject UPHS-0185
[.] No VSP data files for subject UPHS-0186
[.] No VSP data files for subject UPHS-0187
[.] No VSP data files for subject UPHS-0188
[.] No VSP data files for subject UPHS-0189
[.] No VSP data files for subject UPHS-0190
[.] No VSP data files for subject UPHS-0191
[.] No VSP data files for subject UPHS-0192
[.] No VSP data files for subject UPHS-0193
[.] No VSP data files for subject UPHS-0194
[.] No VSP data files for subject UPHS-0195
[.] No VSP data files for subject UPHS-0196
[.] No VSP data files for subject UPHS-0197
[.] No VSP data files for subject UPHS-0198
[.] No VSP data files for subject UPHS-0199
[.] No VSP data files for subject UPHS-0200
[.] No VSP data files for subject UPHS-0201
[.] No VSP data files for subject UPHS-0202
[.] No VSP data files for subject UPHS-0203
[.] No VSP data files for subject UPHS-0204
[.] No VSP data files for subject UPHS-0205
[.] No VSP data files for subject UPHS-0206
[.] No VSP data files for subject UPHS-0207
[.] No VSP data files for subject UPHS-0208
[.] No VSP data files for subject UPHS-0209
[.] No VSP data files for subject UPHS-0210
[.] No VSP data files for subject UPHS-0211
[.] No VSP data files for subject UPHS-0212
[.] No VSP data files for subject UPHS-0213
[.] No VSP data files for subject UPHS-0214
[.] No VSP data files for subject UPHS-0215
[.] No VSP data files for subject UPHS-0216
[.] No VSP data files for subject UPHS-0217
[.] No VSP data files for subject UPHS-0218
[.] No VSP data files for subject UPHS-0219
[.] No VSP data files for subject UPHS-0220
[.] No VSP data files for subject UPHS-0221
[.] No VSP data files for subject UPHS-0222
[.] No VSP data files for subject UPHS-0225
[.] No VSP data files for subject UPHS-0226
