Tue Jan 26 20:12:25 2021
Starting VSP0038 with 2 seq experiments.
Tue Jan 26 20:12:25 2021 (summaries/VSPdata/VSP0038.composite.RData) /home/opt/R-3.4.0/bin/Rscript assemble.R --outputFile summaries/VSPdata/VSP0038.composite.RData --R1 data/sequencing/200609_M03249_0067_000000000-J37ML/VSP0038-1m_S9_L001_R1_001.fastq.gz,data/sequencing/200725_M03249_0079_000000000-J2J3B/VSP0038-2_S4_L001_R1_001.fastq.gz --R2 data/sequencing/200609_M03249_0067_000000000-J37ML/VSP0038-1m_S9_L001_R2_001.fastq.gz,data/sequencing/200725_M03249_0079_000000000-J2J3B/VSP0038-2_S4_L001_R2_001.fastq.gz

Tue Jan 26 20:18:23 2021 (summaries/VSPdata/VSP0038-1m.experiment.RData) /home/opt/R-3.4.0/bin/Rscript assemble.R --outputFile summaries/VSPdata/VSP0038-1m.experiment.RData --R1 data/sequencing/200609_M03249_0067_000000000-J37ML/VSP0038-1m_S9_L001_R1_001.fastq.gz --R2 data/sequencing/200609_M03249_0067_000000000-J37ML/VSP0038-1m_S9_L001_R2_001.fastq.gz

Tue Jan 26 20:23:06 2021 (summaries/VSPdata/VSP0038-2.experiment.RData) /home/opt/R-3.4.0/bin/Rscript assemble.R --outputFile summaries/VSPdata/VSP0038-2.experiment.RData --R1 data/sequencing/200725_M03249_0079_000000000-J2J3B/VSP0038-2_S4_L001_R1_001.fastq.gz --R2 data/sequencing/200725_M03249_0079_000000000-J2J3B/VSP0038-2_S4_L001_R2_001.fastq.gz

Completed VSP0038

Starting VSP0039 with 2 seq experiments.
Tue Jan 26 20:27:28 2021 (summaries/VSPdata/VSP0039.composite.RData) /home/opt/R-3.4.0/bin/Rscript assemble.R --outputFile summaries/VSPdata/VSP0039.composite.RData --R1 data/sequencing/200609_M03249_0067_000000000-J37ML/VSP0039-1m_S10_L001_R1_001.fastq.gz,data/sequencing/200613_M03249_0068_000000000-J37GK/VSP0039-2_S2_L001_R1_001.fastq.gz --R2 data/sequencing/200609_M03249_0067_000000000-J37ML/VSP0039-1m_S10_L001_R2_001.fastq.gz,data/sequencing/200613_M03249_0068_000000000-J37GK/VSP0039-2_S2_L001_R2_001.fastq.gz

Tue Jan 26 20:37:20 2021 (summaries/VSPdata/VSP0039-1m.experiment.RData) /home/opt/R-3.4.0/bin/Rscript assemble.R --outputFile summaries/VSPdata/VSP0039-1m.experiment.RData --R1 data/sequencing/200609_M03249_0067_000000000-J37ML/VSP0039-1m_S10_L001_R1_001.fastq.gz --R2 data/sequencing/200609_M03249_0067_000000000-J37ML/VSP0039-1m_S10_L001_R2_001.fastq.gz

Tue Jan 26 20:41:32 2021 (summaries/VSPdata/VSP0039-2.experiment.RData) /home/opt/R-3.4.0/bin/Rscript assemble.R --outputFile summaries/VSPdata/VSP0039-2.experiment.RData --R1 data/sequencing/200613_M03249_0068_000000000-J37GK/VSP0039-2_S2_L001_R1_001.fastq.gz --R2 data/sequencing/200613_M03249_0068_000000000-J37GK/VSP0039-2_S2_L001_R2_001.fastq.gz

Completed VSP0039

Starting VSP0041 with 2 seq experiments.
Tue Jan 26 20:48:11 2021 (summaries/VSPdata/VSP0041.composite.RData) /home/opt/R-3.4.0/bin/Rscript assemble.R --outputFile summaries/VSPdata/VSP0041.composite.RData --R1 data/sequencing/200609_M03249_0067_000000000-J37ML/VSP0041-1m_S11_L001_R1_001.fastq.gz,data/sequencing/200720_M03249_0076_000000000-J78FF/VSP0041-2_S4_L001_R1_001.fastq.gz --R2 data/sequencing/200609_M03249_0067_000000000-J37ML/VSP0041-1m_S11_L001_R2_001.fastq.gz,data/sequencing/200720_M03249_0076_000000000-J78FF/VSP0041-2_S4_L001_R2_001.fastq.gz

Tue Jan 26 20:57:36 2021 (summaries/VSPdata/VSP0041-1m.experiment.RData) /home/opt/R-3.4.0/bin/Rscript assemble.R --outputFile summaries/VSPdata/VSP0041-1m.experiment.RData --R1 data/sequencing/200609_M03249_0067_000000000-J37ML/VSP0041-1m_S11_L001_R1_001.fastq.gz --R2 data/sequencing/200609_M03249_0067_000000000-J37ML/VSP0041-1m_S11_L001_R2_001.fastq.gz

Tue Jan 26 21:01:56 2021 (summaries/VSPdata/VSP0041-2.experiment.RData) /home/opt/R-3.4.0/bin/Rscript assemble.R --outputFile summaries/VSPdata/VSP0041-2.experiment.RData --R1 data/sequencing/200720_M03249_0076_000000000-J78FF/VSP0041-2_S4_L001_R1_001.fastq.gz --R2 data/sequencing/200720_M03249_0076_000000000-J78FF/VSP0041-2_S4_L001_R2_001.fastq.gz

Completed VSP0041

Starting VSP0042 with 2 seq experiments.
Tue Jan 26 21:07:00 2021 (summaries/VSPdata/VSP0042.composite.RData) /home/opt/R-3.4.0/bin/Rscript assemble.R --outputFile summaries/VSPdata/VSP0042.composite.RData --R1 data/sequencing/200609_M03249_0067_000000000-J37ML/VSP0042-1m_S12_L001_R1_001.fastq.gz,data/sequencing/200613_M03249_0068_000000000-J37GK/VSP0042-2_S17_L001_R1_001.fastq.gz --R2 data/sequencing/200609_M03249_0067_000000000-J37ML/VSP0042-1m_S12_L001_R2_001.fastq.gz,data/sequencing/200613_M03249_0068_000000000-J37GK/VSP0042-2_S17_L001_R2_001.fastq.gz

Tue Jan 26 21:11:22 2021 (summaries/VSPdata/VSP0042-1m.experiment.RData) /home/opt/R-3.4.0/bin/Rscript assemble.R --outputFile summaries/VSPdata/VSP0042-1m.experiment.RData --R1 data/sequencing/200609_M03249_0067_000000000-J37ML/VSP0042-1m_S12_L001_R1_001.fastq.gz --R2 data/sequencing/200609_M03249_0067_000000000-J37ML/VSP0042-1m_S12_L001_R2_001.fastq.gz

Tue Jan 26 21:13:46 2021 (summaries/VSPdata/VSP0042-2.experiment.RData) /home/opt/R-3.4.0/bin/Rscript assemble.R --outputFile summaries/VSPdata/VSP0042-2.experiment.RData --R1 data/sequencing/200613_M03249_0068_000000000-J37GK/VSP0042-2_S17_L001_R1_001.fastq.gz --R2 data/sequencing/200613_M03249_0068_000000000-J37GK/VSP0042-2_S17_L001_R2_001.fastq.gz

Completed VSP0042

Starting VSP0044 with 2 seq experiments.
Tue Jan 26 21:17:23 2021 (summaries/VSPdata/VSP0044.composite.RData) /home/opt/R-3.4.0/bin/Rscript assemble.R --outputFile summaries/VSPdata/VSP0044.composite.RData --R1 data/sequencing/200609_M03249_0067_000000000-J37ML/VSP0044-1m_S13_L001_R1_001.fastq.gz,data/sequencing/200613_M03249_0068_000000000-J37GK/VSP0044-2_S11_L001_R1_001.fastq.gz --R2 data/sequencing/200609_M03249_0067_000000000-J37ML/VSP0044-1m_S13_L001_R2_001.fastq.gz,data/sequencing/200613_M03249_0068_000000000-J37GK/VSP0044-2_S11_L001_R2_001.fastq.gz

Tue Jan 26 21:21:39 2021 (summaries/VSPdata/VSP0044-1m.experiment.RData) /home/opt/R-3.4.0/bin/Rscript assemble.R --outputFile summaries/VSPdata/VSP0044-1m.experiment.RData --R1 data/sequencing/200609_M03249_0067_000000000-J37ML/VSP0044-1m_S13_L001_R1_001.fastq.gz --R2 data/sequencing/200609_M03249_0067_000000000-J37ML/VSP0044-1m_S13_L001_R2_001.fastq.gz

Tue Jan 26 21:25:04 2021 (summaries/VSPdata/VSP0044-2.experiment.RData) /home/opt/R-3.4.0/bin/Rscript assemble.R --outputFile summaries/VSPdata/VSP0044-2.experiment.RData --R1 data/sequencing/200613_M03249_0068_000000000-J37GK/VSP0044-2_S11_L001_R1_001.fastq.gz --R2 data/sequencing/200613_M03249_0068_000000000-J37GK/VSP0044-2_S11_L001_R2_001.fastq.gz

Completed VSP0044

Starting VSP9981 with 1 seq experiments.
Tue Jan 26 21:27:20 2021 (summaries/VSPdata/VSP9981-1a.experiment.RData) /home/opt/R-3.4.0/bin/Rscript assemble.R --outputFile summaries/VSPdata/VSP9981-1a.experiment.RData --R1 data/sequencing/200609_M03249_0067_000000000-J37ML/VSP9981-1a_S15_L001_R1_001.fastq.gz --R2 data/sequencing/200609_M03249_0067_000000000-J37ML/VSP9981-1a_S15_L001_R2_001.fastq.gz

Completed VSP9981

