Thu Mar 25 20:43:50 2021
Starting VSP0554 with 2 seq experiments.
summaries/VSPdata/VSP0554.composite.RData exists -- skipping.
summaries/VSPdata/VSP0554-1.experiment.RData exists -- skipping.
summaries/VSPdata/VSP0554-2.experiment.RData exists -- skipping.
Completed VSP0554

Starting VSP0560 with 2 seq experiments.
summaries/VSPdata/VSP0560.composite.RData exists -- skipping.
summaries/VSPdata/VSP0560-1.experiment.RData exists -- skipping.
summaries/VSPdata/VSP0560-2.experiment.RData exists -- skipping.
Completed VSP0560

Starting VSP0622 with 2 seq experiments.
summaries/VSPdata/VSP0622.composite.RData exists -- skipping.
summaries/VSPdata/VSP0622-1.experiment.RData exists -- skipping.
summaries/VSPdata/VSP0622-2.experiment.RData exists -- skipping.
Completed VSP0622

Starting VSP0623 with 2 seq experiments.
summaries/VSPdata/VSP0623.composite.RData exists -- skipping.
summaries/VSPdata/VSP0623-1.experiment.RData exists -- skipping.
summaries/VSPdata/VSP0623-2.experiment.RData exists -- skipping.
Completed VSP0623

Starting VSP0624 with 2 seq experiments.
summaries/VSPdata/VSP0624.composite.RData exists -- skipping.
summaries/VSPdata/VSP0624-1.experiment.RData exists -- skipping.
summaries/VSPdata/VSP0624-2.experiment.RData exists -- skipping.
Completed VSP0624

Starting VSP0625 with 2 seq experiments.
summaries/VSPdata/VSP0625.composite.RData exists -- skipping.
summaries/VSPdata/VSP0625-1.experiment.RData exists -- skipping.
summaries/VSPdata/VSP0625-2.experiment.RData exists -- skipping.
Completed VSP0625

Starting VSP9971 with 2 seq experiments.
summaries/VSPdata/VSP9971.composite.RData exists -- skipping.
summaries/VSPdata/VSP9971-1.experiment.RData exists -- skipping.
summaries/VSPdata/VSP9971-2.experiment.RData exists -- skipping.
Completed VSP9971

Starting VSP0393 with 1 seq experiments.
summaries/VSPdata/VSP0393-1.experiment.RData exists -- skipping.
Completed VSP0393

Starting VSP0576 with 1 seq experiments.
summaries/VSPdata/VSP0576-1.experiment.RData exists -- skipping.
Completed VSP0576

Starting VSP0596 with 1 seq experiments.
summaries/VSPdata/VSP0596-1.experiment.RData exists -- skipping.
Completed VSP0596

Starting VSP0600 with 1 seq experiments.
summaries/VSPdata/VSP0600-1.experiment.RData exists -- skipping.
Completed VSP0600

Starting VSP0601 with 1 seq experiments.
summaries/VSPdata/VSP0601-1.experiment.RData exists -- skipping.
Completed VSP0601

Starting VSP0759 with 1 seq experiments.
summaries/VSPdata/VSP0759-1.experiment.RData exists -- skipping.
Completed VSP0759

Starting VSP0760 with 1 seq experiments.
summaries/VSPdata/VSP0760-1.experiment.RData exists -- skipping.
Completed VSP0760

