Tue Jan 19 15:36:29 2021
Starting VSP0563 with 2 seq experiments.
Tue Jan 19 15:36:29 2021 (summaries/VSPdata/VSP0563.composite.RData) /home/opt/R-3.4.0/bin/Rscript assemble.R --outputFile summaries/VSPdata/VSP0563.composite.RData --R1 data/sequencing/210112_M03249_0141_000000000-JFP4J/VSP0563-2_S1_L001_R1_001.fastq.gz,data/sequencing/210113_M05588_0364_000000000-JGMP7/VSP0563-3_S1_L001_R1_001.fastq.gz --R2 data/sequencing/210112_M03249_0141_000000000-JFP4J/VSP0563-2_S1_L001_R2_001.fastq.gz,data/sequencing/210113_M05588_0364_000000000-JGMP7/VSP0563-3_S1_L001_R2_001.fastq.gz

Tue Jan 19 15:51:32 2021 (summaries/VSPdata/VSP0563-2.experiment.RData) /home/opt/R-3.4.0/bin/Rscript assemble.R --outputFile summaries/VSPdata/VSP0563-2.experiment.RData --R1 data/sequencing/210112_M03249_0141_000000000-JFP4J/VSP0563-2_S1_L001_R1_001.fastq.gz --R2 data/sequencing/210112_M03249_0141_000000000-JFP4J/VSP0563-2_S1_L001_R2_001.fastq.gz

Tue Jan 19 15:52:54 2021 (summaries/VSPdata/VSP0563-3.experiment.RData) /home/opt/R-3.4.0/bin/Rscript assemble.R --outputFile summaries/VSPdata/VSP0563-3.experiment.RData --R1 data/sequencing/210113_M05588_0364_000000000-JGMP7/VSP0563-3_S1_L001_R1_001.fastq.gz --R2 data/sequencing/210113_M05588_0364_000000000-JGMP7/VSP0563-3_S1_L001_R2_001.fastq.gz

Completed VSP0563

Starting VSP0571 with 2 seq experiments.
Tue Jan 19 16:04:58 2021 (summaries/VSPdata/VSP0571.composite.RData) /home/opt/R-3.4.0/bin/Rscript assemble.R --outputFile summaries/VSPdata/VSP0571.composite.RData --R1 data/sequencing/210112_M03249_0141_000000000-JFP4J/VSP0571-1_S7_L001_R1_001.fastq.gz,data/sequencing/210113_M05588_0364_000000000-JGMP7/VSP0571-2_S7_L001_R1_001.fastq.gz --R2 data/sequencing/210112_M03249_0141_000000000-JFP4J/VSP0571-1_S7_L001_R2_001.fastq.gz,data/sequencing/210113_M05588_0364_000000000-JGMP7/VSP0571-2_S7_L001_R2_001.fastq.gz

Tue Jan 19 16:21:56 2021 (summaries/VSPdata/VSP0571-1.experiment.RData) /home/opt/R-3.4.0/bin/Rscript assemble.R --outputFile summaries/VSPdata/VSP0571-1.experiment.RData --R1 data/sequencing/210112_M03249_0141_000000000-JFP4J/VSP0571-1_S7_L001_R1_001.fastq.gz --R2 data/sequencing/210112_M03249_0141_000000000-JFP4J/VSP0571-1_S7_L001_R2_001.fastq.gz

Tue Jan 19 16:23:19 2021 (summaries/VSPdata/VSP0571-2.experiment.RData) /home/opt/R-3.4.0/bin/Rscript assemble.R --outputFile summaries/VSPdata/VSP0571-2.experiment.RData --R1 data/sequencing/210113_M05588_0364_000000000-JGMP7/VSP0571-2_S7_L001_R1_001.fastq.gz --R2 data/sequencing/210113_M05588_0364_000000000-JGMP7/VSP0571-2_S7_L001_R2_001.fastq.gz

Completed VSP0571

Starting VSP0579 with 2 seq experiments.
Tue Jan 19 16:35:25 2021 (summaries/VSPdata/VSP0579.composite.RData) /home/opt/R-3.4.0/bin/Rscript assemble.R --outputFile summaries/VSPdata/VSP0579.composite.RData --R1 data/sequencing/210112_M03249_0141_000000000-JFP4J/VSP0579-1_S2_L001_R1_001.fastq.gz,data/sequencing/210113_M05588_0364_000000000-JGMP7/VSP0579-2_S2_L001_R1_001.fastq.gz --R2 data/sequencing/210112_M03249_0141_000000000-JFP4J/VSP0579-1_S2_L001_R2_001.fastq.gz,data/sequencing/210113_M05588_0364_000000000-JGMP7/VSP0579-2_S2_L001_R2_001.fastq.gz

Tue Jan 19 16:41:06 2021 (summaries/VSPdata/VSP0579-1.experiment.RData) /home/opt/R-3.4.0/bin/Rscript assemble.R --outputFile summaries/VSPdata/VSP0579-1.experiment.RData --R1 data/sequencing/210112_M03249_0141_000000000-JFP4J/VSP0579-1_S2_L001_R1_001.fastq.gz --R2 data/sequencing/210112_M03249_0141_000000000-JFP4J/VSP0579-1_S2_L001_R2_001.fastq.gz

Tue Jan 19 16:41:29 2021 (summaries/VSPdata/VSP0579-2.experiment.RData) /home/opt/R-3.4.0/bin/Rscript assemble.R --outputFile summaries/VSPdata/VSP0579-2.experiment.RData --R1 data/sequencing/210113_M05588_0364_000000000-JGMP7/VSP0579-2_S2_L001_R1_001.fastq.gz --R2 data/sequencing/210113_M05588_0364_000000000-JGMP7/VSP0579-2_S2_L001_R2_001.fastq.gz

Completed VSP0579

Starting VSP0580 with 2 seq experiments.
Tue Jan 19 16:46:50 2021 (summaries/VSPdata/VSP0580.composite.RData) /home/opt/R-3.4.0/bin/Rscript assemble.R --outputFile summaries/VSPdata/VSP0580.composite.RData --R1 data/sequencing/210112_M03249_0141_000000000-JFP4J/VSP0580-1_S3_L001_R1_001.fastq.gz,data/sequencing/210113_M05588_0364_000000000-JGMP7/VSP0580-2_S3_L001_R1_001.fastq.gz --R2 data/sequencing/210112_M03249_0141_000000000-JFP4J/VSP0580-1_S3_L001_R2_001.fastq.gz,data/sequencing/210113_M05588_0364_000000000-JGMP7/VSP0580-2_S3_L001_R2_001.fastq.gz

Tue Jan 19 16:51:14 2021 (summaries/VSPdata/VSP0580-1.experiment.RData) /home/opt/R-3.4.0/bin/Rscript assemble.R --outputFile summaries/VSPdata/VSP0580-1.experiment.RData --R1 data/sequencing/210112_M03249_0141_000000000-JFP4J/VSP0580-1_S3_L001_R1_001.fastq.gz --R2 data/sequencing/210112_M03249_0141_000000000-JFP4J/VSP0580-1_S3_L001_R2_001.fastq.gz

Tue Jan 19 16:51:48 2021 (summaries/VSPdata/VSP0580-2.experiment.RData) /home/opt/R-3.4.0/bin/Rscript assemble.R --outputFile summaries/VSPdata/VSP0580-2.experiment.RData --R1 data/sequencing/210113_M05588_0364_000000000-JGMP7/VSP0580-2_S3_L001_R1_001.fastq.gz --R2 data/sequencing/210113_M05588_0364_000000000-JGMP7/VSP0580-2_S3_L001_R2_001.fastq.gz

Completed VSP0580

Starting VSP0581 with 2 seq experiments.
Tue Jan 19 16:55:44 2021 (summaries/VSPdata/VSP0581.composite.RData) /home/opt/R-3.4.0/bin/Rscript assemble.R --outputFile summaries/VSPdata/VSP0581.composite.RData --R1 data/sequencing/210112_M03249_0141_000000000-JFP4J/VSP0581-1_S4_L001_R1_001.fastq.gz,data/sequencing/210113_M05588_0364_000000000-JGMP7/VSP0581-2_S4_L001_R1_001.fastq.gz --R2 data/sequencing/210112_M03249_0141_000000000-JFP4J/VSP0581-1_S4_L001_R2_001.fastq.gz,data/sequencing/210113_M05588_0364_000000000-JGMP7/VSP0581-2_S4_L001_R2_001.fastq.gz

Tue Jan 19 16:56:28 2021 (summaries/VSPdata/VSP0581-1.experiment.RData) /home/opt/R-3.4.0/bin/Rscript assemble.R --outputFile summaries/VSPdata/VSP0581-1.experiment.RData --R1 data/sequencing/210112_M03249_0141_000000000-JFP4J/VSP0581-1_S4_L001_R1_001.fastq.gz --R2 data/sequencing/210112_M03249_0141_000000000-JFP4J/VSP0581-1_S4_L001_R2_001.fastq.gz

Tue Jan 19 16:56:48 2021 (summaries/VSPdata/VSP0581-2.experiment.RData) /home/opt/R-3.4.0/bin/Rscript assemble.R --outputFile summaries/VSPdata/VSP0581-2.experiment.RData --R1 data/sequencing/210113_M05588_0364_000000000-JGMP7/VSP0581-2_S4_L001_R1_001.fastq.gz --R2 data/sequencing/210113_M05588_0364_000000000-JGMP7/VSP0581-2_S4_L001_R2_001.fastq.gz

Completed VSP0581

