Mon Mar  1 19:09:05 2021
Starting VSP0646 with 1 seq experiments.
Mon Mar  1 19:09:05 2021 (summaries/VSPdata/VSP0646-1.experiment.RData) /home/opt/R-3.4.0/bin/Rscript assemble.R --outputFile summaries/VSPdata/VSP0646-1.experiment.RData --R1 data/sequencing/210129_M00281_0672_000000000-JHLHC/VSP0646-1_S11_L001_R1_001.fastq.gz --R2 data/sequencing/210129_M00281_0672_000000000-JHLHC/VSP0646-1_S11_L001_R2_001.fastq.gz

Completed VSP0646

Starting VSP0647 with 1 seq experiments.
Mon Mar  1 19:13:25 2021 (summaries/VSPdata/VSP0647-1.experiment.RData) /home/opt/R-3.4.0/bin/Rscript assemble.R --outputFile summaries/VSPdata/VSP0647-1.experiment.RData --R1 data/sequencing/210129_M00281_0672_000000000-JHLHC/VSP0647-1_S12_L001_R1_001.fastq.gz --R2 data/sequencing/210129_M00281_0672_000000000-JHLHC/VSP0647-1_S12_L001_R2_001.fastq.gz

Completed VSP0647

Starting VSP0648 with 1 seq experiments.
Mon Mar  1 19:19:33 2021 (summaries/VSPdata/VSP0648-1.experiment.RData) /home/opt/R-3.4.0/bin/Rscript assemble.R --outputFile summaries/VSPdata/VSP0648-1.experiment.RData --R1 data/sequencing/210129_M00281_0672_000000000-JHLHC/VSP0648-1_S13_L001_R1_001.fastq.gz --R2 data/sequencing/210129_M00281_0672_000000000-JHLHC/VSP0648-1_S13_L001_R2_001.fastq.gz

Completed VSP0648

Starting VSP0649 with 1 seq experiments.
Mon Mar  1 19:24:10 2021 (summaries/VSPdata/VSP0649-1.experiment.RData) /home/opt/R-3.4.0/bin/Rscript assemble.R --outputFile summaries/VSPdata/VSP0649-1.experiment.RData --R1 data/sequencing/210129_M00281_0672_000000000-JHLHC/VSP0649-1_S14_L001_R1_001.fastq.gz --R2 data/sequencing/210129_M00281_0672_000000000-JHLHC/VSP0649-1_S14_L001_R2_001.fastq.gz

Completed VSP0649

Starting VSP0650 with 1 seq experiments.
Mon Mar  1 19:29:29 2021 (summaries/VSPdata/VSP0650-1.experiment.RData) /home/opt/R-3.4.0/bin/Rscript assemble.R --outputFile summaries/VSPdata/VSP0650-1.experiment.RData --R1 data/sequencing/210129_M00281_0672_000000000-JHLHC/VSP0650-1_S15_L001_R1_001.fastq.gz --R2 data/sequencing/210129_M00281_0672_000000000-JHLHC/VSP0650-1_S15_L001_R2_001.fastq.gz

Completed VSP0650

Starting VSP0651 with 1 seq experiments.
Mon Mar  1 19:35:02 2021 (summaries/VSPdata/VSP0651-1.experiment.RData) /home/opt/R-3.4.0/bin/Rscript assemble.R --outputFile summaries/VSPdata/VSP0651-1.experiment.RData --R1 data/sequencing/210129_M00281_0672_000000000-JHLHC/VSP0651-1_S16_L001_R1_001.fastq.gz --R2 data/sequencing/210129_M00281_0672_000000000-JHLHC/VSP0651-1_S16_L001_R2_001.fastq.gz

Completed VSP0651

Starting VSP9972 with 1 seq experiments.
Mon Mar  1 19:41:27 2021 (summaries/VSPdata/VSP9972-1.experiment.RData) /home/opt/R-3.4.0/bin/Rscript assemble.R --outputFile summaries/VSPdata/VSP9972-1.experiment.RData --R1 data/sequencing/210129_M00281_0672_000000000-JHLHC/VSP9972-1_S17_L001_R1_001.fastq.gz --R2 data/sequencing/210129_M00281_0672_000000000-JHLHC/VSP9972-1_S17_L001_R2_001.fastq.gz

Completed VSP9972

Starting VSP0517 with 2 seq experiments.
Mon Mar  1 19:42:11 2021 (summaries/VSPdata/VSP0517.composite.RData) /home/opt/R-3.4.0/bin/Rscript assemble.R --outputFile summaries/VSPdata/VSP0517.composite.RData --R1 data/sequencing/210130_M03249_0150_000000000-JHV54/VSP0517-1_S1_L001_R1_001.fastq.gz,data/sequencing/210224_MN01490_0003_A000H3FK3N/VSP0517-2_S1_L001_R1_001.fastq.gz --R2 data/sequencing/210130_M03249_0150_000000000-JHV54/VSP0517-1_S1_L001_R2_001.fastq.gz,data/sequencing/210224_MN01490_0003_A000H3FK3N/VSP0517-2_S1_L001_R2_001.fastq.gz

Mon Mar  1 19:57:11 2021 (summaries/VSPdata/VSP0517-1.experiment.RData) /home/opt/R-3.4.0/bin/Rscript assemble.R --outputFile summaries/VSPdata/VSP0517-1.experiment.RData --R1 data/sequencing/210130_M03249_0150_000000000-JHV54/VSP0517-1_S1_L001_R1_001.fastq.gz --R2 data/sequencing/210130_M03249_0150_000000000-JHV54/VSP0517-1_S1_L001_R2_001.fastq.gz

summaries/VSPdata/VSP0517-2.experiment.RData exists -- skipping.
Completed VSP0517

Starting VSP0523 with 2 seq experiments.
Mon Mar  1 20:06:58 2021 (summaries/VSPdata/VSP0523.composite.RData) /home/opt/R-3.4.0/bin/Rscript assemble.R --outputFile summaries/VSPdata/VSP0523.composite.RData --R1 data/sequencing/210130_M03249_0150_000000000-JHV54/VSP0523-1_S2_L001_R1_001.fastq.gz,data/sequencing/210224_MN01490_0003_A000H3FK3N/VSP0523-2_S2_L001_R1_001.fastq.gz --R2 data/sequencing/210130_M03249_0150_000000000-JHV54/VSP0523-1_S2_L001_R2_001.fastq.gz,data/sequencing/210224_MN01490_0003_A000H3FK3N/VSP0523-2_S2_L001_R2_001.fastq.gz

Mon Mar  1 20:19:21 2021 (summaries/VSPdata/VSP0523-1.experiment.RData) /home/opt/R-3.4.0/bin/Rscript assemble.R --outputFile summaries/VSPdata/VSP0523-1.experiment.RData --R1 data/sequencing/210130_M03249_0150_000000000-JHV54/VSP0523-1_S2_L001_R1_001.fastq.gz --R2 data/sequencing/210130_M03249_0150_000000000-JHV54/VSP0523-1_S2_L001_R2_001.fastq.gz

summaries/VSPdata/VSP0523-2.experiment.RData exists -- skipping.
Completed VSP0523

Starting VSP0550 with 2 seq experiments.
Mon Mar  1 20:27:13 2021 (summaries/VSPdata/VSP0550.composite.RData) /home/opt/R-3.4.0/bin/Rscript assemble.R --outputFile summaries/VSPdata/VSP0550.composite.RData --R1 data/sequencing/210130_M03249_0150_000000000-JHV54/VSP0550-1_S3_L001_R1_001.fastq.gz,data/sequencing/210224_MN01490_0003_A000H3FK3N/VSP0550-2_S3_L001_R1_001.fastq.gz --R2 data/sequencing/210130_M03249_0150_000000000-JHV54/VSP0550-1_S3_L001_R2_001.fastq.gz,data/sequencing/210224_MN01490_0003_A000H3FK3N/VSP0550-2_S3_L001_R2_001.fastq.gz

Mon Mar  1 20:49:01 2021 (summaries/VSPdata/VSP0550-1.experiment.RData) /home/opt/R-3.4.0/bin/Rscript assemble.R --outputFile summaries/VSPdata/VSP0550-1.experiment.RData --R1 data/sequencing/210130_M03249_0150_000000000-JHV54/VSP0550-1_S3_L001_R1_001.fastq.gz --R2 data/sequencing/210130_M03249_0150_000000000-JHV54/VSP0550-1_S3_L001_R2_001.fastq.gz

summaries/VSPdata/VSP0550-2.experiment.RData exists -- skipping.
Completed VSP0550

