Mon Feb  1 23:39:03 2021
Starting VSP0622 with 1 seq experiments.
Mon Feb  1 23:39:03 2021 (summaries/VSPdata/VSP0622-1.experiment.RData) /home/opt/R-3.4.0/bin/Rscript assemble.R --outputFile summaries/VSPdata/VSP0622-1.experiment.RData --R1 data/sequencing/210130_M03249_0150_000000000-JHV54/VSP0622-1_S6_L001_R1_001.fastq.gz --R2 data/sequencing/210130_M03249_0150_000000000-JHV54/VSP0622-1_S6_L001_R2_001.fastq.gz

Completed VSP0622

Starting VSP0623 with 1 seq experiments.
Mon Feb  1 23:46:32 2021 (summaries/VSPdata/VSP0623-1.experiment.RData) /home/opt/R-3.4.0/bin/Rscript assemble.R --outputFile summaries/VSPdata/VSP0623-1.experiment.RData --R1 data/sequencing/210130_M03249_0150_000000000-JHV54/VSP0623-1_S7_L001_R1_001.fastq.gz --R2 data/sequencing/210130_M03249_0150_000000000-JHV54/VSP0623-1_S7_L001_R2_001.fastq.gz

Completed VSP0623

Starting VSP0624 with 1 seq experiments.
Mon Feb  1 23:52:59 2021 (summaries/VSPdata/VSP0624-1.experiment.RData) /home/opt/R-3.4.0/bin/Rscript assemble.R --outputFile summaries/VSPdata/VSP0624-1.experiment.RData --R1 data/sequencing/210130_M03249_0150_000000000-JHV54/VSP0624-1_S8_L001_R1_001.fastq.gz --R2 data/sequencing/210130_M03249_0150_000000000-JHV54/VSP0624-1_S8_L001_R2_001.fastq.gz

Completed VSP0624

Starting VSP0625 with 1 seq experiments.
Mon Feb  1 23:56:39 2021 (summaries/VSPdata/VSP0625-1.experiment.RData) /home/opt/R-3.4.0/bin/Rscript assemble.R --outputFile summaries/VSPdata/VSP0625-1.experiment.RData --R1 data/sequencing/210130_M03249_0150_000000000-JHV54/VSP0625-1_S9_L001_R1_001.fastq.gz --R2 data/sequencing/210130_M03249_0150_000000000-JHV54/VSP0625-1_S9_L001_R2_001.fastq.gz

Completed VSP0625

Starting VSP9971 with 1 seq experiments.
Tue Feb  2 00:03:32 2021 (summaries/VSPdata/VSP9971-1.experiment.RData) /home/opt/R-3.4.0/bin/Rscript assemble.R --outputFile summaries/VSPdata/VSP9971-1.experiment.RData --R1 data/sequencing/210130_M03249_0150_000000000-JHV54/VSP9971-1_S11_L001_R1_001.fastq.gz --R2 data/sequencing/210130_M03249_0150_000000000-JHV54/VSP9971-1_S11_L001_R2_001.fastq.gz

Completed VSP9971

Starting VSP9977 with 1 seq experiments.
summaries/VSPdata/VSP9977-1.experiment.RData exists -- skipping.
Completed VSP9977

Starting VSP9978 with 1 seq experiments.
summaries/VSPdata/VSP9978-1.experiment.RData exists -- skipping.
Completed VSP9978

