Thu Mar 25 20:43:49 2021
Starting VSP0611 with 1 seq experiments.
summaries/VSPdata/VSP0611-1.experiment.RData exists -- skipping.
Completed VSP0611

Starting VSP0612 with 1 seq experiments.
summaries/VSPdata/VSP0612-1.experiment.RData exists -- skipping.
Completed VSP0612

Starting VSP0613 with 1 seq experiments.
summaries/VSPdata/VSP0613-1.experiment.RData exists -- skipping.
Completed VSP0613

Starting VSP0614 with 1 seq experiments.
summaries/VSPdata/VSP0614-1.experiment.RData exists -- skipping.
Completed VSP0614

Starting VSP0615 with 1 seq experiments.
summaries/VSPdata/VSP0615-1.experiment.RData exists -- skipping.
Completed VSP0615

Starting VSP0616 with 1 seq experiments.
summaries/VSPdata/VSP0616-1.experiment.RData exists -- skipping.
Completed VSP0616

Starting VSP0617 with 1 seq experiments.
summaries/VSPdata/VSP0617-1.experiment.RData exists -- skipping.
Completed VSP0617

Starting VSP9973 with 1 seq experiments.
summaries/VSPdata/VSP9973-1.experiment.RData exists -- skipping.
Completed VSP9973

Starting VSP0626 with 3 seq experiments.
summaries/VSPdata/VSP0626.composite.RData exists -- skipping.
summaries/VSPdata/VSP0626-1.experiment.RData exists -- skipping.
summaries/VSPdata/VSP0626-2.experiment.RData exists -- skipping.
summaries/VSPdata/VSP0626-3.experiment.RData exists -- skipping.
Completed VSP0626

Starting VSP0637 with 1 seq experiments.
summaries/VSPdata/VSP0637-1.experiment.RData exists -- skipping.
Completed VSP0637

Starting VSP0638 with 1 seq experiments.
summaries/VSPdata/VSP0638-1.experiment.RData exists -- skipping.
Completed VSP0638

Starting VSP0639 with 1 seq experiments.
summaries/VSPdata/VSP0639-1.experiment.RData exists -- skipping.
Completed VSP0639

Starting VSP0640 with 1 seq experiments.
summaries/VSPdata/VSP0640-1.experiment.RData exists -- skipping.
Completed VSP0640

Starting VSP0641 with 1 seq experiments.
summaries/VSPdata/VSP0641-1.experiment.RData exists -- skipping.
Completed VSP0641

