Tue Jan 26 20:12:25 2021
Starting VSP9996 with 1 seq experiments.
Tue Jan 26 20:12:25 2021 (summaries/VSPdata/VSP9996-1.experiment.RData) /home/opt/R-3.4.0/bin/Rscript assemble.R --outputFile summaries/VSPdata/VSP9996-1.experiment.RData --R1 data/sequencing/200720_M03249_0076_000000000-J78FF/VSP9996-1_S16_L001_R1_001.fastq.gz --R2 data/sequencing/200720_M03249_0076_000000000-J78FF/VSP9996-1_S16_L001_R2_001.fastq.gz

Completed VSP9996

Starting VSP0065 with 2 seq experiments.
Tue Jan 26 20:12:53 2021 (summaries/VSPdata/VSP0065.composite.RData) /home/opt/R-3.4.0/bin/Rscript assemble.R --outputFile summaries/VSPdata/VSP0065.composite.RData --R1 data/sequencing/200725_M03249_0079_000000000-J2J3B/VSP0065-1_S3_L001_R1_001.fastq.gz,data/sequencing/200824_M03249_0087_000000000-JB8CJ/VSP0065-2_S8_L001_R1_001.fastq.gz --R2 data/sequencing/200725_M03249_0079_000000000-J2J3B/VSP0065-1_S3_L001_R2_001.fastq.gz,data/sequencing/200824_M03249_0087_000000000-JB8CJ/VSP0065-2_S8_L001_R2_001.fastq.gz

Tue Jan 26 20:23:52 2021 (summaries/VSPdata/VSP0065-1.experiment.RData) /home/opt/R-3.4.0/bin/Rscript assemble.R --outputFile summaries/VSPdata/VSP0065-1.experiment.RData --R1 data/sequencing/200725_M03249_0079_000000000-J2J3B/VSP0065-1_S3_L001_R1_001.fastq.gz --R2 data/sequencing/200725_M03249_0079_000000000-J2J3B/VSP0065-1_S3_L001_R2_001.fastq.gz

Tue Jan 26 20:32:42 2021 (summaries/VSPdata/VSP0065-2.experiment.RData) /home/opt/R-3.4.0/bin/Rscript assemble.R --outputFile summaries/VSPdata/VSP0065-2.experiment.RData --R1 data/sequencing/200824_M03249_0087_000000000-JB8CJ/VSP0065-2_S8_L001_R1_001.fastq.gz --R2 data/sequencing/200824_M03249_0087_000000000-JB8CJ/VSP0065-2_S8_L001_R2_001.fastq.gz

Completed VSP0065

Starting VSP0080 with 1 seq experiments.
Tue Jan 26 20:37:26 2021 (summaries/VSPdata/VSP0080-1.experiment.RData) /home/opt/R-3.4.0/bin/Rscript assemble.R --outputFile summaries/VSPdata/VSP0080-1.experiment.RData --R1 data/sequencing/200725_M03249_0079_000000000-J2J3B/VSP0080-1_S5_L001_R1_001.fastq.gz --R2 data/sequencing/200725_M03249_0079_000000000-J2J3B/VSP0080-1_S5_L001_R2_001.fastq.gz

Completed VSP0080

Starting VSP0088 with 1 seq experiments.
Tue Jan 26 20:46:05 2021 (summaries/VSPdata/VSP0088-1.experiment.RData) /home/opt/R-3.4.0/bin/Rscript assemble.R --outputFile summaries/VSPdata/VSP0088-1.experiment.RData --R1 data/sequencing/200725_M03249_0079_000000000-J2J3B/VSP0088-1_S1_L001_R1_001.fastq.gz --R2 data/sequencing/200725_M03249_0079_000000000-J2J3B/VSP0088-1_S1_L001_R2_001.fastq.gz

Completed VSP0088

Starting VSP0089 with 2 seq experiments.
Tue Jan 26 20:52:06 2021 (summaries/VSPdata/VSP0089.composite.RData) /home/opt/R-3.4.0/bin/Rscript assemble.R --outputFile summaries/VSPdata/VSP0089.composite.RData --R1 data/sequencing/200725_M03249_0079_000000000-J2J3B/VSP0089-1_S2_L001_R1_001.fastq.gz,data/sequencing/200824_M03249_0087_000000000-JB8CJ/VSP0089-2_S9_L001_R1_001.fastq.gz --R2 data/sequencing/200725_M03249_0079_000000000-J2J3B/VSP0089-1_S2_L001_R2_001.fastq.gz,data/sequencing/200824_M03249_0087_000000000-JB8CJ/VSP0089-2_S9_L001_R2_001.fastq.gz

Tue Jan 26 20:58:52 2021 (summaries/VSPdata/VSP0089-1.experiment.RData) /home/opt/R-3.4.0/bin/Rscript assemble.R --outputFile summaries/VSPdata/VSP0089-1.experiment.RData --R1 data/sequencing/200725_M03249_0079_000000000-J2J3B/VSP0089-1_S2_L001_R1_001.fastq.gz --R2 data/sequencing/200725_M03249_0079_000000000-J2J3B/VSP0089-1_S2_L001_R2_001.fastq.gz

Tue Jan 26 21:04:01 2021 (summaries/VSPdata/VSP0089-2.experiment.RData) /home/opt/R-3.4.0/bin/Rscript assemble.R --outputFile summaries/VSPdata/VSP0089-2.experiment.RData --R1 data/sequencing/200824_M03249_0087_000000000-JB8CJ/VSP0089-2_S9_L001_R1_001.fastq.gz --R2 data/sequencing/200824_M03249_0087_000000000-JB8CJ/VSP0089-2_S9_L001_R2_001.fastq.gz

Completed VSP0089

