Tue Sep  1 16:31:44 2020
Starting VSP0046 with 1 seq experiments.
Tue Sep  1 16:31:44 2020 (summaries/VSPdata/VSP0046-1.experiment.RData) /home/opt/R-3.4.0/bin/Rscript assemble.R --outputFile summaries/VSPdata/VSP0046-1.experiment.RData --R1 data/sequencing/200613_M03249_0068_000000000-J37GK/VSP0046-1_S6_L001_R1_001.fastq.gz --R2 data/sequencing/200613_M03249_0068_000000000-J37GK/VSP0046-1_S6_L001_R2_001.fastq.gz

Completed VSP0046

Starting VSP0050 with 4 seq experiments.
Tue Sep  1 16:39:41 2020 (summaries/VSPdata/VSP0050.composite.RData) /home/opt/R-3.4.0/bin/Rscript assemble.R --outputFile summaries/VSPdata/VSP0050.composite.RData --R1 data/sequencing/200613_M03249_0068_000000000-J37GK/VSP0050-1_S4_L001_R1_001.fastq.gz,data/sequencing/200703_M03249_0072_000000000-J77FG/VSP0050-2_S1_L001_R1_001.fastq.gz,data/sequencing/200703_M03249_0072_000000000-J77FG/VSP0050-3_S2_L001_R1_001.fastq.gz,data/sequencing/200703_M03249_0072_000000000-J77FG/VSP0050-4_S3_L001_R1_001.fastq.gz --R2 data/sequencing/200613_M03249_0068_000000000-J37GK/VSP0050-1_S4_L001_R2_001.fastq.gz,data/sequencing/200703_M03249_0072_000000000-J77FG/VSP0050-2_S1_L001_R2_001.fastq.gz,data/sequencing/200703_M03249_0072_000000000-J77FG/VSP0050-3_S2_L001_R2_001.fastq.gz,data/sequencing/200703_M03249_0072_000000000-J77FG/VSP0050-4_S3_L001_R2_001.fastq.gz

Tue Sep  1 16:55:35 2020 (summaries/VSPdata/VSP0050-1.experiment.RData) /home/opt/R-3.4.0/bin/Rscript assemble.R --outputFile summaries/VSPdata/VSP0050-1.experiment.RData --R1 data/sequencing/200613_M03249_0068_000000000-J37GK/VSP0050-1_S4_L001_R1_001.fastq.gz --R2 data/sequencing/200613_M03249_0068_000000000-J37GK/VSP0050-1_S4_L001_R2_001.fastq.gz

Tue Sep  1 16:59:23 2020 (summaries/VSPdata/VSP0050-2.experiment.RData) /home/opt/R-3.4.0/bin/Rscript assemble.R --outputFile summaries/VSPdata/VSP0050-2.experiment.RData --R1 data/sequencing/200703_M03249_0072_000000000-J77FG/VSP0050-2_S1_L001_R1_001.fastq.gz --R2 data/sequencing/200703_M03249_0072_000000000-J77FG/VSP0050-2_S1_L001_R2_001.fastq.gz

Tue Sep  1 17:02:57 2020 (summaries/VSPdata/VSP0050-3.experiment.RData) /home/opt/R-3.4.0/bin/Rscript assemble.R --outputFile summaries/VSPdata/VSP0050-3.experiment.RData --R1 data/sequencing/200703_M03249_0072_000000000-J77FG/VSP0050-3_S2_L001_R1_001.fastq.gz --R2 data/sequencing/200703_M03249_0072_000000000-J77FG/VSP0050-3_S2_L001_R2_001.fastq.gz

Tue Sep  1 17:06:57 2020 (summaries/VSPdata/VSP0050-4.experiment.RData) /home/opt/R-3.4.0/bin/Rscript assemble.R --outputFile summaries/VSPdata/VSP0050-4.experiment.RData --R1 data/sequencing/200703_M03249_0072_000000000-J77FG/VSP0050-4_S3_L001_R1_001.fastq.gz --R2 data/sequencing/200703_M03249_0072_000000000-J77FG/VSP0050-4_S3_L001_R2_001.fastq.gz

Completed VSP0050

Starting VSP0061 with 4 seq experiments.
Tue Sep  1 17:10:21 2020 (summaries/VSPdata/VSP0061.composite.RData) /home/opt/R-3.4.0/bin/Rscript assemble.R --outputFile summaries/VSPdata/VSP0061.composite.RData --R1 data/sequencing/200613_M03249_0068_000000000-J37GK/VSP0061-1_S3_L001_R1_001.fastq.gz,data/sequencing/200703_M03249_0072_000000000-J77FG/VSP0061-2_S4_L001_R1_001.fastq.gz,data/sequencing/200703_M03249_0072_000000000-J77FG/VSP0061-3_S5_L001_R1_001.fastq.gz,data/sequencing/200703_M03249_0072_000000000-J77FG/VSP0061-4_S6_L001_R1_001.fastq.gz --R2 data/sequencing/200613_M03249_0068_000000000-J37GK/VSP0061-1_S3_L001_R2_001.fastq.gz,data/sequencing/200703_M03249_0072_000000000-J77FG/VSP0061-2_S4_L001_R2_001.fastq.gz,data/sequencing/200703_M03249_0072_000000000-J77FG/VSP0061-3_S5_L001_R2_001.fastq.gz,data/sequencing/200703_M03249_0072_000000000-J77FG/VSP0061-4_S6_L001_R2_001.fastq.gz

Tue Sep  1 17:19:43 2020 (summaries/VSPdata/VSP0061-1.experiment.RData) /home/opt/R-3.4.0/bin/Rscript assemble.R --outputFile summaries/VSPdata/VSP0061-1.experiment.RData --R1 data/sequencing/200613_M03249_0068_000000000-J37GK/VSP0061-1_S3_L001_R1_001.fastq.gz --R2 data/sequencing/200613_M03249_0068_000000000-J37GK/VSP0061-1_S3_L001_R2_001.fastq.gz

Tue Sep  1 17:20:16 2020 (summaries/VSPdata/VSP0061-2.experiment.RData) /home/opt/R-3.4.0/bin/Rscript assemble.R --outputFile summaries/VSPdata/VSP0061-2.experiment.RData --R1 data/sequencing/200703_M03249_0072_000000000-J77FG/VSP0061-2_S4_L001_R1_001.fastq.gz --R2 data/sequencing/200703_M03249_0072_000000000-J77FG/VSP0061-2_S4_L001_R2_001.fastq.gz

Tue Sep  1 17:24:13 2020 (summaries/VSPdata/VSP0061-3.experiment.RData) /home/opt/R-3.4.0/bin/Rscript assemble.R --outputFile summaries/VSPdata/VSP0061-3.experiment.RData --R1 data/sequencing/200703_M03249_0072_000000000-J77FG/VSP0061-3_S5_L001_R1_001.fastq.gz --R2 data/sequencing/200703_M03249_0072_000000000-J77FG/VSP0061-3_S5_L001_R2_001.fastq.gz

Tue Sep  1 17:26:47 2020 (summaries/VSPdata/VSP0061-4.experiment.RData) /home/opt/R-3.4.0/bin/Rscript assemble.R --outputFile summaries/VSPdata/VSP0061-4.experiment.RData --R1 data/sequencing/200703_M03249_0072_000000000-J77FG/VSP0061-4_S6_L001_R1_001.fastq.gz --R2 data/sequencing/200703_M03249_0072_000000000-J77FG/VSP0061-4_S6_L001_R2_001.fastq.gz

Completed VSP0061

Starting VSP0069 with 3 seq experiments.
Tue Sep  1 17:29:20 2020 (summaries/VSPdata/VSP0069.composite.RData) /home/opt/R-3.4.0/bin/Rscript assemble.R --outputFile summaries/VSPdata/VSP0069.composite.RData --R1 data/sequencing/200613_M03249_0068_000000000-J37GK/VSP0069-1_S10_L001_R1_001.fastq.gz,data/sequencing/200713_M03249_0074_000000000-J77FR/VSP0069-2_S3_L001_R1_001.fastq.gz,data/sequencing/200824_M03249_0087_000000000-JB8CJ/VSP0069-3_S3_L001_R1_001.fastq.gz --R2 data/sequencing/200613_M03249_0068_000000000-J37GK/VSP0069-1_S10_L001_R2_001.fastq.gz,data/sequencing/200713_M03249_0074_000000000-J77FR/VSP0069-2_S3_L001_R2_001.fastq.gz,data/sequencing/200824_M03249_0087_000000000-JB8CJ/VSP0069-3_S3_L001_R2_001.fastq.gz

Tue Sep  1 17:40:13 2020 (summaries/VSPdata/VSP0069-1.experiment.RData) /home/opt/R-3.4.0/bin/Rscript assemble.R --outputFile summaries/VSPdata/VSP0069-1.experiment.RData --R1 data/sequencing/200613_M03249_0068_000000000-J37GK/VSP0069-1_S10_L001_R1_001.fastq.gz --R2 data/sequencing/200613_M03249_0068_000000000-J37GK/VSP0069-1_S10_L001_R2_001.fastq.gz

Tue Sep  1 17:42:53 2020 (summaries/VSPdata/VSP0069-2.experiment.RData) /home/opt/R-3.4.0/bin/Rscript assemble.R --outputFile summaries/VSPdata/VSP0069-2.experiment.RData --R1 data/sequencing/200713_M03249_0074_000000000-J77FR/VSP0069-2_S3_L001_R1_001.fastq.gz --R2 data/sequencing/200713_M03249_0074_000000000-J77FR/VSP0069-2_S3_L001_R2_001.fastq.gz

Tue Sep  1 17:45:57 2020 (summaries/VSPdata/VSP0069-3.experiment.RData) /home/opt/R-3.4.0/bin/Rscript assemble.R --outputFile summaries/VSPdata/VSP0069-3.experiment.RData --R1 data/sequencing/200824_M03249_0087_000000000-JB8CJ/VSP0069-3_S3_L001_R1_001.fastq.gz --R2 data/sequencing/200824_M03249_0087_000000000-JB8CJ/VSP0069-3_S3_L001_R2_001.fastq.gz

Completed VSP0069

