Sun Jan 31 13:05:23 2021
Starting VSP0617 with 1 seq experiments.
summaries/VSPdata/VSP0617-1.experiment.RData exists -- skipping.
Completed VSP0617

Starting VSP9973 with 1 seq experiments.
summaries/VSPdata/VSP9973-1.experiment.RData exists -- skipping.
Completed VSP9973

Starting VSP0626 with 1 seq experiments.
Sun Jan 31 13:05:23 2021 (summaries/VSPdata/VSP0626-1.experiment.RData) /home/opt/R-3.4.0/bin/Rscript assemble.R --outputFile summaries/VSPdata/VSP0626-1.experiment.RData --R1 data/sequencing/210129_M00281_0672_000000000-JHLHC/VSP0626-1_S1_L001_R1_001.fastq.gz --R2 data/sequencing/210129_M00281_0672_000000000-JHLHC/VSP0626-1_S1_L001_R2_001.fastq.gz

Completed VSP0626

Starting VSP0637 with 1 seq experiments.
Sun Jan 31 13:08:26 2021 (summaries/VSPdata/VSP0637-1.experiment.RData) /home/opt/R-3.4.0/bin/Rscript assemble.R --outputFile summaries/VSPdata/VSP0637-1.experiment.RData --R1 data/sequencing/210129_M00281_0672_000000000-JHLHC/VSP0637-1_S2_L001_R1_001.fastq.gz --R2 data/sequencing/210129_M00281_0672_000000000-JHLHC/VSP0637-1_S2_L001_R2_001.fastq.gz

Completed VSP0637

Starting VSP0638 with 1 seq experiments.
Sun Jan 31 13:09:55 2021 (summaries/VSPdata/VSP0638-1.experiment.RData) /home/opt/R-3.4.0/bin/Rscript assemble.R --outputFile summaries/VSPdata/VSP0638-1.experiment.RData --R1 data/sequencing/210129_M00281_0672_000000000-JHLHC/VSP0638-1_S3_L001_R1_001.fastq.gz --R2 data/sequencing/210129_M00281_0672_000000000-JHLHC/VSP0638-1_S3_L001_R2_001.fastq.gz

Completed VSP0638

Starting VSP0639 with 1 seq experiments.
Sun Jan 31 13:11:23 2021 (summaries/VSPdata/VSP0639-1.experiment.RData) /home/opt/R-3.4.0/bin/Rscript assemble.R --outputFile summaries/VSPdata/VSP0639-1.experiment.RData --R1 data/sequencing/210129_M00281_0672_000000000-JHLHC/VSP0639-1_S4_L001_R1_001.fastq.gz --R2 data/sequencing/210129_M00281_0672_000000000-JHLHC/VSP0639-1_S4_L001_R2_001.fastq.gz

Completed VSP0639

Starting VSP0640 with 1 seq experiments.
Sun Jan 31 13:14:21 2021 (summaries/VSPdata/VSP0640-1.experiment.RData) /home/opt/R-3.4.0/bin/Rscript assemble.R --outputFile summaries/VSPdata/VSP0640-1.experiment.RData --R1 data/sequencing/210129_M00281_0672_000000000-JHLHC/VSP0640-1_S5_L001_R1_001.fastq.gz --R2 data/sequencing/210129_M00281_0672_000000000-JHLHC/VSP0640-1_S5_L001_R2_001.fastq.gz

Completed VSP0640

