Mon Mar  1 19:09:05 2021
Starting VSP0774 with 2 seq experiments.
Mon Mar  1 19:09:05 2021 (summaries/VSPdata/VSP0774.composite.RData) /home/opt/R-3.4.0/bin/Rscript assemble.R --outputFile summaries/VSPdata/VSP0774.composite.RData --R1 data/sequencing/210210_M03249_0156_000000000-JHTN3/VSP0774-1_S6_L001_R1_001.fastq.gz,data/sequencing/210224_M03249_0161_000000000-JHTJ7/VSP0774-2_S6_L001_R1_001.fastq.gz --R2 data/sequencing/210210_M03249_0156_000000000-JHTN3/VSP0774-1_S6_L001_R2_001.fastq.gz,data/sequencing/210224_M03249_0161_000000000-JHTJ7/VSP0774-2_S6_L001_R2_001.fastq.gz

Mon Mar  1 19:20:57 2021 (summaries/VSPdata/VSP0774-1.experiment.RData) /home/opt/R-3.4.0/bin/Rscript assemble.R --outputFile summaries/VSPdata/VSP0774-1.experiment.RData --R1 data/sequencing/210210_M03249_0156_000000000-JHTN3/VSP0774-1_S6_L001_R1_001.fastq.gz --R2 data/sequencing/210210_M03249_0156_000000000-JHTN3/VSP0774-1_S6_L001_R2_001.fastq.gz

Mon Mar  1 19:31:58 2021 (summaries/VSPdata/VSP0774-2.experiment.RData) /home/opt/R-3.4.0/bin/Rscript assemble.R --outputFile summaries/VSPdata/VSP0774-2.experiment.RData --R1 data/sequencing/210224_M03249_0161_000000000-JHTJ7/VSP0774-2_S6_L001_R1_001.fastq.gz --R2 data/sequencing/210224_M03249_0161_000000000-JHTJ7/VSP0774-2_S6_L001_R2_001.fastq.gz

Completed VSP0774

Starting VSP0775 with 2 seq experiments.
Mon Mar  1 19:34:03 2021 (summaries/VSPdata/VSP0775.composite.RData) /home/opt/R-3.4.0/bin/Rscript assemble.R --outputFile summaries/VSPdata/VSP0775.composite.RData --R1 data/sequencing/210210_M03249_0156_000000000-JHTN3/VSP0775-1_S7_L001_R1_001.fastq.gz,data/sequencing/210224_M03249_0161_000000000-JHTJ7/VSP0775-2_S7_L001_R1_001.fastq.gz --R2 data/sequencing/210210_M03249_0156_000000000-JHTN3/VSP0775-1_S7_L001_R2_001.fastq.gz,data/sequencing/210224_M03249_0161_000000000-JHTJ7/VSP0775-2_S7_L001_R2_001.fastq.gz

Mon Mar  1 19:46:23 2021 (summaries/VSPdata/VSP0775-1.experiment.RData) /home/opt/R-3.4.0/bin/Rscript assemble.R --outputFile summaries/VSPdata/VSP0775-1.experiment.RData --R1 data/sequencing/210210_M03249_0156_000000000-JHTN3/VSP0775-1_S7_L001_R1_001.fastq.gz --R2 data/sequencing/210210_M03249_0156_000000000-JHTN3/VSP0775-1_S7_L001_R2_001.fastq.gz

Mon Mar  1 19:58:13 2021 (summaries/VSPdata/VSP0775-2.experiment.RData) /home/opt/R-3.4.0/bin/Rscript assemble.R --outputFile summaries/VSPdata/VSP0775-2.experiment.RData --R1 data/sequencing/210224_M03249_0161_000000000-JHTJ7/VSP0775-2_S7_L001_R1_001.fastq.gz --R2 data/sequencing/210224_M03249_0161_000000000-JHTJ7/VSP0775-2_S7_L001_R2_001.fastq.gz

Completed VSP0775

Starting VSP0776 with 2 seq experiments.
Mon Mar  1 19:59:15 2021 (summaries/VSPdata/VSP0776.composite.RData) /home/opt/R-3.4.0/bin/Rscript assemble.R --outputFile summaries/VSPdata/VSP0776.composite.RData --R1 data/sequencing/210210_M03249_0156_000000000-JHTN3/VSP0776-1_S8_L001_R1_001.fastq.gz,data/sequencing/210224_M03249_0161_000000000-JHTJ7/VSP0776-2_S8_L001_R1_001.fastq.gz --R2 data/sequencing/210210_M03249_0156_000000000-JHTN3/VSP0776-1_S8_L001_R2_001.fastq.gz,data/sequencing/210224_M03249_0161_000000000-JHTJ7/VSP0776-2_S8_L001_R2_001.fastq.gz

Mon Mar  1 20:04:25 2021 (summaries/VSPdata/VSP0776-1.experiment.RData) /home/opt/R-3.4.0/bin/Rscript assemble.R --outputFile summaries/VSPdata/VSP0776-1.experiment.RData --R1 data/sequencing/210210_M03249_0156_000000000-JHTN3/VSP0776-1_S8_L001_R1_001.fastq.gz --R2 data/sequencing/210210_M03249_0156_000000000-JHTN3/VSP0776-1_S8_L001_R2_001.fastq.gz

Mon Mar  1 20:08:11 2021 (summaries/VSPdata/VSP0776-2.experiment.RData) /home/opt/R-3.4.0/bin/Rscript assemble.R --outputFile summaries/VSPdata/VSP0776-2.experiment.RData --R1 data/sequencing/210224_M03249_0161_000000000-JHTJ7/VSP0776-2_S8_L001_R1_001.fastq.gz --R2 data/sequencing/210224_M03249_0161_000000000-JHTJ7/VSP0776-2_S8_L001_R2_001.fastq.gz

Completed VSP0776

Starting VSP0777 with 2 seq experiments.
Mon Mar  1 20:09:01 2021 (summaries/VSPdata/VSP0777.composite.RData) /home/opt/R-3.4.0/bin/Rscript assemble.R --outputFile summaries/VSPdata/VSP0777.composite.RData --R1 data/sequencing/210210_M03249_0156_000000000-JHTN3/VSP0777-1_S9_L001_R1_001.fastq.gz,data/sequencing/210224_M03249_0161_000000000-JHTJ7/VSP0777-2_S9_L001_R1_001.fastq.gz --R2 data/sequencing/210210_M03249_0156_000000000-JHTN3/VSP0777-1_S9_L001_R2_001.fastq.gz,data/sequencing/210224_M03249_0161_000000000-JHTJ7/VSP0777-2_S9_L001_R2_001.fastq.gz

Mon Mar  1 20:13:53 2021 (summaries/VSPdata/VSP0777-1.experiment.RData) /home/opt/R-3.4.0/bin/Rscript assemble.R --outputFile summaries/VSPdata/VSP0777-1.experiment.RData --R1 data/sequencing/210210_M03249_0156_000000000-JHTN3/VSP0777-1_S9_L001_R1_001.fastq.gz --R2 data/sequencing/210210_M03249_0156_000000000-JHTN3/VSP0777-1_S9_L001_R2_001.fastq.gz

Mon Mar  1 20:17:46 2021 (summaries/VSPdata/VSP0777-2.experiment.RData) /home/opt/R-3.4.0/bin/Rscript assemble.R --outputFile summaries/VSPdata/VSP0777-2.experiment.RData --R1 data/sequencing/210224_M03249_0161_000000000-JHTJ7/VSP0777-2_S9_L001_R1_001.fastq.gz --R2 data/sequencing/210224_M03249_0161_000000000-JHTJ7/VSP0777-2_S9_L001_R2_001.fastq.gz

Completed VSP0777

Starting VSP0778 with 2 seq experiments.
Mon Mar  1 20:18:38 2021 (summaries/VSPdata/VSP0778.composite.RData) /home/opt/R-3.4.0/bin/Rscript assemble.R --outputFile summaries/VSPdata/VSP0778.composite.RData --R1 data/sequencing/210210_M03249_0156_000000000-JHTN3/VSP0778-1_S10_L001_R1_001.fastq.gz,data/sequencing/210224_M03249_0161_000000000-JHTJ7/VSP0778-2_S10_L001_R1_001.fastq.gz --R2 data/sequencing/210210_M03249_0156_000000000-JHTN3/VSP0778-1_S10_L001_R2_001.fastq.gz,data/sequencing/210224_M03249_0161_000000000-JHTJ7/VSP0778-2_S10_L001_R2_001.fastq.gz

Mon Mar  1 20:23:01 2021 (summaries/VSPdata/VSP0778-1.experiment.RData) /home/opt/R-3.4.0/bin/Rscript assemble.R --outputFile summaries/VSPdata/VSP0778-1.experiment.RData --R1 data/sequencing/210210_M03249_0156_000000000-JHTN3/VSP0778-1_S10_L001_R1_001.fastq.gz --R2 data/sequencing/210210_M03249_0156_000000000-JHTN3/VSP0778-1_S10_L001_R2_001.fastq.gz

Mon Mar  1 20:26:51 2021 (summaries/VSPdata/VSP0778-2.experiment.RData) /home/opt/R-3.4.0/bin/Rscript assemble.R --outputFile summaries/VSPdata/VSP0778-2.experiment.RData --R1 data/sequencing/210224_M03249_0161_000000000-JHTJ7/VSP0778-2_S10_L001_R1_001.fastq.gz --R2 data/sequencing/210224_M03249_0161_000000000-JHTJ7/VSP0778-2_S10_L001_R2_001.fastq.gz

Completed VSP0778

Starting VSP0779 with 2 seq experiments.
Mon Mar  1 20:27:36 2021 (summaries/VSPdata/VSP0779.composite.RData) /home/opt/R-3.4.0/bin/Rscript assemble.R --outputFile summaries/VSPdata/VSP0779.composite.RData --R1 data/sequencing/210210_M03249_0156_000000000-JHTN3/VSP0779-1_S11_L001_R1_001.fastq.gz,data/sequencing/210224_M03249_0161_000000000-JHTJ7/VSP0779-2_S11_L001_R1_001.fastq.gz --R2 data/sequencing/210210_M03249_0156_000000000-JHTN3/VSP0779-1_S11_L001_R2_001.fastq.gz,data/sequencing/210224_M03249_0161_000000000-JHTJ7/VSP0779-2_S11_L001_R2_001.fastq.gz

Mon Mar  1 20:32:54 2021 (summaries/VSPdata/VSP0779-1.experiment.RData) /home/opt/R-3.4.0/bin/Rscript assemble.R --outputFile summaries/VSPdata/VSP0779-1.experiment.RData --R1 data/sequencing/210210_M03249_0156_000000000-JHTN3/VSP0779-1_S11_L001_R1_001.fastq.gz --R2 data/sequencing/210210_M03249_0156_000000000-JHTN3/VSP0779-1_S11_L001_R2_001.fastq.gz

Mon Mar  1 20:41:48 2021 (summaries/VSPdata/VSP0779-2.experiment.RData) /home/opt/R-3.4.0/bin/Rscript assemble.R --outputFile summaries/VSPdata/VSP0779-2.experiment.RData --R1 data/sequencing/210224_M03249_0161_000000000-JHTJ7/VSP0779-2_S11_L001_R1_001.fastq.gz --R2 data/sequencing/210224_M03249_0161_000000000-JHTJ7/VSP0779-2_S11_L001_R2_001.fastq.gz

Completed VSP0779

Starting VSP0780 with 2 seq experiments.
Mon Mar  1 20:43:34 2021 (summaries/VSPdata/VSP0780.composite.RData) /home/opt/R-3.4.0/bin/Rscript assemble.R --outputFile summaries/VSPdata/VSP0780.composite.RData --R1 data/sequencing/210210_M03249_0156_000000000-JHTN3/VSP0780-1_S12_L001_R1_001.fastq.gz,data/sequencing/210224_M03249_0161_000000000-JHTJ7/VSP0780-2_S12_L001_R1_001.fastq.gz --R2 data/sequencing/210210_M03249_0156_000000000-JHTN3/VSP0780-1_S12_L001_R2_001.fastq.gz,data/sequencing/210224_M03249_0161_000000000-JHTJ7/VSP0780-2_S12_L001_R2_001.fastq.gz

Mon Mar  1 20:48:57 2021 (summaries/VSPdata/VSP0780-1.experiment.RData) /home/opt/R-3.4.0/bin/Rscript assemble.R --outputFile summaries/VSPdata/VSP0780-1.experiment.RData --R1 data/sequencing/210210_M03249_0156_000000000-JHTN3/VSP0780-1_S12_L001_R1_001.fastq.gz --R2 data/sequencing/210210_M03249_0156_000000000-JHTN3/VSP0780-1_S12_L001_R2_001.fastq.gz

Mon Mar  1 20:52:52 2021 (summaries/VSPdata/VSP0780-2.experiment.RData) /home/opt/R-3.4.0/bin/Rscript assemble.R --outputFile summaries/VSPdata/VSP0780-2.experiment.RData --R1 data/sequencing/210224_M03249_0161_000000000-JHTJ7/VSP0780-2_S12_L001_R1_001.fastq.gz --R2 data/sequencing/210224_M03249_0161_000000000-JHTJ7/VSP0780-2_S12_L001_R2_001.fastq.gz

Completed VSP0780

Starting VSP0781 with 2 seq experiments.
Mon Mar  1 20:53:43 2021 (summaries/VSPdata/VSP0781.composite.RData) /home/opt/R-3.4.0/bin/Rscript assemble.R --outputFile summaries/VSPdata/VSP0781.composite.RData --R1 data/sequencing/210210_M03249_0156_000000000-JHTN3/VSP0781-1_S13_L001_R1_001.fastq.gz,data/sequencing/210224_M03249_0161_000000000-JHTJ7/VSP0781-2_S13_L001_R1_001.fastq.gz --R2 data/sequencing/210210_M03249_0156_000000000-JHTN3/VSP0781-1_S13_L001_R2_001.fastq.gz,data/sequencing/210224_M03249_0161_000000000-JHTJ7/VSP0781-2_S13_L001_R2_001.fastq.gz

Mon Mar  1 21:00:49 2021 (summaries/VSPdata/VSP0781-1.experiment.RData) /home/opt/R-3.4.0/bin/Rscript assemble.R --outputFile summaries/VSPdata/VSP0781-1.experiment.RData --R1 data/sequencing/210210_M03249_0156_000000000-JHTN3/VSP0781-1_S13_L001_R1_001.fastq.gz --R2 data/sequencing/210210_M03249_0156_000000000-JHTN3/VSP0781-1_S13_L001_R2_001.fastq.gz

Mon Mar  1 21:07:16 2021 (summaries/VSPdata/VSP0781-2.experiment.RData) /home/opt/R-3.4.0/bin/Rscript assemble.R --outputFile summaries/VSPdata/VSP0781-2.experiment.RData --R1 data/sequencing/210224_M03249_0161_000000000-JHTJ7/VSP0781-2_S13_L001_R1_001.fastq.gz --R2 data/sequencing/210224_M03249_0161_000000000-JHTJ7/VSP0781-2_S13_L001_R2_001.fastq.gz

Completed VSP0781

Starting VSP0782 with 2 seq experiments.
Mon Mar  1 21:07:58 2021 (summaries/VSPdata/VSP0782.composite.RData) /home/opt/R-3.4.0/bin/Rscript assemble.R --outputFile summaries/VSPdata/VSP0782.composite.RData --R1 data/sequencing/210210_M03249_0156_000000000-JHTN3/VSP0782-1_S14_L001_R1_001.fastq.gz,data/sequencing/210224_M03249_0161_000000000-JHTJ7/VSP0782-2_S14_L001_R1_001.fastq.gz --R2 data/sequencing/210210_M03249_0156_000000000-JHTN3/VSP0782-1_S14_L001_R2_001.fastq.gz,data/sequencing/210224_M03249_0161_000000000-JHTJ7/VSP0782-2_S14_L001_R2_001.fastq.gz

Mon Mar  1 21:13:19 2021 (summaries/VSPdata/VSP0782-1.experiment.RData) /home/opt/R-3.4.0/bin/Rscript assemble.R --outputFile summaries/VSPdata/VSP0782-1.experiment.RData --R1 data/sequencing/210210_M03249_0156_000000000-JHTN3/VSP0782-1_S14_L001_R1_001.fastq.gz --R2 data/sequencing/210210_M03249_0156_000000000-JHTN3/VSP0782-1_S14_L001_R2_001.fastq.gz

Mon Mar  1 21:18:18 2021 (summaries/VSPdata/VSP0782-2.experiment.RData) /home/opt/R-3.4.0/bin/Rscript assemble.R --outputFile summaries/VSPdata/VSP0782-2.experiment.RData --R1 data/sequencing/210224_M03249_0161_000000000-JHTJ7/VSP0782-2_S14_L001_R1_001.fastq.gz --R2 data/sequencing/210224_M03249_0161_000000000-JHTJ7/VSP0782-2_S14_L001_R2_001.fastq.gz

Completed VSP0782

Starting VSP0783 with 2 seq experiments.
Mon Mar  1 21:18:52 2021 (summaries/VSPdata/VSP0783.composite.RData) /home/opt/R-3.4.0/bin/Rscript assemble.R --outputFile summaries/VSPdata/VSP0783.composite.RData --R1 data/sequencing/210210_M03249_0156_000000000-JHTN3/VSP0783-1_S15_L001_R1_001.fastq.gz,data/sequencing/210224_M03249_0161_000000000-JHTJ7/VSP0783-2_S15_L001_R1_001.fastq.gz --R2 data/sequencing/210210_M03249_0156_000000000-JHTN3/VSP0783-1_S15_L001_R2_001.fastq.gz,data/sequencing/210224_M03249_0161_000000000-JHTJ7/VSP0783-2_S15_L001_R2_001.fastq.gz

Mon Mar  1 21:23:50 2021 (summaries/VSPdata/VSP0783-1.experiment.RData) /home/opt/R-3.4.0/bin/Rscript assemble.R --outputFile summaries/VSPdata/VSP0783-1.experiment.RData --R1 data/sequencing/210210_M03249_0156_000000000-JHTN3/VSP0783-1_S15_L001_R1_001.fastq.gz --R2 data/sequencing/210210_M03249_0156_000000000-JHTN3/VSP0783-1_S15_L001_R2_001.fastq.gz

Mon Mar  1 21:28:13 2021 (summaries/VSPdata/VSP0783-2.experiment.RData) /home/opt/R-3.4.0/bin/Rscript assemble.R --outputFile summaries/VSPdata/VSP0783-2.experiment.RData --R1 data/sequencing/210224_M03249_0161_000000000-JHTJ7/VSP0783-2_S15_L001_R1_001.fastq.gz --R2 data/sequencing/210224_M03249_0161_000000000-JHTJ7/VSP0783-2_S15_L001_R2_001.fastq.gz

Completed VSP0783

