Thu Jan 28 13:57:14 2021
Starting VSP0579 with 2 seq experiments.
summaries/VSPdata/VSP0579.composite.RData exists -- skipping.
summaries/VSPdata/VSP0579-1.experiment.RData exists -- skipping.
summaries/VSPdata/VSP0579-2.experiment.RData exists -- skipping.
Completed VSP0579

Starting VSP0580 with 2 seq experiments.
summaries/VSPdata/VSP0580.composite.RData exists -- skipping.
summaries/VSPdata/VSP0580-1.experiment.RData exists -- skipping.
summaries/VSPdata/VSP0580-2.experiment.RData exists -- skipping.
Completed VSP0580

Starting VSP0581 with 2 seq experiments.
summaries/VSPdata/VSP0581.composite.RData exists -- skipping.
summaries/VSPdata/VSP0581-1.experiment.RData exists -- skipping.
summaries/VSPdata/VSP0581-2.experiment.RData exists -- skipping.
Completed VSP0581

Starting VSP0582 with 2 seq experiments.
summaries/VSPdata/VSP0582.composite.RData exists -- skipping.
summaries/VSPdata/VSP0582-1.experiment.RData exists -- skipping.
summaries/VSPdata/VSP0582-2.experiment.RData exists -- skipping.
Completed VSP0582

Starting VSP0583 with 2 seq experiments.
summaries/VSPdata/VSP0583.composite.RData exists -- skipping.
summaries/VSPdata/VSP0583-1.experiment.RData exists -- skipping.
summaries/VSPdata/VSP0583-2.experiment.RData exists -- skipping.
Completed VSP0583

Starting VSP9975 with 2 seq experiments.
summaries/VSPdata/VSP9975.composite.RData exists -- skipping.
summaries/VSPdata/VSP9975-1.experiment.RData exists -- skipping.
summaries/VSPdata/VSP9975-2.experiment.RData exists -- skipping.
Completed VSP9975

