Wed Jan 27 00:35:09 2021
Starting VSP9986 with 1 seq experiments.
Wed Jan 27 00:35:09 2021 (summaries/VSPdata/VSP9986-1b.experiment.RData) /home/opt/R-3.4.0/bin/Rscript assemble.R --outputFile summaries/VSPdata/VSP9986-1b.experiment.RData --R1 data/sequencing/200518_M03249_0065_000000000-J37K3/VSP9986-1b_S16_L001_R1_001.fastq.gz --R2 data/sequencing/200518_M03249_0065_000000000-J37K3/VSP9986-1b_S16_L001_R2_001.fastq.gz

Completed VSP9986

Starting VSP9987 with 1 seq experiments.
Wed Jan 27 00:35:39 2021 (summaries/VSPdata/VSP9987-1b.experiment.RData) /home/opt/R-3.4.0/bin/Rscript assemble.R --outputFile summaries/VSPdata/VSP9987-1b.experiment.RData --R1 data/sequencing/200518_M03249_0065_000000000-J37K3/VSP9987-1b_S15_L001_R1_001.fastq.gz --R2 data/sequencing/200518_M03249_0065_000000000-J37K3/VSP9987-1b_S15_L001_R2_001.fastq.gz

Completed VSP9987

Starting VSP9988 with 1 seq experiments.
Wed Jan 27 00:36:04 2021 (summaries/VSPdata/VSP9988-1a.experiment.RData) /home/opt/R-3.4.0/bin/Rscript assemble.R --outputFile summaries/VSPdata/VSP9988-1a.experiment.RData --R1 data/sequencing/200518_M03249_0065_000000000-J37K3/VSP9988-1a_S8_L001_R1_001.fastq.gz --R2 data/sequencing/200518_M03249_0065_000000000-J37K3/VSP9988-1a_S8_L001_R2_001.fastq.gz

Completed VSP9988

Starting VSP9989 with 1 seq experiments.
Wed Jan 27 00:36:40 2021 (summaries/VSPdata/VSP9989-1a.experiment.RData) /home/opt/R-3.4.0/bin/Rscript assemble.R --outputFile summaries/VSPdata/VSP9989-1a.experiment.RData --R1 data/sequencing/200518_M03249_0065_000000000-J37K3/VSP9989-1a_S7_L001_R1_001.fastq.gz --R2 data/sequencing/200518_M03249_0065_000000000-J37K3/VSP9989-1a_S7_L001_R2_001.fastq.gz

Completed VSP9989

Starting VSP0009 with 1 seq experiments.
Wed Jan 27 00:37:17 2021 (summaries/VSPdata/VSP0009-1m.experiment.RData) /home/opt/R-3.4.0/bin/Rscript assemble.R --outputFile summaries/VSPdata/VSP0009-1m.experiment.RData --R1 data/sequencing/200527_M03249_0066_000000000-J3R26/VSP0009-1m_S17_L001_R1_001.fastq.gz --R2 data/sequencing/200527_M03249_0066_000000000-J3R26/VSP0009-1m_S17_L001_R2_001.fastq.gz

Completed VSP0009

Starting VSP0010 with 5 seq experiments.
Wed Jan 27 00:43:32 2021 (summaries/VSPdata/VSP0010.composite.RData) /home/opt/R-3.4.0/bin/Rscript assemble.R --outputFile summaries/VSPdata/VSP0010.composite.RData --R1 data/sequencing/200527_M03249_0066_000000000-J3R26/VSP0010-1m_S18_L001_R1_001.fastq.gz,data/sequencing/200613_M03249_0068_000000000-J37GK/VSP0010-2_S14_L001_R1_001.fastq.gz,data/sequencing/200713_M03249_0074_000000000-J77FR/VSP0010-3_S12_L001_R1_001.fastq.gz,data/sequencing/200713_M03249_0074_000000000-J77FR/VSP0010-4_S13_L001_R1_001.fastq.gz,data/sequencing/200713_M03249_0074_000000000-J77FR/VSP0010-5_S14_L001_R1_001.fastq.gz --R2 data/sequencing/200527_M03249_0066_000000000-J3R26/VSP0010-1m_S18_L001_R2_001.fastq.gz,data/sequencing/200613_M03249_0068_000000000-J37GK/VSP0010-2_S14_L001_R2_001.fastq.gz,data/sequencing/200713_M03249_0074_000000000-J77FR/VSP0010-3_S12_L001_R2_001.fastq.gz,data/sequencing/200713_M03249_0074_000000000-J77FR/VSP0010-4_S13_L001_R2_001.fastq.gz,data/sequencing/200713_M03249_0074_000000000-J77FR/VSP0010-5_S14_L001_R2_001.fastq.gz

Wed Jan 27 00:57:31 2021 (summaries/VSPdata/VSP0010-1m.experiment.RData) /home/opt/R-3.4.0/bin/Rscript assemble.R --outputFile summaries/VSPdata/VSP0010-1m.experiment.RData --R1 data/sequencing/200527_M03249_0066_000000000-J3R26/VSP0010-1m_S18_L001_R1_001.fastq.gz --R2 data/sequencing/200527_M03249_0066_000000000-J3R26/VSP0010-1m_S18_L001_R2_001.fastq.gz

Wed Jan 27 01:02:01 2021 (summaries/VSPdata/VSP0010-2.experiment.RData) /home/opt/R-3.4.0/bin/Rscript assemble.R --outputFile summaries/VSPdata/VSP0010-2.experiment.RData --R1 data/sequencing/200613_M03249_0068_000000000-J37GK/VSP0010-2_S14_L001_R1_001.fastq.gz --R2 data/sequencing/200613_M03249_0068_000000000-J37GK/VSP0010-2_S14_L001_R2_001.fastq.gz

Wed Jan 27 01:05:14 2021 (summaries/VSPdata/VSP0010-3.experiment.RData) /home/opt/R-3.4.0/bin/Rscript assemble.R --outputFile summaries/VSPdata/VSP0010-3.experiment.RData --R1 data/sequencing/200713_M03249_0074_000000000-J77FR/VSP0010-3_S12_L001_R1_001.fastq.gz --R2 data/sequencing/200713_M03249_0074_000000000-J77FR/VSP0010-3_S12_L001_R2_001.fastq.gz

Wed Jan 27 01:09:00 2021 (summaries/VSPdata/VSP0010-4.experiment.RData) /home/opt/R-3.4.0/bin/Rscript assemble.R --outputFile summaries/VSPdata/VSP0010-4.experiment.RData --R1 data/sequencing/200713_M03249_0074_000000000-J77FR/VSP0010-4_S13_L001_R1_001.fastq.gz --R2 data/sequencing/200713_M03249_0074_000000000-J77FR/VSP0010-4_S13_L001_R2_001.fastq.gz

Wed Jan 27 01:13:08 2021 (summaries/VSPdata/VSP0010-5.experiment.RData) /home/opt/R-3.4.0/bin/Rscript assemble.R --outputFile summaries/VSPdata/VSP0010-5.experiment.RData --R1 data/sequencing/200713_M03249_0074_000000000-J77FR/VSP0010-5_S14_L001_R1_001.fastq.gz --R2 data/sequencing/200713_M03249_0074_000000000-J77FR/VSP0010-5_S14_L001_R2_001.fastq.gz

Completed VSP0010

