Wed Jan 27 00:35:09 2021
Starting VSP9975 with 2 seq experiments.
Wed Jan 27 00:35:09 2021 (summaries/VSPdata/VSP9975.composite.RData) /home/opt/R-3.4.0/bin/Rscript assemble.R --outputFile summaries/VSPdata/VSP9975.composite.RData --R1 data/sequencing/210112_M03249_0141_000000000-JFP4J/VSP9975-1_S8_L001_R1_001.fastq.gz,data/sequencing/210113_M05588_0364_000000000-JGMP7/VSP9975-2_S8_L001_R1_001.fastq.gz --R2 data/sequencing/210112_M03249_0141_000000000-JFP4J/VSP9975-1_S8_L001_R2_001.fastq.gz,data/sequencing/210113_M05588_0364_000000000-JGMP7/VSP9975-2_S8_L001_R2_001.fastq.gz

Wed Jan 27 00:35:45 2021 (summaries/VSPdata/VSP9975-1.experiment.RData) /home/opt/R-3.4.0/bin/Rscript assemble.R --outputFile summaries/VSPdata/VSP9975-1.experiment.RData --R1 data/sequencing/210112_M03249_0141_000000000-JFP4J/VSP9975-1_S8_L001_R1_001.fastq.gz --R2 data/sequencing/210112_M03249_0141_000000000-JFP4J/VSP9975-1_S8_L001_R2_001.fastq.gz

Wed Jan 27 00:36:11 2021 (summaries/VSPdata/VSP9975-2.experiment.RData) /home/opt/R-3.4.0/bin/Rscript assemble.R --outputFile summaries/VSPdata/VSP9975-2.experiment.RData --R1 data/sequencing/210113_M05588_0364_000000000-JGMP7/VSP9975-2_S8_L001_R1_001.fastq.gz --R2 data/sequencing/210113_M05588_0364_000000000-JGMP7/VSP9975-2_S8_L001_R2_001.fastq.gz

Completed VSP9975

Starting VSP0399 with 1 seq experiments.
Wed Jan 27 00:37:03 2021 (summaries/VSPdata/VSP0399-2.experiment.RData) /home/opt/R-3.4.0/bin/Rscript assemble.R --outputFile summaries/VSPdata/VSP0399-2.experiment.RData --R1 data/sequencing/210122_M03249_0146_000000000-JHV59/VSP0399-2_S19_L001_R1_001.fastq.gz --R2 data/sequencing/210122_M03249_0146_000000000-JHV59/VSP0399-2_S19_L001_R2_001.fastq.gz

Completed VSP0399

Starting VSP0406 with 1 seq experiments.
Wed Jan 27 00:45:14 2021 (summaries/VSPdata/VSP0406-2.experiment.RData) /home/opt/R-3.4.0/bin/Rscript assemble.R --outputFile summaries/VSPdata/VSP0406-2.experiment.RData --R1 data/sequencing/210122_M03249_0146_000000000-JHV59/VSP0406-2_S18_L001_R1_001.fastq.gz --R2 data/sequencing/210122_M03249_0146_000000000-JHV59/VSP0406-2_S18_L001_R2_001.fastq.gz

Completed VSP0406

Starting VSP0413 with 1 seq experiments.
Wed Jan 27 00:52:22 2021 (summaries/VSPdata/VSP0413-2.experiment.RData) /home/opt/R-3.4.0/bin/Rscript assemble.R --outputFile summaries/VSPdata/VSP0413-2.experiment.RData --R1 data/sequencing/210122_M03249_0146_000000000-JHV59/VSP0413-2_S16_L001_R1_001.fastq.gz --R2 data/sequencing/210122_M03249_0146_000000000-JHV59/VSP0413-2_S16_L001_R2_001.fastq.gz

Completed VSP0413

Starting VSP0415 with 1 seq experiments.
Wed Jan 27 00:59:24 2021 (summaries/VSPdata/VSP0415-2.experiment.RData) /home/opt/R-3.4.0/bin/Rscript assemble.R --outputFile summaries/VSPdata/VSP0415-2.experiment.RData --R1 data/sequencing/210122_M03249_0146_000000000-JHV59/VSP0415-2_S17_L001_R1_001.fastq.gz --R2 data/sequencing/210122_M03249_0146_000000000-JHV59/VSP0415-2_S17_L001_R2_001.fastq.gz

Completed VSP0415

Starting VSP0421 with 1 seq experiments.
Wed Jan 27 01:06:17 2021 (summaries/VSPdata/VSP0421-2.experiment.RData) /home/opt/R-3.4.0/bin/Rscript assemble.R --outputFile summaries/VSPdata/VSP0421-2.experiment.RData --R1 data/sequencing/210122_M03249_0146_000000000-JHV59/VSP0421-2_S14_L001_R1_001.fastq.gz --R2 data/sequencing/210122_M03249_0146_000000000-JHV59/VSP0421-2_S14_L001_R2_001.fastq.gz

Completed VSP0421

