Mon Mar  1 19:09:05 2021
Starting VSP0514 with 1 seq experiments.
Mon Mar  1 19:09:05 2021 (summaries/VSPdata/VSP0514-2.experiment.RData) /home/opt/R-3.4.0/bin/Rscript assemble.R --outputFile summaries/VSPdata/VSP0514-2.experiment.RData --R1 data/sequencing/210122_M03249_0146_000000000-JHV59/VSP0514-2_S2_L001_R1_001.fastq.gz --R2 data/sequencing/210122_M03249_0146_000000000-JHV59/VSP0514-2_S2_L001_R2_001.fastq.gz

Completed VSP0514

Starting VSP9974 with 1 seq experiments.
Mon Mar  1 19:19:17 2021 (summaries/VSPdata/VSP9974-1.experiment.RData) /home/opt/R-3.4.0/bin/Rscript assemble.R --outputFile summaries/VSPdata/VSP9974-1.experiment.RData --R1 data/sequencing/210122_M03249_0146_000000000-JHV59/VSP9974-1_S20_L001_R1_001.fastq.gz --R2 data/sequencing/210122_M03249_0146_000000000-JHV59/VSP9974-1_S20_L001_R2_001.fastq.gz

Completed VSP9974

Starting VSP0602 with 1 seq experiments.
Mon Mar  1 19:19:59 2021 (summaries/VSPdata/VSP0602-1.experiment.RData) /home/opt/R-3.4.0/bin/Rscript assemble.R --outputFile summaries/VSPdata/VSP0602-1.experiment.RData --R1 data/sequencing/210126_M03543_0239_000000000-JHL95/VSP0602-1_S1_L001_R1_001.fastq.gz --R2 data/sequencing/210126_M03543_0239_000000000-JHL95/VSP0602-1_S1_L001_R2_001.fastq.gz

Completed VSP0602

Starting VSP0603 with 1 seq experiments.
Mon Mar  1 19:24:39 2021 (summaries/VSPdata/VSP0603-1.experiment.RData) /home/opt/R-3.4.0/bin/Rscript assemble.R --outputFile summaries/VSPdata/VSP0603-1.experiment.RData --R1 data/sequencing/210126_M03543_0239_000000000-JHL95/VSP0603-1_S2_L001_R1_001.fastq.gz --R2 data/sequencing/210126_M03543_0239_000000000-JHL95/VSP0603-1_S2_L001_R2_001.fastq.gz

Completed VSP0603

Starting VSP0604 with 1 seq experiments.
Mon Mar  1 19:33:28 2021 (summaries/VSPdata/VSP0604-1.experiment.RData) /home/opt/R-3.4.0/bin/Rscript assemble.R --outputFile summaries/VSPdata/VSP0604-1.experiment.RData --R1 data/sequencing/210126_M03543_0239_000000000-JHL95/VSP0604-1_S3_L001_R1_001.fastq.gz --R2 data/sequencing/210126_M03543_0239_000000000-JHL95/VSP0604-1_S3_L001_R2_001.fastq.gz

Completed VSP0604

Starting VSP0605 with 1 seq experiments.
Mon Mar  1 19:43:08 2021 (summaries/VSPdata/VSP0605-1.experiment.RData) /home/opt/R-3.4.0/bin/Rscript assemble.R --outputFile summaries/VSPdata/VSP0605-1.experiment.RData --R1 data/sequencing/210126_M03543_0239_000000000-JHL95/VSP0605-1_S4_L001_R1_001.fastq.gz --R2 data/sequencing/210126_M03543_0239_000000000-JHL95/VSP0605-1_S4_L001_R2_001.fastq.gz

Completed VSP0605

Starting VSP0606 with 1 seq experiments.
Mon Mar  1 19:48:58 2021 (summaries/VSPdata/VSP0606-1.experiment.RData) /home/opt/R-3.4.0/bin/Rscript assemble.R --outputFile summaries/VSPdata/VSP0606-1.experiment.RData --R1 data/sequencing/210126_M03543_0239_000000000-JHL95/VSP0606-1_S5_L001_R1_001.fastq.gz --R2 data/sequencing/210126_M03543_0239_000000000-JHL95/VSP0606-1_S5_L001_R2_001.fastq.gz

Completed VSP0606

Starting VSP0607 with 1 seq experiments.
Mon Mar  1 19:56:54 2021 (summaries/VSPdata/VSP0607-1.experiment.RData) /home/opt/R-3.4.0/bin/Rscript assemble.R --outputFile summaries/VSPdata/VSP0607-1.experiment.RData --R1 data/sequencing/210126_M03543_0239_000000000-JHL95/VSP0607-1_S6_L001_R1_001.fastq.gz --R2 data/sequencing/210126_M03543_0239_000000000-JHL95/VSP0607-1_S6_L001_R2_001.fastq.gz

Completed VSP0607

Starting VSP0608 with 1 seq experiments.
Mon Mar  1 20:04:11 2021 (summaries/VSPdata/VSP0608-1.experiment.RData) /home/opt/R-3.4.0/bin/Rscript assemble.R --outputFile summaries/VSPdata/VSP0608-1.experiment.RData --R1 data/sequencing/210126_M03543_0239_000000000-JHL95/VSP0608-1_S7_L001_R1_001.fastq.gz --R2 data/sequencing/210126_M03543_0239_000000000-JHL95/VSP0608-1_S7_L001_R2_001.fastq.gz

Completed VSP0608

Starting VSP0609 with 1 seq experiments.
Mon Mar  1 20:10:36 2021 (summaries/VSPdata/VSP0609-1.experiment.RData) /home/opt/R-3.4.0/bin/Rscript assemble.R --outputFile summaries/VSPdata/VSP0609-1.experiment.RData --R1 data/sequencing/210126_M03543_0239_000000000-JHL95/VSP0609-1_S8_L001_R1_001.fastq.gz --R2 data/sequencing/210126_M03543_0239_000000000-JHL95/VSP0609-1_S8_L001_R2_001.fastq.gz

Completed VSP0609

