Thu Jan 28 13:57:14 2021
Starting VSP0544 with 1 seq experiments.
summaries/VSPdata/VSP0544-1.experiment.RData exists -- skipping.
Completed VSP0544

Starting VSP0545 with 1 seq experiments.
summaries/VSPdata/VSP0545-1.experiment.RData exists -- skipping.
Completed VSP0545

Starting VSP0546 with 1 seq experiments.
summaries/VSPdata/VSP0546-1.experiment.RData exists -- skipping.
Completed VSP0546

Starting VSP0547 with 1 seq experiments.
summaries/VSPdata/VSP0547-1.experiment.RData exists -- skipping.
Completed VSP0547

Starting VSP9979 with 1 seq experiments.
summaries/VSPdata/VSP9979-1.experiment.RData exists -- skipping.
Completed VSP9979

Starting VSP0563 with 2 seq experiments.
summaries/VSPdata/VSP0563.composite.RData exists -- skipping.
summaries/VSPdata/VSP0563-2.experiment.RData exists -- skipping.
summaries/VSPdata/VSP0563-3.experiment.RData exists -- skipping.
Completed VSP0563

Starting VSP0571 with 2 seq experiments.
summaries/VSPdata/VSP0571.composite.RData exists -- skipping.
summaries/VSPdata/VSP0571-1.experiment.RData exists -- skipping.
summaries/VSPdata/VSP0571-2.experiment.RData exists -- skipping.
Completed VSP0571

