Thu Mar 25 20:43:49 2021
Starting VSP0529 with 1 seq experiments.
summaries/VSPdata/VSP0529-1.experiment.RData exists -- skipping.
Completed VSP0529

Starting VSP0530 with 1 seq experiments.
summaries/VSPdata/VSP0530-1.experiment.RData exists -- skipping.
Completed VSP0530

Starting VSP0531 with 1 seq experiments.
summaries/VSPdata/VSP0531-1.experiment.RData exists -- skipping.
Completed VSP0531

Starting VSP0532 with 1 seq experiments.
summaries/VSPdata/VSP0532-1.experiment.RData exists -- skipping.
Completed VSP0532

Starting VSP0533 with 1 seq experiments.
summaries/VSPdata/VSP0533-1.experiment.RData exists -- skipping.
Completed VSP0533

Starting VSP0534 with 1 seq experiments.
summaries/VSPdata/VSP0534-1.experiment.RData exists -- skipping.
Completed VSP0534

Starting VSP0535 with 2 seq experiments.
summaries/VSPdata/VSP0535.composite.RData exists -- skipping.
summaries/VSPdata/VSP0535-1.experiment.RData exists -- skipping.
summaries/VSPdata/VSP0535-2.experiment.RData exists -- skipping.
Completed VSP0535

Starting VSP0536 with 2 seq experiments.
summaries/VSPdata/VSP0536.composite.RData exists -- skipping.
summaries/VSPdata/VSP0536-1.experiment.RData exists -- skipping.
summaries/VSPdata/VSP0536-2.experiment.RData exists -- skipping.
Completed VSP0536

Starting VSP0537 with 1 seq experiments.
summaries/VSPdata/VSP0537-1.experiment.RData exists -- skipping.
Completed VSP0537

Starting VSP0538 with 1 seq experiments.
summaries/VSPdata/VSP0538-1.experiment.RData exists -- skipping.
Completed VSP0538

Starting VSP0539 with 1 seq experiments.
summaries/VSPdata/VSP0539-1.experiment.RData exists -- skipping.
Completed VSP0539

Starting VSP0540 with 1 seq experiments.
summaries/VSPdata/VSP0540-1.experiment.RData exists -- skipping.
Completed VSP0540

Starting VSP0541 with 1 seq experiments.
summaries/VSPdata/VSP0541-1.experiment.RData exists -- skipping.
Completed VSP0541

Starting VSP0542 with 1 seq experiments.
summaries/VSPdata/VSP0542-1.experiment.RData exists -- skipping.
Completed VSP0542

