Thu Mar 25 20:43:49 2021
Starting VSP0761 with 1 seq experiments.
summaries/VSPdata/VSP0761-1.experiment.RData exists -- skipping.
Completed VSP0761

Starting VSP0762 with 1 seq experiments.
summaries/VSPdata/VSP0762-1.experiment.RData exists -- skipping.
Completed VSP0762

Starting VSP0763 with 1 seq experiments.
summaries/VSPdata/VSP0763-1.experiment.RData exists -- skipping.
Completed VSP0763

Starting VSP0764 with 1 seq experiments.
summaries/VSPdata/VSP0764-1.experiment.RData exists -- skipping.
Completed VSP0764

Starting VSP0765 with 4 seq experiments.
summaries/VSPdata/VSP0765.composite.RData exists -- skipping.
summaries/VSPdata/VSP0765-1.experiment.RData exists -- skipping.
summaries/VSPdata/VSP0765-2.experiment.RData exists -- skipping.
summaries/VSPdata/VSP0765-3.experiment.RData exists -- skipping.
summaries/VSPdata/VSP0765-4.experiment.RData exists -- skipping.
Completed VSP0765

Starting VSP0766 with 1 seq experiments.
summaries/VSPdata/VSP0766-1.experiment.RData exists -- skipping.
Completed VSP0766

Starting VSP0767 with 1 seq experiments.
summaries/VSPdata/VSP0767-1.experiment.RData exists -- skipping.
Completed VSP0767

Starting VSP0768 with 1 seq experiments.
summaries/VSPdata/VSP0768-1.experiment.RData exists -- skipping.
Completed VSP0768

Starting VSP0769 with 1 seq experiments.
summaries/VSPdata/VSP0769-1.experiment.RData exists -- skipping.
Completed VSP0769

Starting VSP9970 with 1 seq experiments.
summaries/VSPdata/VSP9970-1.experiment.RData exists -- skipping.
Completed VSP9970

Starting VSP0758 with 2 seq experiments.
summaries/VSPdata/VSP0758.composite.RData exists -- skipping.
summaries/VSPdata/VSP0758-1.experiment.RData exists -- skipping.
summaries/VSPdata/VSP0758-2.experiment.RData exists -- skipping.
Completed VSP0758

Starting VSP0770 with 2 seq experiments.
summaries/VSPdata/VSP0770.composite.RData exists -- skipping.
summaries/VSPdata/VSP0770-1.experiment.RData exists -- skipping.
summaries/VSPdata/VSP0770-2.experiment.RData exists -- skipping.
Completed VSP0770

Starting VSP0771 with 3 seq experiments.
summaries/VSPdata/VSP0771.composite.RData exists -- skipping.
summaries/VSPdata/VSP0771-1.experiment.RData exists -- skipping.
summaries/VSPdata/VSP0771-2.experiment.RData exists -- skipping.
summaries/VSPdata/VSP0771-3.experiment.RData exists -- skipping.
Completed VSP0771

Starting VSP0772 with 2 seq experiments.
summaries/VSPdata/VSP0772.composite.RData exists -- skipping.
summaries/VSPdata/VSP0772-1.experiment.RData exists -- skipping.
summaries/VSPdata/VSP0772-2.experiment.RData exists -- skipping.
Completed VSP0772

