Fri May 21 12:21:46 2021
Starting VSP0923 with 1 seq experiments.
Fri May 21 12:21:46 2021 (/home/everett/projects/SARS-CoV-2-Philadelphia/summaries/VSPdata/VSP0923-1.experiment.RData) /home/opt/R-3.4.0/bin/Rscript /home/everett/projects/SARS-CoV-2-Philadelphia/assemble.R --outputFile /home/everett/projects/SARS-CoV-2-Philadelphia/summaries/VSPdata/VSP0923-1.experiment.RData --workDir /home/everett/projects/SARS-CoV-2-Philadelphia/scratch/tmp.RHWH0IK8Dq20Z7QTQJUP3qHKGyREMZ --R1 /data/SARS-CoV-2/sequencing/210520_NS500618_0337_AHVYTNAFX2/VSP0923-1_S98_R1_001.fastq.gz --R2 /data/SARS-CoV-2/sequencing/210520_NS500618_0337_AHVYTNAFX2/VSP0923-1_S98_R2_001.fastq.gz

Completed VSP0923

Starting VSP0926 with 1 seq experiments.
Fri May 21 12:25:58 2021 (/home/everett/projects/SARS-CoV-2-Philadelphia/summaries/VSPdata/VSP0926-1.experiment.RData) /home/opt/R-3.4.0/bin/Rscript /home/everett/projects/SARS-CoV-2-Philadelphia/assemble.R --outputFile /home/everett/projects/SARS-CoV-2-Philadelphia/summaries/VSPdata/VSP0926-1.experiment.RData --workDir /home/everett/projects/SARS-CoV-2-Philadelphia/scratch/tmp.qtBvwtz16FFKz3BoE5qHJFO0frp16R --R1 /data/SARS-CoV-2/sequencing/210520_NS500618_0337_AHVYTNAFX2/VSP0926-1_S183_R1_001.fastq.gz --R2 /data/SARS-CoV-2/sequencing/210520_NS500618_0337_AHVYTNAFX2/VSP0926-1_S183_R2_001.fastq.gz

Completed VSP0926

Starting VSP1044 with 1 seq experiments.
Fri May 21 12:29:37 2021 (/home/everett/projects/SARS-CoV-2-Philadelphia/summaries/VSPdata/VSP1044-1.experiment.RData) /home/opt/R-3.4.0/bin/Rscript /home/everett/projects/SARS-CoV-2-Philadelphia/assemble.R --outputFile /home/everett/projects/SARS-CoV-2-Philadelphia/summaries/VSPdata/VSP1044-1.experiment.RData --workDir /home/everett/projects/SARS-CoV-2-Philadelphia/scratch/tmp.mpGNofNyKSP7ckWUi8z7HzylsthMZg --R1 /data/SARS-CoV-2/sequencing/210520_NS500618_0337_AHVYTNAFX2/VSP1044-1_S159_R1_001.fastq.gz --R2 /data/SARS-CoV-2/sequencing/210520_NS500618_0337_AHVYTNAFX2/VSP1044-1_S159_R2_001.fastq.gz

Completed VSP1044

Starting VSP1045 with 1 seq experiments.
Fri May 21 12:33:25 2021 (/home/everett/projects/SARS-CoV-2-Philadelphia/summaries/VSPdata/VSP1045-1.experiment.RData) /home/opt/R-3.4.0/bin/Rscript /home/everett/projects/SARS-CoV-2-Philadelphia/assemble.R --outputFile /home/everett/projects/SARS-CoV-2-Philadelphia/summaries/VSPdata/VSP1045-1.experiment.RData --workDir /home/everett/projects/SARS-CoV-2-Philadelphia/scratch/tmp.Y59cdyUlB9RUwCazpURozf6zMvSQu7 --R1 /data/SARS-CoV-2/sequencing/210520_NS500618_0337_AHVYTNAFX2/VSP1045-1_S147_R1_001.fastq.gz --R2 /data/SARS-CoV-2/sequencing/210520_NS500618_0337_AHVYTNAFX2/VSP1045-1_S147_R2_001.fastq.gz

Completed VSP1045

Starting VSP1212 with 1 seq experiments.
Fri May 21 12:39:17 2021 (/home/everett/projects/SARS-CoV-2-Philadelphia/summaries/VSPdata/VSP1212-1.experiment.RData) /home/opt/R-3.4.0/bin/Rscript /home/everett/projects/SARS-CoV-2-Philadelphia/assemble.R --outputFile /home/everett/projects/SARS-CoV-2-Philadelphia/summaries/VSPdata/VSP1212-1.experiment.RData --workDir /home/everett/projects/SARS-CoV-2-Philadelphia/scratch/tmp.Hx2qp8GDAjcBpkmGPrvTRokkyU1ULL --R1 /data/SARS-CoV-2/sequencing/210520_NS500618_0337_AHVYTNAFX2/VSP1212-1_S135_R1_001.fastq.gz --R2 /data/SARS-CoV-2/sequencing/210520_NS500618_0337_AHVYTNAFX2/VSP1212-1_S135_R2_001.fastq.gz

Completed VSP1212

Starting VSP1216 with 1 seq experiments.
Fri May 21 12:45:21 2021 (/home/everett/projects/SARS-CoV-2-Philadelphia/summaries/VSPdata/VSP1216-1.experiment.RData) /home/opt/R-3.4.0/bin/Rscript /home/everett/projects/SARS-CoV-2-Philadelphia/assemble.R --outputFile /home/everett/projects/SARS-CoV-2-Philadelphia/summaries/VSPdata/VSP1216-1.experiment.RData --workDir /home/everett/projects/SARS-CoV-2-Philadelphia/scratch/tmp.iWKhDOQH9kf1I0pSDl88ceXCtvejlY --R1 /data/SARS-CoV-2/sequencing/210520_NS500618_0337_AHVYTNAFX2/VSP1216-1_S111_R1_001.fastq.gz --R2 /data/SARS-CoV-2/sequencing/210520_NS500618_0337_AHVYTNAFX2/VSP1216-1_S111_R2_001.fastq.gz

Completed VSP1216

Starting VSP1434 with 1 seq experiments.
Fri May 21 12:48:29 2021 (/home/everett/projects/SARS-CoV-2-Philadelphia/summaries/VSPdata/VSP1434-1.experiment.RData) /home/opt/R-3.4.0/bin/Rscript /home/everett/projects/SARS-CoV-2-Philadelphia/assemble.R --outputFile /home/everett/projects/SARS-CoV-2-Philadelphia/summaries/VSPdata/VSP1434-1.experiment.RData --workDir /home/everett/projects/SARS-CoV-2-Philadelphia/scratch/tmp.WDUQeWaUZbnRzkLki2Eik0qpJx0k03 --R1 /data/SARS-CoV-2/sequencing/210520_NS500618_0337_AHVYTNAFX2/VSP1434-1_S123_R1_001.fastq.gz --R2 /data/SARS-CoV-2/sequencing/210520_NS500618_0337_AHVYTNAFX2/VSP1434-1_S123_R2_001.fastq.gz

Completed VSP1434

