Fri May 21 12:21:46 2021
Starting VSP2604 with 1 seq experiments.
Fri May 21 12:21:46 2021 (/home/everett/projects/SARS-CoV-2-Philadelphia/summaries/VSPdata/VSP2604-1.experiment.RData) /home/opt/R-3.4.0/bin/Rscript /home/everett/projects/SARS-CoV-2-Philadelphia/assemble.R --outputFile /home/everett/projects/SARS-CoV-2-Philadelphia/summaries/VSPdata/VSP2604-1.experiment.RData --workDir /home/everett/projects/SARS-CoV-2-Philadelphia/scratch/tmp.EVlJqs3wgZ7mhS1BI5vw8EF6mDTspt --R1 /data/SARS-CoV-2/sequencing/210520_NS500618_0337_AHVYTNAFX2/VSP2604-1_S131_R1_001.fastq.gz --R2 /data/SARS-CoV-2/sequencing/210520_NS500618_0337_AHVYTNAFX2/VSP2604-1_S131_R2_001.fastq.gz

Completed VSP2604

Starting VSP2605 with 1 seq experiments.
Fri May 21 12:27:58 2021 (/home/everett/projects/SARS-CoV-2-Philadelphia/summaries/VSPdata/VSP2605-1.experiment.RData) /home/opt/R-3.4.0/bin/Rscript /home/everett/projects/SARS-CoV-2-Philadelphia/assemble.R --outputFile /home/everett/projects/SARS-CoV-2-Philadelphia/summaries/VSPdata/VSP2605-1.experiment.RData --workDir /home/everett/projects/SARS-CoV-2-Philadelphia/scratch/tmp.WgzSC7PgDcChFa3UU8ZTjbMX6w9bu4 --R1 /data/SARS-CoV-2/sequencing/210520_NS500618_0337_AHVYTNAFX2/VSP2605-1_S132_R1_001.fastq.gz --R2 /data/SARS-CoV-2/sequencing/210520_NS500618_0337_AHVYTNAFX2/VSP2605-1_S132_R2_001.fastq.gz

Completed VSP2605

Starting VSP2606 with 1 seq experiments.
Fri May 21 12:34:39 2021 (/home/everett/projects/SARS-CoV-2-Philadelphia/summaries/VSPdata/VSP2606-1.experiment.RData) /home/opt/R-3.4.0/bin/Rscript /home/everett/projects/SARS-CoV-2-Philadelphia/assemble.R --outputFile /home/everett/projects/SARS-CoV-2-Philadelphia/summaries/VSPdata/VSP2606-1.experiment.RData --workDir /home/everett/projects/SARS-CoV-2-Philadelphia/scratch/tmp.lHUNMJCIJ9RQ8cJEsmlFrXYjHkFb4Q --R1 /data/SARS-CoV-2/sequencing/210520_NS500618_0337_AHVYTNAFX2/VSP2606-1_S139_R1_001.fastq.gz --R2 /data/SARS-CoV-2/sequencing/210520_NS500618_0337_AHVYTNAFX2/VSP2606-1_S139_R2_001.fastq.gz

Completed VSP2606

Starting VSP2607 with 1 seq experiments.
Fri May 21 12:42:18 2021 (/home/everett/projects/SARS-CoV-2-Philadelphia/summaries/VSPdata/VSP2607-1.experiment.RData) /home/opt/R-3.4.0/bin/Rscript /home/everett/projects/SARS-CoV-2-Philadelphia/assemble.R --outputFile /home/everett/projects/SARS-CoV-2-Philadelphia/summaries/VSPdata/VSP2607-1.experiment.RData --workDir /home/everett/projects/SARS-CoV-2-Philadelphia/scratch/tmp.80FErBlXoHnBGzqoSyYTP6DlEIYMEQ --R1 /data/SARS-CoV-2/sequencing/210520_NS500618_0337_AHVYTNAFX2/VSP2607-1_S140_R1_001.fastq.gz --R2 /data/SARS-CoV-2/sequencing/210520_NS500618_0337_AHVYTNAFX2/VSP2607-1_S140_R2_001.fastq.gz

Completed VSP2607

Starting VSP2608 with 1 seq experiments.
Fri May 21 12:47:23 2021 (/home/everett/projects/SARS-CoV-2-Philadelphia/summaries/VSPdata/VSP2608-1.experiment.RData) /home/opt/R-3.4.0/bin/Rscript /home/everett/projects/SARS-CoV-2-Philadelphia/assemble.R --outputFile /home/everett/projects/SARS-CoV-2-Philadelphia/summaries/VSPdata/VSP2608-1.experiment.RData --workDir /home/everett/projects/SARS-CoV-2-Philadelphia/scratch/tmp.VFrQapRnnxC2e6gKFKMp5Ts2Stz9IG --R1 /data/SARS-CoV-2/sequencing/210520_NS500618_0337_AHVYTNAFX2/VSP2608-1_S141_R1_001.fastq.gz --R2 /data/SARS-CoV-2/sequencing/210520_NS500618_0337_AHVYTNAFX2/VSP2608-1_S141_R2_001.fastq.gz

Completed VSP2608

Starting VSP2609 with 1 seq experiments.
Fri May 21 12:53:41 2021 (/home/everett/projects/SARS-CoV-2-Philadelphia/summaries/VSPdata/VSP2609-1.experiment.RData) /home/opt/R-3.4.0/bin/Rscript /home/everett/projects/SARS-CoV-2-Philadelphia/assemble.R --outputFile /home/everett/projects/SARS-CoV-2-Philadelphia/summaries/VSPdata/VSP2609-1.experiment.RData --workDir /home/everett/projects/SARS-CoV-2-Philadelphia/scratch/tmp.sa90VNPty6N5aZ0Toxk4LFwwc2o7uU --R1 /data/SARS-CoV-2/sequencing/210520_NS500618_0337_AHVYTNAFX2/VSP2609-1_S142_R1_001.fastq.gz --R2 /data/SARS-CoV-2/sequencing/210520_NS500618_0337_AHVYTNAFX2/VSP2609-1_S142_R2_001.fastq.gz

Completed VSP2609

Starting VSP2610 with 1 seq experiments.
Fri May 21 12:59:34 2021 (/home/everett/projects/SARS-CoV-2-Philadelphia/summaries/VSPdata/VSP2610-1.experiment.RData) /home/opt/R-3.4.0/bin/Rscript /home/everett/projects/SARS-CoV-2-Philadelphia/assemble.R --outputFile /home/everett/projects/SARS-CoV-2-Philadelphia/summaries/VSPdata/VSP2610-1.experiment.RData --workDir /home/everett/projects/SARS-CoV-2-Philadelphia/scratch/tmp.JUlgDs5MEBgihO4E6E5ROy9NVBpQNO --R1 /data/SARS-CoV-2/sequencing/210520_NS500618_0337_AHVYTNAFX2/VSP2610-1_S143_R1_001.fastq.gz --R2 /data/SARS-CoV-2/sequencing/210520_NS500618_0337_AHVYTNAFX2/VSP2610-1_S143_R2_001.fastq.gz

Completed VSP2610

