Fri May 21 12:21:46 2021
Starting VSP2059 with 1 seq experiments.
Fri May 21 12:21:46 2021 (/home/everett/projects/SARS-CoV-2-Philadelphia/summaries/VSPdata/VSP2059-2.experiment.RData) /home/opt/R-3.4.0/bin/Rscript /home/everett/projects/SARS-CoV-2-Philadelphia/assemble.R --outputFile /home/everett/projects/SARS-CoV-2-Philadelphia/summaries/VSPdata/VSP2059-2.experiment.RData --workDir /home/everett/projects/SARS-CoV-2-Philadelphia/scratch/tmp.8EIas1fSTs0zpHi2oaSZYDtLUExbfV --R1 /data/SARS-CoV-2/sequencing/210520_NS500618_0337_AHVYTNAFX2/VSP2059-2_S68_R1_001.fastq.gz --R2 /data/SARS-CoV-2/sequencing/210520_NS500618_0337_AHVYTNAFX2/VSP2059-2_S68_R2_001.fastq.gz

Completed VSP2059

Starting VSP2060 with 1 seq experiments.
Fri May 21 12:26:21 2021 (/home/everett/projects/SARS-CoV-2-Philadelphia/summaries/VSPdata/VSP2060-2.experiment.RData) /home/opt/R-3.4.0/bin/Rscript /home/everett/projects/SARS-CoV-2-Philadelphia/assemble.R --outputFile /home/everett/projects/SARS-CoV-2-Philadelphia/summaries/VSPdata/VSP2060-2.experiment.RData --workDir /home/everett/projects/SARS-CoV-2-Philadelphia/scratch/tmp.ZSQKu4GhKNsicsSj4ulQJlO0K2PkLf --R1 /data/SARS-CoV-2/sequencing/210520_NS500618_0337_AHVYTNAFX2/VSP2060-2_S69_R1_001.fastq.gz --R2 /data/SARS-CoV-2/sequencing/210520_NS500618_0337_AHVYTNAFX2/VSP2060-2_S69_R2_001.fastq.gz

Completed VSP2060

Starting VSP2061 with 1 seq experiments.
Fri May 21 12:31:29 2021 (/home/everett/projects/SARS-CoV-2-Philadelphia/summaries/VSPdata/VSP2061-2.experiment.RData) /home/opt/R-3.4.0/bin/Rscript /home/everett/projects/SARS-CoV-2-Philadelphia/assemble.R --outputFile /home/everett/projects/SARS-CoV-2-Philadelphia/summaries/VSPdata/VSP2061-2.experiment.RData --workDir /home/everett/projects/SARS-CoV-2-Philadelphia/scratch/tmp.FhYj9LGO0jzGROvRHNyHB2WYBDML4R --R1 /data/SARS-CoV-2/sequencing/210520_NS500618_0337_AHVYTNAFX2/VSP2061-2_S70_R1_001.fastq.gz --R2 /data/SARS-CoV-2/sequencing/210520_NS500618_0337_AHVYTNAFX2/VSP2061-2_S70_R2_001.fastq.gz

Completed VSP2061

Starting VSP2062 with 1 seq experiments.
Fri May 21 12:36:27 2021 (/home/everett/projects/SARS-CoV-2-Philadelphia/summaries/VSPdata/VSP2062-2.experiment.RData) /home/opt/R-3.4.0/bin/Rscript /home/everett/projects/SARS-CoV-2-Philadelphia/assemble.R --outputFile /home/everett/projects/SARS-CoV-2-Philadelphia/summaries/VSPdata/VSP2062-2.experiment.RData --workDir /home/everett/projects/SARS-CoV-2-Philadelphia/scratch/tmp.1BcHIoLm3AJlGQRI6BziKL6bSZoyzv --R1 /data/SARS-CoV-2/sequencing/210520_NS500618_0337_AHVYTNAFX2/VSP2062-2_S71_R1_001.fastq.gz --R2 /data/SARS-CoV-2/sequencing/210520_NS500618_0337_AHVYTNAFX2/VSP2062-2_S71_R2_001.fastq.gz

Completed VSP2062

Starting VSP2063 with 1 seq experiments.
Fri May 21 12:41:35 2021 (/home/everett/projects/SARS-CoV-2-Philadelphia/summaries/VSPdata/VSP2063-2.experiment.RData) /home/opt/R-3.4.0/bin/Rscript /home/everett/projects/SARS-CoV-2-Philadelphia/assemble.R --outputFile /home/everett/projects/SARS-CoV-2-Philadelphia/summaries/VSPdata/VSP2063-2.experiment.RData --workDir /home/everett/projects/SARS-CoV-2-Philadelphia/scratch/tmp.Cco8Z9J8XOFH4wLOaPNB3ezHXpWh3r --R1 /data/SARS-CoV-2/sequencing/210520_NS500618_0337_AHVYTNAFX2/VSP2063-2_S72_R1_001.fastq.gz --R2 /data/SARS-CoV-2/sequencing/210520_NS500618_0337_AHVYTNAFX2/VSP2063-2_S72_R2_001.fastq.gz

Completed VSP2063

Starting VSP2064 with 1 seq experiments.
Fri May 21 12:47:43 2021 (/home/everett/projects/SARS-CoV-2-Philadelphia/summaries/VSPdata/VSP2064-2.experiment.RData) /home/opt/R-3.4.0/bin/Rscript /home/everett/projects/SARS-CoV-2-Philadelphia/assemble.R --outputFile /home/everett/projects/SARS-CoV-2-Philadelphia/summaries/VSPdata/VSP2064-2.experiment.RData --workDir /home/everett/projects/SARS-CoV-2-Philadelphia/scratch/tmp.UlV0X8KqapPXFSMaTSyVL1eCKMz8KU --R1 /data/SARS-CoV-2/sequencing/210520_NS500618_0337_AHVYTNAFX2/VSP2064-2_S73_R1_001.fastq.gz --R2 /data/SARS-CoV-2/sequencing/210520_NS500618_0337_AHVYTNAFX2/VSP2064-2_S73_R2_001.fastq.gz

Completed VSP2064

Starting VSP2065 with 1 seq experiments.
Fri May 21 12:53:12 2021 (/home/everett/projects/SARS-CoV-2-Philadelphia/summaries/VSPdata/VSP2065-2.experiment.RData) /home/opt/R-3.4.0/bin/Rscript /home/everett/projects/SARS-CoV-2-Philadelphia/assemble.R --outputFile /home/everett/projects/SARS-CoV-2-Philadelphia/summaries/VSPdata/VSP2065-2.experiment.RData --workDir /home/everett/projects/SARS-CoV-2-Philadelphia/scratch/tmp.nJWa3DByp4mgY6qEfzA7wmgvdPzsP5 --R1 /data/SARS-CoV-2/sequencing/210520_NS500618_0337_AHVYTNAFX2/VSP2065-2_S74_R1_001.fastq.gz --R2 /data/SARS-CoV-2/sequencing/210520_NS500618_0337_AHVYTNAFX2/VSP2065-2_S74_R2_001.fastq.gz

Completed VSP2065

