Fri May 21 12:21:46 2021
Starting VSP1435 with 1 seq experiments.
Fri May 21 12:21:46 2021 (/home/everett/projects/SARS-CoV-2-Philadelphia/summaries/VSPdata/VSP1435-1.experiment.RData) /home/opt/R-3.4.0/bin/Rscript /home/everett/projects/SARS-CoV-2-Philadelphia/assemble.R --outputFile /home/everett/projects/SARS-CoV-2-Philadelphia/summaries/VSPdata/VSP1435-1.experiment.RData --workDir /home/everett/projects/SARS-CoV-2-Philadelphia/scratch/tmp.0CgeghJMHdCflw8CJ7nGbrFOnWGvG3 --R1 /data/SARS-CoV-2/sequencing/210520_NS500618_0337_AHVYTNAFX2/VSP1435-1_S172_R1_001.fastq.gz --R2 /data/SARS-CoV-2/sequencing/210520_NS500618_0337_AHVYTNAFX2/VSP1435-1_S172_R2_001.fastq.gz

Completed VSP1435

Starting VSP1439 with 1 seq experiments.
Fri May 21 12:24:45 2021 (/home/everett/projects/SARS-CoV-2-Philadelphia/summaries/VSPdata/VSP1439-1.experiment.RData) /home/opt/R-3.4.0/bin/Rscript /home/everett/projects/SARS-CoV-2-Philadelphia/assemble.R --outputFile /home/everett/projects/SARS-CoV-2-Philadelphia/summaries/VSPdata/VSP1439-1.experiment.RData --workDir /home/everett/projects/SARS-CoV-2-Philadelphia/scratch/tmp.KP8wdLoq7OlmKyOGdkw8wwVBwt1EnW --R1 /data/SARS-CoV-2/sequencing/210520_NS500618_0337_AHVYTNAFX2/VSP1439-1_S99_R1_001.fastq.gz --R2 /data/SARS-CoV-2/sequencing/210520_NS500618_0337_AHVYTNAFX2/VSP1439-1_S99_R2_001.fastq.gz

Completed VSP1439

Starting VSP1443 with 1 seq experiments.
Fri May 21 12:30:44 2021 (/home/everett/projects/SARS-CoV-2-Philadelphia/summaries/VSPdata/VSP1443-1.experiment.RData) /home/opt/R-3.4.0/bin/Rscript /home/everett/projects/SARS-CoV-2-Philadelphia/assemble.R --outputFile /home/everett/projects/SARS-CoV-2-Philadelphia/summaries/VSPdata/VSP1443-1.experiment.RData --workDir /home/everett/projects/SARS-CoV-2-Philadelphia/scratch/tmp.hyKeMII3Qy3IA3Oi49Bck2plPpczIs --R1 /data/SARS-CoV-2/sequencing/210520_NS500618_0337_AHVYTNAFX2/VSP1443-1_S184_R1_001.fastq.gz --R2 /data/SARS-CoV-2/sequencing/210520_NS500618_0337_AHVYTNAFX2/VSP1443-1_S184_R2_001.fastq.gz

Completed VSP1443

Starting VSP1721 with 1 seq experiments.
Fri May 21 12:33:16 2021 (/home/everett/projects/SARS-CoV-2-Philadelphia/summaries/VSPdata/VSP1721-1.experiment.RData) /home/opt/R-3.4.0/bin/Rscript /home/everett/projects/SARS-CoV-2-Philadelphia/assemble.R --outputFile /home/everett/projects/SARS-CoV-2-Philadelphia/summaries/VSPdata/VSP1721-1.experiment.RData --workDir /home/everett/projects/SARS-CoV-2-Philadelphia/scratch/tmp.LvCPs1HEOOKHnG6UfSHwSIWv6qi6zb --R1 /data/SARS-CoV-2/sequencing/210520_NS500618_0337_AHVYTNAFX2/VSP1721-1_S160_R1_001.fastq.gz --R2 /data/SARS-CoV-2/sequencing/210520_NS500618_0337_AHVYTNAFX2/VSP1721-1_S160_R2_001.fastq.gz

Completed VSP1721

Starting VSP1736 with 1 seq experiments.
Fri May 21 12:37:40 2021 (/home/everett/projects/SARS-CoV-2-Philadelphia/summaries/VSPdata/VSP1736-1.experiment.RData) /home/opt/R-3.4.0/bin/Rscript /home/everett/projects/SARS-CoV-2-Philadelphia/assemble.R --outputFile /home/everett/projects/SARS-CoV-2-Philadelphia/summaries/VSPdata/VSP1736-1.experiment.RData --workDir /home/everett/projects/SARS-CoV-2-Philadelphia/scratch/tmp.1wQ3vKZqMn0hcG5ibR4NN6MDt6e5UV --R1 /data/SARS-CoV-2/sequencing/210520_NS500618_0337_AHVYTNAFX2/VSP1736-1_S148_R1_001.fastq.gz --R2 /data/SARS-CoV-2/sequencing/210520_NS500618_0337_AHVYTNAFX2/VSP1736-1_S148_R2_001.fastq.gz

Completed VSP1736

Starting VSP1923 with 1 seq experiments.
Fri May 21 12:42:14 2021 (/home/everett/projects/SARS-CoV-2-Philadelphia/summaries/VSPdata/VSP1923-2.experiment.RData) /home/opt/R-3.4.0/bin/Rscript /home/everett/projects/SARS-CoV-2-Philadelphia/assemble.R --outputFile /home/everett/projects/SARS-CoV-2-Philadelphia/summaries/VSPdata/VSP1923-2.experiment.RData --workDir /home/everett/projects/SARS-CoV-2-Philadelphia/scratch/tmp.kH07CQnhxtALrLTIPGxDPVKj9r7eOe --R1 /data/SARS-CoV-2/sequencing/210520_NS500618_0337_AHVYTNAFX2/VSP1923-2_S1_R1_001.fastq.gz --R2 /data/SARS-CoV-2/sequencing/210520_NS500618_0337_AHVYTNAFX2/VSP1923-2_S1_R2_001.fastq.gz

Completed VSP1923

Starting VSP1969 with 1 seq experiments.
Fri May 21 12:46:15 2021 (/home/everett/projects/SARS-CoV-2-Philadelphia/summaries/VSPdata/VSP1969-2.experiment.RData) /home/opt/R-3.4.0/bin/Rscript /home/everett/projects/SARS-CoV-2-Philadelphia/assemble.R --outputFile /home/everett/projects/SARS-CoV-2-Philadelphia/summaries/VSPdata/VSP1969-2.experiment.RData --workDir /home/everett/projects/SARS-CoV-2-Philadelphia/scratch/tmp.NzEUx4w5iTznFnRzc7DWLHyCzDt85m --R1 /data/SARS-CoV-2/sequencing/210520_NS500618_0337_AHVYTNAFX2/VSP1969-2_S2_R1_001.fastq.gz --R2 /data/SARS-CoV-2/sequencing/210520_NS500618_0337_AHVYTNAFX2/VSP1969-2_S2_R2_001.fastq.gz

Completed VSP1969

Starting VSP1970 with 1 seq experiments.
Fri May 21 12:53:29 2021 (/home/everett/projects/SARS-CoV-2-Philadelphia/summaries/VSPdata/VSP1970-2.experiment.RData) /home/opt/R-3.4.0/bin/Rscript /home/everett/projects/SARS-CoV-2-Philadelphia/assemble.R --outputFile /home/everett/projects/SARS-CoV-2-Philadelphia/summaries/VSPdata/VSP1970-2.experiment.RData --workDir /home/everett/projects/SARS-CoV-2-Philadelphia/scratch/tmp.4FhtfuKfPvRYHKHSqPI3yTF2XuRwj1 --R1 /data/SARS-CoV-2/sequencing/210520_NS500618_0337_AHVYTNAFX2/VSP1970-2_S3_R1_001.fastq.gz --R2 /data/SARS-CoV-2/sequencing/210520_NS500618_0337_AHVYTNAFX2/VSP1970-2_S3_R2_001.fastq.gz

Completed VSP1970

