Fri May 21 12:21:46 2021
Starting VSP2036 with 1 seq experiments.
Fri May 21 12:21:46 2021 (/home/everett/projects/SARS-CoV-2-Philadelphia/summaries/VSPdata/VSP2036-2.experiment.RData) /home/opt/R-3.4.0/bin/Rscript /home/everett/projects/SARS-CoV-2-Philadelphia/assemble.R --outputFile /home/everett/projects/SARS-CoV-2-Philadelphia/summaries/VSPdata/VSP2036-2.experiment.RData --workDir /home/everett/projects/SARS-CoV-2-Philadelphia/scratch/tmp.FlarKWtgHcgw2ptxntDv9mBibePkrv --R1 /data/SARS-CoV-2/sequencing/210520_NS500618_0337_AHVYTNAFX2/VSP2036-2_S43_R1_001.fastq.gz --R2 /data/SARS-CoV-2/sequencing/210520_NS500618_0337_AHVYTNAFX2/VSP2036-2_S43_R2_001.fastq.gz

Completed VSP2036

Starting VSP2037 with 1 seq experiments.
Fri May 21 12:26:11 2021 (/home/everett/projects/SARS-CoV-2-Philadelphia/summaries/VSPdata/VSP2037-2.experiment.RData) /home/opt/R-3.4.0/bin/Rscript /home/everett/projects/SARS-CoV-2-Philadelphia/assemble.R --outputFile /home/everett/projects/SARS-CoV-2-Philadelphia/summaries/VSPdata/VSP2037-2.experiment.RData --workDir /home/everett/projects/SARS-CoV-2-Philadelphia/scratch/tmp.nWboyekueXnkjI1Mk60GZ5sADcFYt6 --R1 /data/SARS-CoV-2/sequencing/210520_NS500618_0337_AHVYTNAFX2/VSP2037-2_S44_R1_001.fastq.gz --R2 /data/SARS-CoV-2/sequencing/210520_NS500618_0337_AHVYTNAFX2/VSP2037-2_S44_R2_001.fastq.gz

Completed VSP2037

Starting VSP2038 with 1 seq experiments.
Fri May 21 12:31:41 2021 (/home/everett/projects/SARS-CoV-2-Philadelphia/summaries/VSPdata/VSP2038-2.experiment.RData) /home/opt/R-3.4.0/bin/Rscript /home/everett/projects/SARS-CoV-2-Philadelphia/assemble.R --outputFile /home/everett/projects/SARS-CoV-2-Philadelphia/summaries/VSPdata/VSP2038-2.experiment.RData --workDir /home/everett/projects/SARS-CoV-2-Philadelphia/scratch/tmp.6r1FH74h4TEQThj1tpQFxrTWwv5SVD --R1 /data/SARS-CoV-2/sequencing/210520_NS500618_0337_AHVYTNAFX2/VSP2038-2_S45_R1_001.fastq.gz --R2 /data/SARS-CoV-2/sequencing/210520_NS500618_0337_AHVYTNAFX2/VSP2038-2_S45_R2_001.fastq.gz

Completed VSP2038

Starting VSP2039 with 1 seq experiments.
Fri May 21 12:37:56 2021 (/home/everett/projects/SARS-CoV-2-Philadelphia/summaries/VSPdata/VSP2039-2.experiment.RData) /home/opt/R-3.4.0/bin/Rscript /home/everett/projects/SARS-CoV-2-Philadelphia/assemble.R --outputFile /home/everett/projects/SARS-CoV-2-Philadelphia/summaries/VSPdata/VSP2039-2.experiment.RData --workDir /home/everett/projects/SARS-CoV-2-Philadelphia/scratch/tmp.vJTChPKwJ5OFmyvc8FoNUGj5hvWPKV --R1 /data/SARS-CoV-2/sequencing/210520_NS500618_0337_AHVYTNAFX2/VSP2039-2_S46_R1_001.fastq.gz --R2 /data/SARS-CoV-2/sequencing/210520_NS500618_0337_AHVYTNAFX2/VSP2039-2_S46_R2_001.fastq.gz

Completed VSP2039

Starting VSP2040 with 1 seq experiments.
Fri May 21 12:44:43 2021 (/home/everett/projects/SARS-CoV-2-Philadelphia/summaries/VSPdata/VSP2040-2.experiment.RData) /home/opt/R-3.4.0/bin/Rscript /home/everett/projects/SARS-CoV-2-Philadelphia/assemble.R --outputFile /home/everett/projects/SARS-CoV-2-Philadelphia/summaries/VSPdata/VSP2040-2.experiment.RData --workDir /home/everett/projects/SARS-CoV-2-Philadelphia/scratch/tmp.spWpjeVae553b9NmhBDrleOXqcIOUN --R1 /data/SARS-CoV-2/sequencing/210520_NS500618_0337_AHVYTNAFX2/VSP2040-2_S49_R1_001.fastq.gz --R2 /data/SARS-CoV-2/sequencing/210520_NS500618_0337_AHVYTNAFX2/VSP2040-2_S49_R2_001.fastq.gz

Completed VSP2040

Starting VSP2041 with 1 seq experiments.
Fri May 21 12:45:34 2021 (/home/everett/projects/SARS-CoV-2-Philadelphia/summaries/VSPdata/VSP2041-2.experiment.RData) /home/opt/R-3.4.0/bin/Rscript /home/everett/projects/SARS-CoV-2-Philadelphia/assemble.R --outputFile /home/everett/projects/SARS-CoV-2-Philadelphia/summaries/VSPdata/VSP2041-2.experiment.RData --workDir /home/everett/projects/SARS-CoV-2-Philadelphia/scratch/tmp.2O0E0BCoF6Mcyx96CkFsUFw4XrdSQV --R1 /data/SARS-CoV-2/sequencing/210520_NS500618_0337_AHVYTNAFX2/VSP2041-2_S50_R1_001.fastq.gz --R2 /data/SARS-CoV-2/sequencing/210520_NS500618_0337_AHVYTNAFX2/VSP2041-2_S50_R2_001.fastq.gz

Completed VSP2041

Starting VSP2042 with 1 seq experiments.
Fri May 21 12:47:49 2021 (/home/everett/projects/SARS-CoV-2-Philadelphia/summaries/VSPdata/VSP2042-2.experiment.RData) /home/opt/R-3.4.0/bin/Rscript /home/everett/projects/SARS-CoV-2-Philadelphia/assemble.R --outputFile /home/everett/projects/SARS-CoV-2-Philadelphia/summaries/VSPdata/VSP2042-2.experiment.RData --workDir /home/everett/projects/SARS-CoV-2-Philadelphia/scratch/tmp.6mGxsvAXNiuIPbQ0fn9EVWAsXc0Mif --R1 /data/SARS-CoV-2/sequencing/210520_NS500618_0337_AHVYTNAFX2/VSP2042-2_S51_R1_001.fastq.gz --R2 /data/SARS-CoV-2/sequencing/210520_NS500618_0337_AHVYTNAFX2/VSP2042-2_S51_R2_001.fastq.gz

Completed VSP2042

Starting VSP2043 with 1 seq experiments.
Fri May 21 12:53:31 2021 (/home/everett/projects/SARS-CoV-2-Philadelphia/summaries/VSPdata/VSP2043-2.experiment.RData) /home/opt/R-3.4.0/bin/Rscript /home/everett/projects/SARS-CoV-2-Philadelphia/assemble.R --outputFile /home/everett/projects/SARS-CoV-2-Philadelphia/summaries/VSPdata/VSP2043-2.experiment.RData --workDir /home/everett/projects/SARS-CoV-2-Philadelphia/scratch/tmp.OCfC1bBqCmsTISfIwHGVXT2uuynpIl --R1 /data/SARS-CoV-2/sequencing/210520_NS500618_0337_AHVYTNAFX2/VSP2043-2_S52_R1_001.fastq.gz --R2 /data/SARS-CoV-2/sequencing/210520_NS500618_0337_AHVYTNAFX2/VSP2043-2_S52_R2_001.fastq.gz

Completed VSP2043

