Fri May 21 12:21:45 2021
Starting VSP2711 with 1 seq experiments.
Fri May 21 12:21:45 2021 (/home/everett/projects/SARS-CoV-2-Philadelphia/summaries/VSPdata/VSP2711-1.experiment.RData) /home/opt/R-3.4.0/bin/Rscript /home/everett/projects/SARS-CoV-2-Philadelphia/assemble.R --outputFile /home/everett/projects/SARS-CoV-2-Philadelphia/summaries/VSPdata/VSP2711-1.experiment.RData --workDir /home/everett/projects/SARS-CoV-2-Philadelphia/scratch/tmp.bJk4fOHfeCDbOAbzuOudfPjf0hraFA --R1 /data/SARS-CoV-2/sequencing/210520_NS500618_0337_AHVYTNAFX2/VSP2711-1_S161_R1_001.fastq.gz --R2 /data/SARS-CoV-2/sequencing/210520_NS500618_0337_AHVYTNAFX2/VSP2711-1_S161_R2_001.fastq.gz

Completed VSP2711

Starting VSP3000 with 3 seq experiments.
Fri May 21 12:23:04 2021 (/home/everett/projects/SARS-CoV-2-Philadelphia/summaries/VSPdata/VSP3000.composite.RData) /home/opt/R-3.4.0/bin/Rscript /home/everett/projects/SARS-CoV-2-Philadelphia/assemble.R --outputFile /home/everett/projects/SARS-CoV-2-Philadelphia/summaries/VSPdata/VSP3000.composite.RData --workDir /home/everett/projects/SARS-CoV-2-Philadelphia/scratch/tmp.xsPNARlZugjWiBW1GnIMzs2wbs18qv --softwareDir /home/everett/projects/SARS-CoV-2-Philadelphia --R1 /data/SARS-CoV-2/sequencing/210520_NS500618_0337_AHVYTNAFX2/VSP3000-1_S192_R1_001.fastq.gz,/data/SARS-CoV-2/sequencing/210520_NS500618_0337_AHVYTNAFX2/VSP3000-2_S114_R1_001.fastq.gz,/data/SARS-CoV-2/sequencing/210520_NS500618_0337_AHVYTNAFX2/VSP3000-3_S95_R1_001.fastq.gz --R2 /data/SARS-CoV-2/sequencing/210520_NS500618_0337_AHVYTNAFX2/VSP3000-1_S192_R2_001.fastq.gz,/data/SARS-CoV-2/sequencing/210520_NS500618_0337_AHVYTNAFX2/VSP3000-2_S114_R2_001.fastq.gz,/data/SARS-CoV-2/sequencing/210520_NS500618_0337_AHVYTNAFX2/VSP3000-3_S95_R2_001.fastq.gz

Fri May 21 12:54:04 2021 (/home/everett/projects/SARS-CoV-2-Philadelphia/summaries/VSPdata/VSP3000-1.experiment.RData) /home/opt/R-3.4.0/bin/Rscript /home/everett/projects/SARS-CoV-2-Philadelphia/assemble.R --outputFile /home/everett/projects/SARS-CoV-2-Philadelphia/summaries/VSPdata/VSP3000-1.experiment.RData --workDir /home/everett/projects/SARS-CoV-2-Philadelphia/scratch/tmp.vaVQTSkFjqRfF3eMebDKUGCTxBoP8o --R1 /data/SARS-CoV-2/sequencing/210520_NS500618_0337_AHVYTNAFX2/VSP3000-1_S192_R1_001.fastq.gz --R2 /data/SARS-CoV-2/sequencing/210520_NS500618_0337_AHVYTNAFX2/VSP3000-1_S192_R2_001.fastq.gz

Fri May 21 13:00:46 2021 (/home/everett/projects/SARS-CoV-2-Philadelphia/summaries/VSPdata/VSP3000-2.experiment.RData) /home/opt/R-3.4.0/bin/Rscript /home/everett/projects/SARS-CoV-2-Philadelphia/assemble.R --outputFile /home/everett/projects/SARS-CoV-2-Philadelphia/summaries/VSPdata/VSP3000-2.experiment.RData --workDir /home/everett/projects/SARS-CoV-2-Philadelphia/scratch/tmp.kWdDQU75MdOfsrTbUMhtXLpj344nOy --R1 /data/SARS-CoV-2/sequencing/210520_NS500618_0337_AHVYTNAFX2/VSP3000-2_S114_R1_001.fastq.gz --R2 /data/SARS-CoV-2/sequencing/210520_NS500618_0337_AHVYTNAFX2/VSP3000-2_S114_R2_001.fastq.gz

Fri May 21 13:12:24 2021 (/home/everett/projects/SARS-CoV-2-Philadelphia/summaries/VSPdata/VSP3000-3.experiment.RData) /home/opt/R-3.4.0/bin/Rscript /home/everett/projects/SARS-CoV-2-Philadelphia/assemble.R --outputFile /home/everett/projects/SARS-CoV-2-Philadelphia/summaries/VSPdata/VSP3000-3.experiment.RData --workDir /home/everett/projects/SARS-CoV-2-Philadelphia/scratch/tmp.ioMRDfJ5tVvNbEoIf6htOrx9ZHyP0x --R1 /data/SARS-CoV-2/sequencing/210520_NS500618_0337_AHVYTNAFX2/VSP3000-3_S95_R1_001.fastq.gz --R2 /data/SARS-CoV-2/sequencing/210520_NS500618_0337_AHVYTNAFX2/VSP3000-3_S95_R2_001.fastq.gz

Completed VSP3000

Starting VSP9922 with 1 seq experiments.
Fri May 21 13:13:51 2021 (/home/everett/projects/SARS-CoV-2-Philadelphia/summaries/VSPdata/VSP9922-1.experiment.RData) /home/opt/R-3.4.0/bin/Rscript /home/everett/projects/SARS-CoV-2-Philadelphia/assemble.R --outputFile /home/everett/projects/SARS-CoV-2-Philadelphia/summaries/VSPdata/VSP9922-1.experiment.RData --workDir /home/everett/projects/SARS-CoV-2-Philadelphia/scratch/tmp.xrRnL39rvjwO61xG4fYtSgsMIFOwgS --R1 /data/SARS-CoV-2/sequencing/210520_NS500618_0337_AHVYTNAFX2/VSP9922-1_S96_R1_001.fastq.gz --R2 /data/SARS-CoV-2/sequencing/210520_NS500618_0337_AHVYTNAFX2/VSP9922-1_S96_R2_001.fastq.gz

Completed VSP9922

Starting VSP9923 with 1 seq experiments.
Fri May 21 13:14:04 2021 (/home/everett/projects/SARS-CoV-2-Philadelphia/summaries/VSPdata/VSP9923-1.experiment.RData) /home/opt/R-3.4.0/bin/Rscript /home/everett/projects/SARS-CoV-2-Philadelphia/assemble.R --outputFile /home/everett/projects/SARS-CoV-2-Philadelphia/summaries/VSPdata/VSP9923-1.experiment.RData --workDir /home/everett/projects/SARS-CoV-2-Philadelphia/scratch/tmp.RwNoUFvfupF7e818nAdkrGaVsuu5lx --R1 /data/SARS-CoV-2/sequencing/210520_NS500618_0337_AHVYTNAFX2/VSP9923-1_S48_R1_001.fastq.gz --R2 /data/SARS-CoV-2/sequencing/210520_NS500618_0337_AHVYTNAFX2/VSP9923-1_S48_R2_001.fastq.gz

Completed VSP9923

Starting VSP9925 with 1 seq experiments.
Fri May 21 13:14:16 2021 (/home/everett/projects/SARS-CoV-2-Philadelphia/summaries/VSPdata/VSP9925-1.experiment.RData) /home/opt/R-3.4.0/bin/Rscript /home/everett/projects/SARS-CoV-2-Philadelphia/assemble.R --outputFile /home/everett/projects/SARS-CoV-2-Philadelphia/summaries/VSPdata/VSP9925-1.experiment.RData --workDir /home/everett/projects/SARS-CoV-2-Philadelphia/scratch/tmp.qyLbc4QdUI3evNx8OMB5cpE8QHBT0V --R1 /data/SARS-CoV-2/sequencing/210520_NS500618_0337_AHVYTNAFX2/VSP9925-1_S102_R1_001.fastq.gz --R2 /data/SARS-CoV-2/sequencing/210520_NS500618_0337_AHVYTNAFX2/VSP9925-1_S102_R2_001.fastq.gz

Completed VSP9925

Starting VSP9926 with 1 seq experiments.
Fri May 21 13:15:31 2021 (/home/everett/projects/SARS-CoV-2-Philadelphia/summaries/VSPdata/VSP9926-1.experiment.RData) /home/opt/R-3.4.0/bin/Rscript /home/everett/projects/SARS-CoV-2-Philadelphia/assemble.R --outputFile /home/everett/projects/SARS-CoV-2-Philadelphia/summaries/VSPdata/VSP9926-1.experiment.RData --workDir /home/everett/projects/SARS-CoV-2-Philadelphia/scratch/tmp.VujvvpYlNfqYvryjOq7bzbrfHpMMLM --R1 /data/SARS-CoV-2/sequencing/210520_NS500618_0337_AHVYTNAFX2/VSP9926-1_S191_R1_001.fastq.gz --R2 /data/SARS-CoV-2/sequencing/210520_NS500618_0337_AHVYTNAFX2/VSP9926-1_S191_R2_001.fastq.gz

Completed VSP9926

Starting VSP9927 with 1 seq experiments.
Fri May 21 13:15:44 2021 (/home/everett/projects/SARS-CoV-2-Philadelphia/summaries/VSPdata/VSP9927-1.experiment.RData) /home/opt/R-3.4.0/bin/Rscript /home/everett/projects/SARS-CoV-2-Philadelphia/assemble.R --outputFile /home/everett/projects/SARS-CoV-2-Philadelphia/summaries/VSPdata/VSP9927-1.experiment.RData --workDir /home/everett/projects/SARS-CoV-2-Philadelphia/scratch/tmp.jmSrsyiNBn4fm3vPou6xSCrPQJ0wce --R1 /data/SARS-CoV-2/sequencing/210520_NS500618_0337_AHVYTNAFX2/VSP9927-1_S190_R1_001.fastq.gz --R2 /data/SARS-CoV-2/sequencing/210520_NS500618_0337_AHVYTNAFX2/VSP9927-1_S190_R2_001.fastq.gz

Completed VSP9927

